[    0.000000] Linux version 4.15.0-70-generic (buildd@lgw01-amd64-055) (gcc version 7.4.0 (Ubuntu 7.4.0-1ubuntu1~18.04.1)) #79-Ubuntu SMP Tue Nov 12 10:36:11 UTC 2019 (Ubuntu 4.15.0-70.79-generic 4.15.18)
[    0.000000] Command line: BOOT_IMAGE=/boot/vmlinuz-4.15.0-70-generic root=LABEL=cloudimg-rootfs ro console=tty1 console=ttyS0
[    0.000000] KERNEL supported cpus:
[    0.000000]   Intel GenuineIntel
[    0.000000]   AMD AuthenticAMD
[    0.000000]   Centaur CentaurHauls
[    0.000000] x86/fpu: Supporting XSAVE feature 0x001: 'x87 floating point registers'
[    0.000000] x86/fpu: Supporting XSAVE feature 0x002: 'SSE registers'
[    0.000000] x86/fpu: Supporting XSAVE feature 0x004: 'AVX registers'
[    0.000000] x86/fpu: xstate_offset[2]:  576, xstate_sizes[2]:  256
[    0.000000] x86/fpu: Enabled xstate features 0x7, context size is 832 bytes, using 'standard' format.
[    0.000000] e820: BIOS-provided physical RAM map:
[    0.000000] BIOS-e820: [mem 0x0000000000000000-0x000000000009fbff] usable
[    0.000000] BIOS-e820: [mem 0x000000000009fc00-0x000000000009ffff] reserved
[    0.000000] BIOS-e820: [mem 0x00000000000f0000-0x00000000000fffff] reserved
[    0.000000] BIOS-e820: [mem 0x0000000000100000-0x00000000dffeffff] usable
[    0.000000] BIOS-e820: [mem 0x00000000dfff0000-0x00000000dfffffff] ACPI data
[    0.000000] BIOS-e820: [mem 0x00000000fec00000-0x00000000fec00fff] reserved
[    0.000000] BIOS-e820: [mem 0x00000000fee00000-0x00000000fee00fff] reserved
[    0.000000] BIOS-e820: [mem 0x00000000fffc0000-0x00000000ffffffff] reserved
[    0.000000] BIOS-e820: [mem 0x0000000100000000-0x000000011fffffff] usable
[    0.000000] NX (Execute Disable) protection: active
[    0.000000] SMBIOS 2.5 present.
[    0.000000] DMI: innotek GmbH VirtualBox/VirtualBox, BIOS VirtualBox 12/01/2006
[    0.000000] Hypervisor detected: KVM
[    0.000000] e820: last_pfn = 0x120000 max_arch_pfn = 0x400000000
[    0.000000] MTRR: Disabled
[    0.000000] x86/PAT: MTRRs disabled, skipping PAT initialization too.
[    0.000000] CPU MTRRs all blank - virtualized system.
[    0.000000] x86/PAT: Configuration [0-7]: WB  WT  UC- UC  WB  WT  UC- UC  
[    0.000000] e820: last_pfn = 0xdfff0 max_arch_pfn = 0x400000000
[    0.000000] found SMP MP-table at [mem 0x0009fff0-0x0009ffff]
[    0.000000] Scanning 1 areas for low memory corruption
[    0.000000] RAMDISK: [mem 0x35a8b000-0x36d3cfff]
[    0.000000] ACPI: Early table checksum verification disabled
[    0.000000] ACPI: RSDP 0x00000000000E0000 000024 (v02 VBOX  )
[    0.000000] ACPI: XSDT 0x00000000DFFF0030 00003C (v01 VBOX   VBOXXSDT 00000001 ASL  00000061)
[    0.000000] ACPI: FACP 0x00000000DFFF00F0 0000F4 (v04 VBOX   VBOXFACP 00000001 ASL  00000061)
[    0.000000] ACPI: DSDT 0x00000000DFFF0480 0022EA (v02 VBOX   VBOXBIOS 00000002 INTL 20100528)
[    0.000000] ACPI: FACS 0x00000000DFFF0200 000040
[    0.000000] ACPI: FACS 0x00000000DFFF0200 000040
[    0.000000] ACPI: APIC 0x00000000DFFF0240 00006C (v02 VBOX   VBOXAPIC 00000001 ASL  00000061)
[    0.000000] ACPI: SSDT 0x00000000DFFF02B0 0001CC (v01 VBOX   VBOXCPUT 00000002 INTL 20100528)
[    0.000000] No NUMA configuration found
[    0.000000] Faking a node at [mem 0x0000000000000000-0x000000011fffffff]
[    0.000000] NODE_DATA(0) allocated [mem 0x11ffd1000-0x11fffbfff]
[    0.000000] kvm-clock: cpu 0, msr 1:1ff50001, primary cpu clock
[    0.000000] kvm-clock: Using msrs 4b564d01 and 4b564d00
[    0.000000] kvm-clock: using sched offset of 3835579124 cycles
[    0.000000] clocksource: kvm-clock: mask: 0xffffffffffffffff max_cycles: 0x1cd42e4dffb, max_idle_ns: 881590591483 ns
[    0.000000] Zone ranges:
[    0.000000]   DMA      [mem 0x0000000000001000-0x0000000000ffffff]
[    0.000000]   DMA32    [mem 0x0000000001000000-0x00000000ffffffff]
[    0.000000]   Normal   [mem 0x0000000100000000-0x000000011fffffff]
[    0.000000]   Device   empty
[    0.000000] Movable zone start for each node
[    0.000000] Early memory node ranges
[    0.000000]   node   0: [mem 0x0000000000001000-0x000000000009efff]
[    0.000000]   node   0: [mem 0x0000000000100000-0x00000000dffeffff]
[    0.000000]   node   0: [mem 0x0000000100000000-0x000000011fffffff]
[    0.000000] Reserved but unavailable: 98 pages
[    0.000000] Initmem setup node 0 [mem 0x0000000000001000-0x000000011fffffff]
[    0.000000] ACPI: PM-Timer IO Port: 0x4008
[    0.000000] IOAPIC[0]: apic_id 4, version 32, address 0xfec00000, GSI 0-23
[    0.000000] ACPI: INT_SRC_OVR (bus 0 bus_irq 0 global_irq 2 dfl dfl)
[    0.000000] ACPI: INT_SRC_OVR (bus 0 bus_irq 9 global_irq 9 low level)
[    0.000000] Using ACPI (MADT) for SMP configuration information
[    0.000000] smpboot: Allowing 4 CPUs, 0 hotplug CPUs
[    0.000000] PM: Registered nosave memory: [mem 0x00000000-0x00000fff]
[    0.000000] PM: Registered nosave memory: [mem 0x0009f000-0x0009ffff]
[    0.000000] PM: Registered nosave memory: [mem 0x000a0000-0x000effff]
[    0.000000] PM: Registered nosave memory: [mem 0x000f0000-0x000fffff]
[    0.000000] PM: Registered nosave memory: [mem 0xdfff0000-0xdfffffff]
[    0.000000] PM: Registered nosave memory: [mem 0xe0000000-0xfebfffff]
[    0.000000] PM: Registered nosave memory: [mem 0xfec00000-0xfec00fff]
[    0.000000] PM: Registered nosave memory: [mem 0xfec01000-0xfedfffff]
[    0.000000] PM: Registered nosave memory: [mem 0xfee00000-0xfee00fff]
[    0.000000] PM: Registered nosave memory: [mem 0xfee01000-0xfffbffff]
[    0.000000] PM: Registered nosave memory: [mem 0xfffc0000-0xffffffff]
[    0.000000] e820: [mem 0xe0000000-0xfebfffff] available for PCI devices
[    0.000000] Booting paravirtualized kernel on KVM
[    0.000000] clocksource: refined-jiffies: mask: 0xffffffff max_cycles: 0xffffffff, max_idle_ns: 7645519600211568 ns
[    0.000000] random: get_random_bytes called from start_kernel+0x99/0x4fd with crng_init=0
[    0.000000] setup_percpu: NR_CPUS:8192 nr_cpumask_bits:4 nr_cpu_ids:4 nr_node_ids:1
[    0.000000] percpu: Embedded 45 pages/cpu s147456 r8192 d28672 u524288
[    0.000000] PV qspinlock hash table entries: 256 (order: 0, 4096 bytes)
[    0.000000] Built 1 zonelists, mobility grouping on.  Total pages: 1032057
[    0.000000] Policy zone: Normal
[    0.000000] Kernel command line: BOOT_IMAGE=/boot/vmlinuz-4.15.0-70-generic root=LABEL=cloudimg-rootfs ro console=tty1 console=ttyS0
[    0.000000] Memory: 4013692K/4193848K available (12300K kernel code, 2481K rwdata, 4264K rodata, 2432K init, 2388K bss, 180156K reserved, 0K cma-reserved)
[    0.000000] SLUB: HWalign=64, Order=0-3, MinObjects=0, CPUs=4, Nodes=1
[    0.000000] Kernel/User page tables isolation: enabled
[    0.000000] ftrace: allocating 39315 entries in 154 pages
[    0.004000] Hierarchical RCU implementation.
[    0.004000] 	RCU restricting CPUs from NR_CPUS=8192 to nr_cpu_ids=4.
[    0.004000] 	Tasks RCU enabled.
[    0.004000] RCU: Adjusting geometry for rcu_fanout_leaf=16, nr_cpu_ids=4
[    0.004000] NR_IRQS: 524544, nr_irqs: 456, preallocated irqs: 16
[    0.004000] Console: colour VGA+ 80x25
[    0.004000] console [tty1] enabled
[    0.004000] console [ttyS0] enabled
[    0.004000] ACPI: Core revision 20170831
[    0.004000] ACPI: 2 ACPI AML tables successfully acquired and loaded
[    0.004000] APIC: Switch to symmetric I/O mode setup
[    0.004000] x2apic enabled
[    0.004000] Switched APIC routing to physical x2apic.
[    0.004000] ..TIMER: vector=0x30 apic1=0 pin1=2 apic2=-1 pin2=-1
[    0.004003] tsc: Detected 2592.000 MHz processor
[    0.004803] Calibrating delay loop (skipped) preset value.. 5184.00 BogoMIPS (lpj=10368000)
[    0.005504] pid_max: default: 32768 minimum: 301
[    0.008030] Security Framework initialized
[    0.008772] Yama: becoming mindful.
[    0.009410] AppArmor: AppArmor initialized
[    0.014667] Dentry cache hash table entries: 524288 (order: 10, 4194304 bytes)
[    0.018548] Inode-cache hash table entries: 262144 (order: 9, 2097152 bytes)
[    0.020018] Mount-cache hash table entries: 8192 (order: 4, 65536 bytes)
[    0.021276] Mountpoint-cache hash table entries: 8192 (order: 4, 65536 bytes)
[    0.022872] Last level iTLB entries: 4KB 64, 2MB 8, 4MB 8
[    0.024002] Last level dTLB entries: 4KB 64, 2MB 0, 4MB 0, 1GB 4
[    0.025159] Spectre V1 : Mitigation: usercopy/swapgs barriers and __user pointer sanitization
[    0.026911] Spectre V2 : Mitigation: Full generic retpoline
[    0.027972] Spectre V2 : Spectre v2 / SpectreRSB mitigation: Filling RSB on context switch
[    0.028002] Speculative Store Bypass: Vulnerable
[    0.029041] MDS: Mitigation: Clear CPU buffers
[    0.030095] Freeing SMP alternatives memory: 36K
[    0.142042] smpboot: CPU0: Intel(R) Core(TM) i7-9750H CPU @ 2.60GHz (family: 0x6, model: 0x9e, stepping: 0xa)
[    0.144000] Performance Events: unsupported p6 CPU model 158 no PMU driver, software events only.
[    0.144000] Hierarchical SRCU implementation.
[    0.144467] NMI watchdog: Perf event create on CPU 0 failed with -2
[    0.145655] NMI watchdog: Perf NMI watchdog permanently disabled
[    0.146830] smp: Bringing up secondary CPUs ...
[    0.150459] x86: Booting SMP configuration:
[    0.151317] .... node  #0, CPUs:      #1
[    0.004000] kvm-clock: cpu 1, msr 1:1ff50041, secondary cpu clock
[    0.156067]  #2
[    0.004000] kvm-clock: cpu 2, msr 1:1ff50081, secondary cpu clock
[    0.159541]  #3
[    0.004000] kvm-clock: cpu 3, msr 1:1ff500c1, secondary cpu clock
[    0.163228] smp: Brought up 1 node, 4 CPUs
[    0.164002] smpboot: Max logical packages: 1
[    0.164851] smpboot: Total of 4 processors activated (20736.00 BogoMIPS)
[    0.168191] devtmpfs: initialized
[    0.172049] x86/mm: Memory block size: 128MB
[    0.173280] evm: security.selinux
[    0.174027] evm: security.SMACK64
[    0.174688] evm: security.SMACK64EXEC
[    0.175603] evm: security.SMACK64TRANSMUTE
[    0.176002] evm: security.SMACK64MMAP
[    0.176749] evm: security.apparmor
[    0.177427] evm: security.ima
[    0.178104] evm: security.capability
[    0.178937] clocksource: jiffies: mask: 0xffffffff max_cycles: 0xffffffff, max_idle_ns: 7645041785100000 ns
[    0.180007] futex hash table entries: 1024 (order: 4, 65536 bytes)
[    0.181557] pinctrl core: initialized pinctrl subsystem
[    0.184019] RTC time:  2:45:19, date: 11/22/19
[    0.185275] NET: Registered protocol family 16
[    0.186174] audit: initializing netlink subsys (disabled)
[    0.187228] audit: type=2000 audit(1574390725.077:1): state=initialized audit_enabled=0 res=1
[    0.188005] cpuidle: using governor ladder
[    0.188894] cpuidle: using governor menu
[    0.189709] ACPI: bus type PCI registered
[    0.190576] acpiphp: ACPI Hot Plug PCI Controller Driver version: 0.5
[    0.192083] PCI: Using configuration type 1 for base access
[    0.193200] HugeTLB registered 2.00 MiB page size, pre-allocated 0 pages
[    0.200078] ACPI: Added _OSI(Module Device)
[    0.200936] ACPI: Added _OSI(Processor Device)
[    0.201822] ACPI: Added _OSI(3.0 _SCP Extensions)
[    0.202759] ACPI: Added _OSI(Processor Aggregator Device)
[    0.204014] ACPI: Added _OSI(Linux-Dell-Video)
[    0.204949] ACPI: Added _OSI(Linux-Lenovo-NV-HDMI-Audio)
[    0.205970] ACPI: Added _OSI(Linux-HPI-Hybrid-Graphics)
[    0.207480] ACPI: Executed 1 blocks of module-level executable AML code
[    0.212548] ACPI: Interpreter enabled
[    0.213291] ACPI: (supports S0 S5)
[    0.214035] ACPI: Using IOAPIC for interrupt routing
[    0.215281] PCI: Using host bridge windows from ACPI; if necessary, use "pci=nocrs" and report a bug
[    0.216161] ACPI: Enabled 2 GPEs in block 00 to 07
[    0.224384] ACPI: PCI Root Bridge [PCI0] (domain 0000 [bus 00-ff])
[    0.225617] acpi PNP0A03:00: _OSC: OS supports [ASPM ClockPM Segments MSI]
[    0.227443] acpi PNP0A03:00: _OSC: not requesting OS control; OS requires [ExtendedConfig ASPM ClockPM MSI]
[    0.228010] acpi PNP0A03:00: fail to add MMCONFIG information, can't access extended PCI configuration space under this bridge.
[    0.230468] PCI host bridge to bus 0000:00
[    0.232003] pci_bus 0000:00: root bus resource [io  0x0000-0x0cf7 window]
[    0.233403] pci_bus 0000:00: root bus resource [io  0x0d00-0xffff window]
[    0.236003] pci_bus 0000:00: root bus resource [mem 0x000a0000-0x000bffff window]
[    0.237467] pci_bus 0000:00: root bus resource [mem 0xe0000000-0xfdffffff window]
[    0.238994] pci_bus 0000:00: root bus resource [bus 00-ff]
[    0.241862] pci 0000:00:01.1: legacy IDE quirk: reg 0x10: [io  0x01f0-0x01f7]
[    0.243214] pci 0000:00:01.1: legacy IDE quirk: reg 0x14: [io  0x03f6]
[    0.244002] pci 0000:00:01.1: legacy IDE quirk: reg 0x18: [io  0x0170-0x0177]
[    0.245443] pci 0000:00:01.1: legacy IDE quirk: reg 0x1c: [io  0x0376]
[    0.279052] pci 0000:00:07.0: quirk: [io  0x4000-0x403f] claimed by PIIX4 ACPI
[    0.280014] pci 0000:00:07.0: quirk: [io  0x4100-0x410f] claimed by PIIX4 SMB
[    0.305497] ACPI: PCI Interrupt Link [LNKA] (IRQs 5 9 10 *11)
[    0.307749] ACPI: PCI Interrupt Link [LNKB] (IRQs 5 9 *10 11)
[    0.308165] ACPI: PCI Interrupt Link [LNKC] (IRQs 5 *9 10 11)
[    0.309586] ACPI: PCI Interrupt Link [LNKD] (IRQs 5 9 10 *11)
[    0.312339] SCSI subsystem initialized
[    0.313170] pci 0000:00:02.0: vgaarb: setting as boot VGA device
[    0.313537] pci 0000:00:02.0: vgaarb: VGA device added: decodes=io+mem,owns=io+mem,locks=none
[    0.316006] pci 0000:00:02.0: vgaarb: bridge control possible
[    0.317072] vgaarb: loaded
[    0.317694] ACPI: bus type USB registered
[    0.318547] usbcore: registered new interface driver usbfs
[    0.320011] usbcore: registered new interface driver hub
[    0.321144] usbcore: registered new device driver usb
[    0.322448] EDAC MC: Ver: 3.0.0
[    0.324268] PCI: Using ACPI for IRQ routing
[    0.325115] NetLabel: Initializing
[    0.325756] NetLabel:  domain hash size = 128
[    0.326557] NetLabel:  protocols = UNLABELED CIPSOv4 CALIPSO
[    0.328020] NetLabel:  unlabeled traffic allowed by default
[    0.329888] clocksource: Switched to clocksource kvm-clock
[    0.344447] VFS: Disk quotas dquot_6.6.0
[    0.345199] VFS: Dquot-cache hash table entries: 512 (order 0, 4096 bytes)
[    0.346493] AppArmor: AppArmor Filesystem Enabled
[    0.347302] pnp: PnP ACPI init
[    0.348947] pnp: PnP ACPI: found 3 devices
[    0.359908] clocksource: acpi_pm: mask: 0xffffff max_cycles: 0xffffff, max_idle_ns: 2085701024 ns
[    0.361668] NET: Registered protocol family 2
[    0.362570] TCP established hash table entries: 32768 (order: 6, 262144 bytes)
[    0.364019] TCP bind hash table entries: 32768 (order: 7, 524288 bytes)
[    0.367553] TCP: Hash tables configured (established 32768 bind 32768)
[    0.368675] UDP hash table entries: 2048 (order: 4, 65536 bytes)
[    0.369682] UDP-Lite hash table entries: 2048 (order: 4, 65536 bytes)
[    0.371087] NET: Registered protocol family 1
[    0.371840] pci 0000:00:00.0: Limiting direct PCI/PCI transfers
[    0.372854] pci 0000:00:01.0: Activating ISA DMA hang workarounds
[    0.373893] pci 0000:00:02.0: Video device with shadowed ROM at [mem 0x000c0000-0x000dffff]
[    0.375467] Unpacking initramfs...
[    0.665038] Freeing initrd memory: 19144K
[    0.665891] PCI-DMA: Using software bounce buffering for IO (SWIOTLB)
[    0.667450] software IO TLB: mapped [mem 0xdbff0000-0xdfff0000] (64MB)
[    0.668873] clocksource: tsc: mask: 0xffffffffffffffff max_cycles: 0x255cb6cc5db, max_idle_ns: 440795203504 ns
[    0.670959] platform rtc_cmos: registered platform RTC device (no PNP device found)
[    0.672457] Scanning for low memory corruption every 60 seconds
[    0.674578] Initialise system trusted keyrings
[    0.675572] Key type blacklist registered
[    0.676635] workingset: timestamp_bits=36 max_order=20 bucket_order=0
[    0.678783] zbud: loaded
[    0.679953] squashfs: version 4.0 (2009/01/31) Phillip Lougher
[    0.681425] fuse init (API version 7.26)
[    0.685681] Key type asymmetric registered
[    0.686552] Asymmetric key parser 'x509' registered
[    0.687494] Block layer SCSI generic (bsg) driver version 0.4 loaded (major 246)
[    0.689060] io scheduler noop registered
[    0.689831] io scheduler deadline registered
[    0.690828] io scheduler cfq registered (default)
[    0.692196] ACPI: AC Adapter [AC] (on-line)
[    0.693542] input: Power Button as /devices/LNXSYSTM:00/LNXPWRBN:00/input/input0
[    0.695001] ACPI: Power Button [PWRF]
[    0.695723] input: Sleep Button as /devices/LNXSYSTM:00/LNXSLPBN:00/input/input1
[    0.697261] ACPI: Sleep Button [SLPF]
[    0.699008] ACPI: Battery Slot [BAT0] (battery present)
[    0.700388] Serial: 8250/16550 driver, 32 ports, IRQ sharing enabled
   0.722703] 00:02: ttyS0 at I/O 0x3f8 (irq = 4, base_baud = 115200) is a 16550A
[    0.783752] Linux agpgart interface v0.103
[    0.786373] loop: module loaded
[    0.787520] scsi host0: ata_piix
[    0.788550] scsi host1: ata_piix
[    0.789289] ata1: PATA max UDMA/33 cmd 0x1f0 ctl 0x3f6 bmdma 0xd000 irq 14
[    0.790471] ata2: PATA max UDMA/33 cmd 0x170 ctl 0x376 bmdma 0xd008 irq 15
[    0.791700] libphy: Fixed MDIO Bus: probed
[    0.792505] tun: Universal TUN/TAP device driver, 1.6
[    0.793631] PPP generic driver version 2.4.2
[    0.794562] ehci_hcd: USB 2.0 'Enhanced' Host Controller (EHCI) Driver
[    0.795674] ehci-pci: EHCI PCI platform driver
[    0.796564] ehci-platform: EHCI generic platform driver
[    0.797595] ohci_hcd: USB 1.1 'Open' Host Controller (OHCI) Driver
[    0.798601] ohci-pci: OHCI PCI platform driver
[    0.799372] ohci-platform: OHCI generic platform driver
[    0.800368] uhci_hcd: USB Universal Host Controller Interface driver
[    0.801439] i8042: PNP: PS/2 Controller [PNP0303:PS2K,PNP0f03:PS2M] at 0x60,0x64 irq 1,12
[    0.803235] serio: i8042 KBD port at 0x60,0x64 irq 1
[    0.804241] serio: i8042 AUX port at 0x60,0x64 irq 12
[    0.805504] mousedev: PS/2 mouse device common for all mice
[    0.827093] rtc_cmos rtc_cmos: rtc core: registered rtc_cmos as rtc0
[    0.827219] input: AT Translated Set 2 keyboard as /devices/platform/i8042/serio0/input/input2
[    0.828270] rtc_cmos rtc_cmos: alarms up to one day, 114 bytes nvram
[    0.830784] i2c /dev entries driver
[    0.831465] device-mapper: uevent: version 1.0.3
[    0.832445] device-mapper: ioctl: 4.37.0-ioctl (2017-09-20) initialised: dm-devel@redhat.com
[    0.834211] ledtrig-cpu: registered to indicate activity on CPUs
[    0.835839] NET: Registered protocol family 10
[    0.840560] Segment Routing with IPv6
[    0.841303] NET: Registered protocol family 17
[    0.842185] Key type dns_resolver registered
[    0.846289] mce: Using 0 MCE banks
[    0.847013] RAS: Correctable Errors collector initialized.
[    0.848075] sched_clock: Marking stable (848042739, 0)->(1196453828, -348411089)
[    0.850900] registered taskstats version 1
[    0.851672] Loading compiled-in X.509 certificates
[    0.855228] Loaded X.509 cert 'Build time autogenerated kernel key: 1859b0531897959199376c446a0bd70df75fd1fc'
[    0.857202] zswap: loaded using pool lzo/zbud
[    0.862781] Key type big_key registered
[    0.863485] Key type trusted registered
[    0.865968] Key type encrypted registered
[    0.866673] AppArmor: AppArmor sha1 policy hashing enabled
[    0.867609] ima: No TPM chip found, activating TPM-bypass! (rc=-19)
[    0.868810] ima: Allocated hash algorithm: sha1
[    0.869762] evm: HMAC attrs: 0x1
[    0.870663]   Magic number: 11:130:764
[    0.871395] event_source breakpoint: hash matches
[    0.872324] rtc_cmos rtc_cmos: setting system clock to 2019-11-22 02:45:20 UTC (1574390720)
[    0.873930] BIOS EDD facility v0.16 2004-Jun-25, 0 devices found
[    0.874976] EDD information not available.
[    0.959264] Freeing unused kernel image memory: 2432K
[    0.974621] Write protecting the kernel read-only data: 20480k
[    0.977899] Freeing unused kernel image memory: 2008K
[    0.980425] Freeing unused kernel image memory: 1880K
[    0.994081] x86/mm: Checked W+X mappings: passed, no W+X pages found.
[    0.995752] x86/mm: Checking user space page tables
[    1.004522] x86/mm: Checked W+X mappings: passed, no W+X pages found.
Loading, please wait...
starting version 237
[    1.068734] e1000: Intel(R) PRO/1000 Network Driver - version 7.3.21-k8-NAPI
[    1.070488] e1000: Copyright (c) 1999-2006 Intel Corporation.
[    1.080017] AVX2 version of gcm_enc/dec engaged.
[    1.080329] Fusion MPT base driver 3.04.20
[    1.081074] AES CTR mode by8 optimization enabled
[    1.081927] Copyright (c) 1999-2008 LSI Corporation
[    1.091110] Fusion MPT SPI Host driver 3.04.20
[    1.284312] input: ImExPS/2 Generic Explorer Mouse as /devices/platform/i8042/serio1/input/input4
[    1.478379] e1000 0000:00:03.0 eth0: (PCI:33MHz:32-bit) 02:00:53:70:0f:50
[    1.479826] e1000 0000:00:03.0 eth0: Intel(R) PRO/1000 Network Connection
[    1.482209] mptbase: ioc0: Initiating bringup
[    1.602065] ioc0: LSI53C1030 A0: Capabilities={Initiator}
[    2.028941] scsi host2: ioc0: LSI53C1030 A0, FwRev=00000000h, Ports=1, MaxQ=256, IRQ=20
[    2.689886] scsi 2:0:0:0: Direct-Access     VBOX     HARDDISK         1.0  PQ: 0 ANSI: 5
[    2.736345] scsi target2:0:0: Beginning Domain Validation
[    2.752607] scsi target2:0:0: Domain Validation skipping write tests
[    2.756950] scsi target2:0:0: Ending Domain Validation
[    2.759263] scsi target2:0:0: asynchronous
[    2.762360] scsi 2:0:1:0: Direct-Access     VBOX     HARDDISK         1.0  PQ: 0 ANSI: 5
[    3.044125] scsi target2:0:1: Beginning Domain Validation
[    3.047135] random: fast init done
[    3.048277] scsi target2:0:1: Domain Validation skipping write tests
[    3.049564] scsi target2:0:1: Ending Domain Validation
[    3.050631] scsi target2:0:1: asynchronous
[    3.055035] random: systemd-udevd: uninitialized urandom read (16 bytes read)
[    3.056546] random: systemd-udevd: uninitialized urandom read (16 bytes read)
[    3.059140] random: systemd-udevd: uninitialized urandom read (16 bytes read)
[    3.060825] sd 2:0:0:0: Attached scsi generic sg0 type 0
[    3.061390] sd 2:0:0:0: [sda] 251658240 512-byte logical blocks: (129 GB/120 GiB)
[    3.062411] sd 2:0:1:0: Attached scsi generic sg1 type 0
[    3.062925] sd 2:0:1:0: [sdb] 20480 512-byte logical blocks: (10.5 MB/10.0 MiB)
[    3.063109] sd 2:0:1:0: [sdb] Write Protect is off
[    3.063397] sd 2:0:1:0: [sdb] Incomplete mode parameter data
[    3.063398] sd 2:0:1:0: [sdb] Assuming drive cache: write through
[    3.063735] sd 2:0:0:0: [sda] Write Protect is off
[    3.066747] sd 2:0:1:0: [sdb] Attached SCSI disk
[    3.072088] sd 2:0:0:0: [sda] Incomplete mode parameter data
[    3.073155] sd 2:0:0:0: [sda] Assuming drive cache: write through
[    3.076531]  sda: sda1
[    3.078274] sd 2:0:0:0: [sda] Attached SCSI disk
[    3.113478] e1000 0000:00:08.0 eth1: (PCI:33MHz:32-bit) 08:00:27:94:85:ab
[    3.114888] e1000 0000:00:08.0 eth1: Intel(R) PRO/1000 Network Connection
[    3.117664] e1000 0000:00:03.0 enp0s3: renamed from eth0
[    3.140975] e1000 0000:00:08.0 enp0s8: renamed from eth1
Begin: Loading essential drivers ... [    4.756101] raid6: sse2x1   gen() 12552 MB/s
[    4.804041] raid6: sse2x1   xor()  8901 MB/s
[    4.852071] raid6: sse2x2   gen() 14061 MB/s
[    4.900135] raid6: sse2x2   xor() 10356 MB/s
[    4.948137] raid6: sse2x4   gen() 18560 MB/s
[    4.996114] raid6: sse2x4   xor() 11564 MB/s
[    5.044086] raid6: avx2x1   gen() 26004 MB/s
[    5.092134] raid6: avx2x1   xor() 18071 MB/s
[    5.140120] raid6: avx2x2   gen() 30613 MB/s
[    5.188069] raid6: avx2x2   xor() 19212 MB/s
[    5.236147] raid6: avx2x4   gen() 34274 MB/s
[    5.284064] raid6: avx2x4   xor() 20930 MB/s
[    5.285296] raid6: using algorithm avx2x4 gen() 34274 MB/s
[    5.286485] raid6: .... xor() 20930 MB/s, rmw enabled
[    5.287570] raid6: using avx2x2 recovery algorithm
[    5.290013] xor: automatically using best checksumming function   avx       
[    5.292624] async_tx: api initialized (async)
done.
Begin: Running /scripts/init-premount ... done.
Begin: Mounting root file system ... Begin: Running /scripts/local-top ... done.
Begin: Running /scripts/local-premount ... [    5.335319] Btrfs loaded, crc32c=crc32c-intel
Scanning for Btrfs filesystems
done.
Warning: fsck not present, so skipping root file system
[    5.366400] EXT4-fs (sda1): mounted filesystem with ordered data mode. Opts: (null)
done.
Begin: Running /scripts/local-bottom ... done.
Begin: Running /scripts/init-bottom ... done.
[    5.692584] ip_tables: (C) 2000-2006 Netfilter Core Team
[    5.752320] systemd[1]: systemd 237 running in system mode. (+PAM +AUDIT +SELINUX +IMA +APPARMOR +SMACK +SYSVINIT +UTMP +LIBCRYPTSETUP +GCRYPT +GNUTLS +ACL +XZ +LZ4 +SECCOMP +BLKID +ELFUTILS +KMOD -IDN2 +IDN -PCRE2 default-hierarchy=hybrid)
[    5.764031] systemd[1]: Detected virtualization oracle.
[    5.767259] systemd[1]: Detected architecture x86-64.

Welcome to [1mUbuntu 18.04.3 LTS[0m!

[    5.797689] systemd[1]: Set hostname to <microk8s>.
[    6.490435] systemd[1]: Reached target User and Group Name Lookups.
[[0;32m  OK  [0m] Reached target User and Group Name Lookups.
[    6.496771] systemd[1]: Created slice System Slice.
[[0;32m  OK  [0m] Created slice System Slice.
[    6.498266] systemd[1]: Listening on Device-mapper event daemon FIFOs.
[[0;32m  OK  [0m] Listening on Device-mapper event daemon FIFOs.
[    6.500061] systemd[1]: Listening on LVM2 poll daemon socket.
[[0;32m  OK  [0m] Listening on LVM2 poll daemon socket.
[    6.501914] systemd[1]: Created slice User and Session Slice.
[[0;32m  OK  [0m] Created slice User and Session Slice.
[    6.503455] systemd[1]: Reached target Slices.
[[0;32m  OK  [0m] Reached target Slices.
[[0;32m  OK  [0m] Listening on udev Kernel Socket.
[[0;32m  OK  [0m] Listening on Syslog Socket.
[[0;32m  OK  [0m] Reached target Swap.
[[0;32m  OK  [0m] Started Forward Password Requests to Wall Directory Watch.
[[0;32m  OK  [0m] Listening on LVM2 metadata daemon socket.
[[0;32m  OK  [0m] Listening on Journal Audit Socket.
[[0;32m  OK  [0m] Listening on udev Control Socket.
[[0;32m  OK  [0m] Set up automount Arbitrary Executab…rmats File System Automount Point.
[[0;32m  OK  [0m] Reached target System Time Synchronized.
[[0;32m  OK  [0m] Created slice system-serial\x2dgetty.slice.
[[0;32m  OK  [0m] Listening on /dev/initctl Compatibility Named Pipe.
[[0;32m  OK  [0m] Listening on Journal Socket.
         Starting Set the console keyboard layout...
         Starting udev Coldplug all Devices...
         Starting Load Kernel Modules...
         Starting Remount Root and Kernel File Systems...
         Mounting Huge Pages File System...
         Mounting Kernel Debug File System...
         Starting Uncomplicated firewall...
         Mounting POSIX Message Queue File System...
         Starting Create list of required st…ce nodes for the current kernel...
[[0;32m  OK  [0m] Listening on Network Service Netlink Socket.
[[0;32m  OK  [0m] Listening on Journal Socket (/dev/log).
[    6.760336] Loading iSCSI transport class v2.0-870.
         Starting Journal Service...
         Starting Monitoring of LVM2 mirrors…ng dmeventd or progress polling...
[    6.769023] iscsi: registered transport (tcp)
[[0;32m  OK  [0m] Started Uncomplicated firewall.
[    6.789783] EXT4-fs (sda1): re-mounted. Opts: (null)
[[0;32m  OK  [0m] Started Remount Root and Kernel File Systems.
[[0;32m  OK  [0m] Mounted Huge Pages File System.
[[0;32m  OK  [0m] Mounted Kernel Debug File System.
[    6.832147] iscsi: registered transport (iser)
[[0;32m  OK  [0m] Mounted POSIX Message Queue File System.
[[0;32m  OK  [0m] Started Create list of required sta…vice nodes for the current kernel.
[[0;32m  OK  [0m] Started Load Kernel Modules.
[[0;32m  OK  [0m] Started udev Coldplug all Devices.
[[0;32m  OK  [0m] Started Journal Service.
[[0;32m  OK  [0m] Started LVM2 metadata daemon.
         Mounting Kernel Configuration File System...
         Mounting FUSE Control File System...
         Starting Apply Kernel Variables...
         Starting Create Static Device Nodes in /dev...
         Starting Load/Save Random Seed...
         Starting Flush Journal to Persistent Storage...
[[0;32m  OK  [0m] Started Monitoring of LVM2 mirrors,…sing dmeventd or progress polling.
[[0;32m  OK  [0m] Mounted Kernel Configuration File System.
[[0;32m  OK  [0m] Mounted FUSE Control File System.
[[0;32m  OK  [0m] Started Create Static Device Nodes in /dev.
[[0;32m  OK  [0m] Started Load/Save Random Seed.
[[0;32m  OK  [0m] Started Apply Kernel Variables.
         Starting udev Kernel Device Manager...
[[0;32m  OK  [0m] Started udev Kernel Device Manager.
[[0;32m  OK  [0m] Started Flush Journal to Persistent Storage.
[[0;32m  OK  [0m] Found device /dev/ttyS0.
[[0;32m  OK  [0m] Listening on Load/Save RF Kill Switch Status /dev/rfkill Watch.
[[0;32m  OK  [0m] Started Set the console keyboard layout.
[[0;32m  OK  [0m] Reached target Local File Systems (Pre).
[[0;32m  OK  [0m] Reached target Local File Systems.
         Starting Set console font and keymap...
         Starting AppArmor initialization...
         Starting Create Volatile Files and Directories...
         Starting ebtables ruleset management...
         Starting Tell Plymouth To Write Out Runtime Data...
[[0;32m  OK  [0m] Started Dispatch Password Requests to Console Directory Watch.
[[0;32m  OK  [0m] Reached target Local Encrypted Volumes.
[[0;32m  OK  [0m] Started Set console font and keymap.
[[0;32m  OK  [0m] Started Create Volatile Files and Directories.
         Starting Update UTMP about System Boot/Shutdown...
[[0;32m  OK  [0m] Started Tell Plymouth To Write Out Runtime Data.
[[0;32m  OK  [0m] Started Update UTMP about System Boot/Shutdown.
[[0;32m  OK  [0m] Started ebtables ruleset management.
[[0;32m  OK  [0m] Started AppArmor initialization.
         Starting Initial cloud-init job (pre-networking)...
[    9.787837] cloud-init[727]: Cloud-init v. 19.2-36-g059d049c-0ubuntu2~18.04.1 running 'init-local' at Fri, 22 Nov 2019 02:45:28 +0000. Up 8.87 seconds.
[[0;32m  OK  [0m] Started Initial cloud-init job (pre-networking).
[[0;32m  OK  [0m] Reached target Network (Pre).
         Starting Network Service...
[[0;32m  OK  [0m] Started Network Service.
         Starting Network Name Resolution...
         Starting Wait for Network to be Configured...
[[0;32m  OK  [0m] Started Network Name Resolution.
[[0;32m  OK  [0m] Reached target Host and Network Name Lookups.
[[0;32m  OK  [0m] Reached target Network.
[[0;32m  OK  [0m] Started Wait for Network to be Configured.
         Starting Initial cloud-init job (metadata service crawler)...
[   12.068859] cloud-init[835]: Cloud-init v. 19.2-36-g059d049c-0ubuntu2~18.04.1 running 'init' at Fri, 22 Nov 2019 02:45:31 +0000. Up 11.86 seconds.
[   12.080346] cloud-init[835]: ci-info: ++++++++++++++++++++++++++++++++++++++Net device info+++++++++++++++++++++++++++++++++++++++
[   12.081767] cloud-init[835]: ci-info: +--------+------+-----------------------------+---------------+--------+-------------------+
[   12.083120] cloud-init[835]: ci-info: | Device |  Up  |           Address           |      Mask     | Scope  |     Hw-Address    |
[   12.084606] cloud-init[835]: ci-info: +--------+------+-----------------------------+---------------+--------+-------------------+
[   12.085991] cloud-init[835]: ci-info: | enp0s3 | True |          10.0.2.15          | 255.255.255.0 | global | 02:00:53:70:0f:50 |
[   12.087481] cloud-init[835]: ci-info: | enp0s3 | True |    fe80::53ff:fe70:f50/64   |       .       |  link  | 02:00:53:70:0f:50 |
[   12.089052] cloud-init[835]: ci-info: | enp0s8 | True |       192.168.137.150       | 255.255.255.0 | global | 08:00:27:94:85:ab |
[   12.090412] cloud-init[835]: ci-info: | enp0s8 | True | fe80::a00:27ff:fe94:85ab/64 |       .       |  link  | 08:00:27:94:85:ab |
[   12.091784] cloud-init[835]: ci-info: |   lo   | True |          127.0.0.1          |   255.0.0.0   |  host  |         .         |
[   12.104446] cloud-init[835]: ci-info: |   lo   | True |           ::1/128           |       .       |  host  |         .         |
[   12.106032] cloud-init[835]: ci-info: +--------+------+-----------------------------+---------------+--------+-------------------+
[   12.116127] cloud-init[835]: ci-info: +++++++++++++++++++++++++++++Route IPv4 info++++++++++++++++++++++++++++++
[   12.117152] cloud-init[835]: ci-info: +-------+---------------+----------+-----------------+-----------+-------+
[   12.121139] cloud-init[835]: ci-info: | Route |  Destination  | Gateway  |     Genmask     | Interface | Flags |
[   12.122930] cloud-init[835]: ci-info: +-------+---------------+----------+-----------------+-----------+-------+
[   12.125574] cloud-init[835]: ci-info: |   0   |    0.0.0.0    | 10.0.2.2 |     0.0.0.0     |   enp0s3  |   UG  |
[   12.126677] cloud-init[835]: ci-info: |   1   |    10.0.2.0   | 0.0.0.0  |  255.255.255.0  |   enp0s3  |   U   |
[   12.136381] cloud-init[835]: ci-info: |   2   |    10.0.2.2   | 0.0.0.0  | 255.255.255.255 |   enp0s3  |   UH  |
[   12.137731] cloud-init[835]: ci-info: |   3   | 192.168.137.0 | 0.0.0.0  |  255.255.255.0  |   enp0s8  |   U   |
[   12.139019] cloud-init[835]: ci-info: +-------+---------------+----------+-----------------+-----------+-------+
[   12.140418] cloud-init[835]: ci-info: +++++++++++++++++++Route IPv6 info+++++++++++++++++++
[   12.141604] cloud-init[835]: ci-info: +-------+-------------+---------+-----------+-------+
[   12.142821] cloud-init[835]: ci-info: | Route | Destination | Gateway | Interface | Flags |
[   12.144093] cloud-init[835]: ci-info: +-------+-------------+---------+-----------+-------+
[   12.156192] cloud-init[835]: ci-info: |   1   |  fe80::/64  |    ::   |   enp0s8  |   U   |
[   12.168332] cloud-init[835]: ci-info: |   2   |  fe80::/64  |    ::   |   enp0s3  |   U   |
[   12.176602] cloud-init[835]: ci-info: |   4   |    local    |    ::   |   enp0s3  |   U   |
[   12.188808] cloud-init[835]: ci-info: |   5   |    local    |    ::   |   enp0s8  |   U   |
[   12.189641] cloud-init[835]: ci-info: |   6   |   ff00::/8  |    ::   |   enp0s8  |   U   |
[   12.190432] cloud-init[835]: ci-info: |   7   |   ff00::/8  |    ::   |   enp0s3  |   U   |
[   12.191294] cloud-init[835]: ci-info: +-------+-------------+---------+-----------+-------+
[[0;32m  OK  [0m] Started Initial cloud-init job (metadata service crawler).
[[0;32m  OK  [0m] Reached target System Initialization.
         Starting LXD - unix socket.
[[0;32m  OK  [0m] Started Daily Cleanup of Temporary Directories.
[[0;32m  OK  [0m] Listening on UUID daemon activation socket.
[[0;32m  OK  [0m] Started Discard unused blocks once a week.
[[0;32m  OK  [0m] Listening on D-Bus System Message Bus Socket.
[[0;32m  OK  [0m] Listening on ACPID Listen Socket.
         Starting Socket activation for snappy daemon.
[[0;32m  OK  [0m] Started Daily apt download activities.
[[0;32m  OK  [0m] Started Daily apt upgrade and clean activities.
[[0;32m  OK  [0m] Listening on Open-iSCSI iscsid Socket.
[[0;32m  OK  [0m] Started Message of the Day.
[[0;32m  OK  [0m] Reached target Timers.
[[0;32m  OK  [0m] Started ACPI Events Check.
[[0;32m  OK  [0m] Reached target Paths.
[[0;32m  OK  [0m] Reached target Network is Online.
         Starting Availability of block devices...
[[0;32m  OK  [0m] Reached target Remote File Systems (Pre).
[[0;32m  OK  [0m] Reached target Remote File Systems.
[[0;32m  OK  [0m] Reached target Cloud-config availability.
[[0;32m  OK  [0m] Listening on LXD - unix socket.
[[0;32m  OK  [0m] Listening on Socket activation for snappy daemon.
[[0;32m  OK  [0m] Started Availability of block devices.
[[0;32m  OK  [0m] Reached target Sockets.
[[0;32m  OK  [0m] Reached target Basic System.
[[0;32m  OK  [0m] Started Deferred execution scheduler.
         Starting LSB: automatic crash report generation...
[[0;32m  OK  [0m] Started Regular background program processing daemon.
[[0;32m  OK  [0m] Started FUSE filesystem for LXC.
         Starting Virtualbox guest utils...
         Starting Snappy daemon...
         Starting Accounts Service...
         Starting LSB: Record successful boot for GRUB...
         Starting System Logging Service...
[[0;32m  OK  [0m] Started irqbalance daemon.
[[0;32m  OK  [0m] Started D-Bus System Message Bus.
         Starting Login Service...
         Starting OpenBSD Secure Shell server...
         Starting Dispatcher daemon for systemd-networkd...
         Starting Permit User Sessions...
         Starting LXD - container startup/shutdown...
[[0;32m  OK  [0m] Started System Logging Service.
[[0;32m  OK  [0m] Started OpenBSD Secure Shell server.
[[0;32m  OK  [0m] Started Permit User Sessions.
[[0;32m  OK  [0m] Started Login Service.
[[0;32m  OK  [0m] Started Unattended Upgrades Shutdown.
         Starting Hold until boot process finishes up...
         Starting Terminate Plymouth Boot Screen...
         Starting Authorization Manager...
[[0;32m  OK  [0m] Started Hold until boot process finishes up.
[[0;32m  OK  [0m] Started Terminate Plymouth Boot Screen.
[[0;32m  OK  [0m] Started Serial Getty on ttyS0.
         Starting Set console scheme...
[[0;32m  OK  [0m] Started Snappy daemon.
         Starting Wait until snapd is fully seeded...
[[0;32m  OK  [0m] Started Authorization Manager.
[[0;32m  OK  [0m] Started Accounts Service.
[[0;32m  OK  [0m] Started Set console scheme.
[[0;32m  OK  [0m] Created slice system-getty.slice.
[[0;32m  OK  [0m] Started Getty on tty1.
[[0;32m  OK  [0m] Reached target Login Prompts.
[[0;32m  OK  [0m] Started Wait until snapd is fully seeded.
[[0;32m  OK  [0m] Started LSB: automatic crash report generation.
         Starting Apply the settings specified in cloud-config...
[[0;32m  OK  [0m] Started Virtualbox guest utils.
[[0;32m  OK  [0m] Started LSB: Record successful boot for GRUB.
[[0;32m  OK  [0m] Created slice User Slice of vagrant.
[[0;32m  OK  [0m] Started LXD - container startup/shutdown.
[[0;32m  OK  [0m] Started Session 1 of user vagrant.
         Starting User Manager for UID 1000...
[[0;32m  OK  [0m] Started Dispatcher daemon for systemd-networkd.
[[0;32m  OK  [0m] Reached target Multi-User System.
[[0;32m  OK  [0m] Reached target Graphical Interface.
         Starting Update UTMP about System Runlevel Changes...
[[0;32m  OK  [0m] Started Update UTMP about System Runlevel Changes.
[[0;32m  OK  [0m] Started User Manager for UID 1000.
[   13.689007] cloud-init[1280]: Cloud-init v. 19.2-36-g059d049c-0ubuntu2~18.04.1 running 'modules:config' at Fri, 22 Nov 2019 02:45:33 +0000. Up 13.51 seconds.
[[0;32m  OK  [0m] Started Apply the settings specified in cloud-config.
         Starting Execute cloud user/final scripts...
[   14.414527] cloud-init[1431]: Cloud-init v. 19.2-36-g059d049c-0ubuntu2~18.04.1 running 'modules:final' at Fri, 22 Nov 2019 02:45:33 +0000. Up 14.20 seconds.
[   14.424575] cloud-init[1431]: Cloud-init v. 19.2-36-g059d049c-0ubuntu2~18.04.1 finished at Fri, 22 Nov 2019 02:45:34 +0000. Datasource DataSourceNoCloud [seed=/dev/sdb][dsmode=net].  Up 14.40 seconds
[[0;32m  OK  [0m] Started Execute cloud user/final scripts.
[[0;32m  OK  [0m] Reached target Cloud-init target.

Ubuntu 18.04.3 LTS microk8s ttyS0

microk8s login:          Stopping Session 5 of user kube.
[[0;32m  OK  [0m] Closed Load/Save RF Kill Switch Status /dev/rfkill Watch.
[[0;32m  OK  [0m] Stopped target Graphical Interface.
         Stopping Authorization Manager...
[[0;32m  OK  [0m] Stopped target Cloud-init target.
         Stopping User Manager for UID 1002...
[[0;32m  OK  [0m] Stopped target Host and Network Name Lookups.
         Stopping User Manager for UID 1000...
[[0;32m  OK  [0m] Stopped target Timers.
[[0;32m  OK  [0m] Stopped Daily apt upgrade and clean activities.
[[0;32m  OK  [0m] Stopped Discard unused blocks once a week.
[[0;32m  OK  [0m] Stopped Daily apt download activities.
[[0;32m  OK  [0m] Stopped Daily Cleanup of Temporary Directories.
[[0;32m  OK  [0m] Stopped Message of the Day.
[[0;32m  OK  [0m] Stopped target System Time Synchronized.
         Stopping Availability of block devices...
         Stopping Accounts Service...
[[0;32m  OK  [0m] Stopped Execute cloud user/final scripts.
[[0;32m  OK  [0m] Stopped Apply the settings specified in cloud-config.
[[0;32m  OK  [0m] Stopped target Network is Online.
[[0;32m  OK  [0m] Stopped target Multi-User System.
         Stopping Virtualbox guest utils...
         Stopping OpenBSD Secure Shell server...
         Stopping Service for snap application microk8s.daemon-kubelet...
         Stopping irqbalance daemon...
         Stopping Service for snap application microk8s.daemon-apiserver...
         Stopping Service for snap application microk8s.daemon-containerd...
         Stopping Service for snap application microk8s.daemon-etcd...
         Stopping Regular background program processing daemon...
[[0;32m  OK  [0m] Stopped Wait until snapd is fully seeded.
         Stopping Snappy daemon...
         Stopping FUSE filesystem for LXC...
         Stopping Dispatcher d         Stopping Serial Getty on ttyS0...
         Stopping Service for snap application microk8s.daemon-cluster-agent...
         Stopping D-Bus System Message Bus...
         Stopping Service for snap applicati…icrok8s.daemon-apiserver-kicker...
         Stopping LSB: automatic crash report generation...
         Stopping Service for snap application microk8s.daemon-proxy...
         Stopping Service for snap application microk8s.daemon-scheduler...
         Stopping Service for snap application microk8s.daemon-flanneld...
         Stopping System Logging Service...
         Stopping LXD - container startup/shutdown...
         Stopping LSB: Record successful boot for GRUB...
         Stopping Getty on tty1...
         Stopping Session 3 of user vagrant.
[[0;32m  OK  [0m] Stopped target Cloud-config availability.
[[0;32m  OK  [0m] Unmounted /var/lib/lxcfs.
[[0;32m  OK  [0m] Stopped Deferred execution scheduler.
[[0;32m  OK  [0m] Stopped Regular background program processing daemon.
[[0;32m  OK  [0m] Stopped Accounts Service.
[[0;32m  OK  [0m] Stopped System Logging Service.
[[0;32m  OK  [0m] Stopped irqbalance daemon.
[[0;32m  OK  [0m] Stopped Dispatcher daemon for systemd-networkd.
[[0;32m  OK  [0m] Stopped OpenBSD Secure Shell server.
[[0;32m  OK  [0m] Stopped Unattended Upgrades Shutdown.
[[0;32m  OK  [0m] Stopped Authorization Manager.
[[0;32m  OK  [0m] Stopped Serial Getty on ttyS0.
[[0;32m  OK  [0m] Stopped Getty on tty1.
[[0;32m  OK  [0m] Stopped User Manager for UID 1000.
[[0;32m  OK  [0m] Stopped User Manager for UID 1002.
[[0;32m  OK  [0m] Stopped Snappy daemon.
[[0;32m  OK  [0m] Stopped Service for snap application microk8s.daemon-apiserver-kicker.
[[0;32m  OK  [0m] Stopped Service for snap applicatio…icrok8s.daemon-controller-manager.
[[0;32m  OK  [0m] Stopped Service for snap application microk8s.daemon-flanneld.
[[0;32m  OK  [0m] Stopped Service for snap application microk8s.daemon-scheduler.
[[0;32m  OK  [0m] Stopped Service for snap application microk8s.daemon-containerd.
[[0;32m  OK  [0m] Stopped Service for snap application microk8s.daemon-apiserver.
[[0;32m  OK  [0m] Stopped Service for snap application microk8s.daemon-kubelet.
[[0;32m  OK  [0m] Stopped Service for snap application microk8s.daemon-proxy.
[[0;32m  OK  [0m] Stopped Availability of block devices.
[[0;32m  OK  [0m] Stopped D-Bus System Message Bus.
[[0;32m  OK  [0m] Stopped FUSE filesystem for LXC.
[[0;32m  OK  [0m] Stopped Session 5 of user kube.
[[0;32m  OK  [0m] Stopped Session 3 of user vagrant.
         Unmounting Mount unit for core, revision 8039...
[[0;32m  OK  [0m] Removed slice User Slice of kube.
[[0;32m  OK  [0m] Removed slice User Slice of vagrant.
[[0;32m  OK  [0m] Removed slice system-getty.slice.
         Stopping Permit User Sessions...
[[0;32m  OK  [0m] Removed slice system-serial\x2dgetty.slice.
         Stopping Login Service...
[[0;32m  OK  [0m] Stopped Virtualbox guest utils.
[[0;32m  OK  [0m] Stopped LSB: automatic crash report generation.
[[0;32m  OK  [0m] Stopped LXD - container startup/shutdown.
[[0;32m  OK  [0m] Unmounted Mount unit for core, revision 8039.
[[0;32m  OK  [0m] Stopped Permit User Sessions.
[[0;32m  OK  [0m] Stopped target Remote File Systems.
[[0;32m  OK  [0m] Stopped target Remote File Systems (Pre).
[[0;32m  OK  [0m] Stopped LSB: Record successful boot for GRUB.
[[0;32m  OK  [0m] Stopped Login Service.
[[0;32m  OK  [0m] Stopped target User and Group Name Lookups.
[[0;32m  OK  [0m] Stopped Service for snap application microk8s.daemon-etcd.
[ [0;31m*[0;1;31m*[0m[0;31m*  [0m] A stop job is running for Service f…8s.daemon-cluster-agent (5s / 30s)[K[  [0;31m*[0;1;31m*[0m[0;31m* [0m] A stop job is running for Service f…8s.daemon-cluster-agent (6s / 30s)[K[   [0;31m*[0;1;31m*[0m[0;31m*[0m] A stop job is running for Service f…8s.daemon-cluster-agent (6s / 30s)[K[    [0;31m*[0;1;31m*[0m] A stop job is running for Service f…8s.daemon-cluster-agent (7s / 30s)[K[     [0;31m*[0m] A stop job is running for Service f…8s.daemon-cluster-agent (7s / 30s)[K[    [0;31m*[0;1;31m*[0m] A stop job is running for Service f…8s.daemon-cluster-agent (8s / 30s)[K[   [0;31m*[0;1;31m*[0m[0;31m*[0m] A stop job is running for Service f…8s.daemon-cluster-agent (8s / 30s)[K[  [0;31m*[0;1;31m*[0m[0;31m* [0m] A stop job is running for Service f…8s.daemon-cluster-agent (9s / 30s)[K[ [0;31m*[0;1;31m*[0m[0;31m*  [0m] A stop job is running for Service f…8s.daemon-cluster-agent (9s / 30s)[K[[0;31m*[0;1;31m*[0m[0;31m*   [0m] A stop job is running for Service f…s.daemon-cluster-agent (10s / 30s)[K[[0;1;31m*[0m[0;31m*    [0m] A stop job is running for Service f…s.daemon-cluster-agent (10s / 30s)[K[[0m[0;31m*     [0m] A stop job is running for Service f…s.daemon-cluster-agent (11s / 30s)[K[[0;1;31m*[0m[0;31m*    [0m] A stop job is running for Service f…s.daemon-cluster-agent (11s / 30s)[K[[0;31m*[0;1;31m*[0m[0;31m*   [0m] A stop job is running for Service f…s.daemon-cluster-agent (12s / 30s)[K[ [0;31m*[0;1;31m*[0m[0;31m*  [0m] A stop job is running for Service f…s.daemon-cluster-agent (12s / 30s)[K[  [0;31m*[0;1;31m*[0m[0;31m* [0m] A stop job is running for Service f…s.daemon-cluster-agent (13s / 30s)[K[   [0;31m*[0;1;31m*[0m[0;31m*[0m] A stop job is running for Service f…s.daemon-cluster-agent (13s / 30s)[K[    [0;31m*[0;1;31m*[0m] A stop job is running for Service f…s.daemon-cluster-agent (14s / 30s)[K[     [0;31m*[0m] A stop job is running for Service f…s.daemon-cluster-agent (14s / 30s)[K[[0;32m  OK  [0m] Stopped Service for snap application microk8s.daemon-cluster-agent.
         Unmounting Mount unit for microk8s, revision 1067...
[[0;32m  OK  [0m] Stopped target Basic System.
[[0;32m  OK  [0m] Stopped target Slices.
[[0;32m  OK  [0m] Removed slice User and Session Slice.
[[0;32m  OK  [0m] Stopped target Sockets.
[[0;32m  OK  [0m] Closed Open-iSCSI iscsid Socket.
[[0;32m  OK  [0m] Closed Syslog Socket.
[[0;32m  OK  [0m] Closed Socket activation for snappy daemon.
[[0;32m  OK  [0m] Closed D-Bus System Message Bus Socket.
[[0;32m  OK  [0m] Closed UUID daemon activation socket.
[[0;32m  OK  [0m] Closed LXD - unix socket.
[[0;32m  OK  [0m] Closed ACPID Listen Socket.
[[0;32m  OK  [0m] Stopped target Paths.
[[0;32m  OK  [0m] Stopped ACPI Events Check.
[[0;32m  OK  [0m] Stopped target System Initialization.
[[0;32m  OK  [0m] Stopped Initial cloud-init job (metadata service crawler).
[[0;32m  OK  [0m] Stopped target Local Encrypted Volumes.
[[0;32m  OK  [0m] Stopped Forward Password Requests to Wall Directory Watch.
[[0;32m  OK  [0m] Stopped Dispatch Password Requests to Console Directory Watch.
         Stopping Update UTMP about System Boot/Shutdown...
         Stopping Load/Save Random Seed...
[[0;32m  OK  [0m] Stopped target Network.
         Stopping Network Name Resolution...
[[0;32m  OK  [0m] Unmounted Mount unit for microk8s, revision 1067.
[[0;32m  OK  [0m] Stopped Load/Save Random Seed.
[[0;32m  OK  [0m] Stopped Update UTMP about System Boot/Shutdown.
[[0;32m  OK  [0m] Stopped Network Name Resolution.
         Stopping Network Service...
[[0;32m  OK  [0m] Stopped Create Volatile Files and Directories.
[[0;32m  OK  [0m] Stopped target Local File Systems.
         Unmounting /run/user/1002...
         Unmounting /run/user/1000...
         Unmounting /vagrant...
[[0;32m  OK  [0m] Unmounted /run/user/1002.
[[0;32m  OK  [0m] Unmounted /run/user/1000.
[[0;32m  OK  [0m] Unmounted /vagrant.
[[0;32m  OK  [0m] Reached target Unmount All Filesystems.
[[0;32m  OK  [0m] Stopped target Swap.
[[0;32m  OK  [0m] Stopped target Local File Systems (Pre).
[[0;32m  OK  [0m] Stopped Create Static Device Nodes in /dev.
         Stopping Monitoring of LVM2 mirrors…ng dmeventd or progress polling...
[[0;32m  OK  [0m] Stopped Network Service.
[[0;32m  OK  [0m] Stopped Apply Kernel Variables.
[[0;32m  OK  [0m] Stopped Load Kernel Modules.
[[0;32m  OK  [0m] Stopped target Network (Pre).
[[0;32m  OK  [0m] Stopped Initial cloud-init job (pre-networking).
[[0;32m  OK  [0m] Stopped Remount Root and Kernel File Systems.
[[0;32m  OK  [0m] Reached target Shutdown.
[[0;32m  OK  [0m] Reached target Final Step.
         Starting Reboot...
[[0;32m  OK  [0m] Stopped Monitoring of LVM2 mirrors,…sing dmeventd or progress polling.
         Stopping LVM2 metadata daemon...
[[0;32m  OK  [0m] Stopped LVM2 metadata daemon.
[ 1056.815898] reboot: Restarting system
[    0.000000] Linux version 4.15.0-70-generic (buildd@lgw01-amd64-055) (gcc version 7.4.0 (Ubuntu 7.4.0-1ubuntu1~18.04.1)) #79-Ubuntu SMP Tue Nov 12 10:36:11 UTC 2019 (Ubuntu 4.15.0-70.79-generic 4.15.18)
[    0.000000] Command line: BOOT_IMAGE=/boot/vmlinuz-4.15.0-70-generic root=LABEL=cloudimg-rootfs ro console=tty1 console=ttyS0
[    0.000000] KERNEL supported cpus:
[    0.000000]   Intel GenuineIntel
[    0.000000]   AMD AuthenticAMD
[    0.000000]   Centaur CentaurHauls
[    0.000000] x86/fpu: Supporting XSAVE feature 0x001: 'x87 floating point registers'
[    0.000000] x86/fpu: Supporting XSAVE feature 0x002: 'SSE registers'
[    0.000000] x86/fpu: Supporting XSAVE feature 0x004: 'AVX registers'
[    0.000000] x86/fpu: xstate_offset[2]:  576, xstate_sizes[2]:  256
[    0.000000] x86/fpu: Enabled xstate features 0x7, context size is 832 bytes, using 'standard' format.
[    0.000000] e820: BIOS-provided physical RAM map:
[    0.000000] BIOS-e820: [mem 0x0000000000000000-0x000000000009fbff] usable
[    0.000000] BIOS-e820: [mem 0x000000000009fc00-0x000000000009ffff] reserved
[    0.000000] BIOS-e820: [mem 0x00000000000f0000-0x00000000000fffff] reserved
[    0.000000] BIOS-e820: [mem 0x0000000000100000-0x00000000dffeffff] usable
[    0.000000] BIOS-e820: [mem 0x00000000dfff0000-0x00000000dfffffff] ACPI data
[    0.000000] BIOS-e820: [mem 0x00000000fec00000-0x00000000fec00fff] reserved
[    0.000000] BIOS-e820: [mem 0x00000000fee00000-0x00000000fee00fff] reserved
[    0.000000] BIOS-e820: [mem 0x00000000fffc0000-0x00000000ffffffff] reserved
[    0.000000] BIOS-e820: [mem 0x0000000100000000-0x000000011fffffff] usable
[    0.000000] NX (Execute Disable) protection: active
[    0.000000] SMBIOS 2.5 present.
[    0.000000] DMI: innotek GmbH VirtualBox/VirtualBox, BIOS VirtualBox 12/01/2006
[    0.000000] Hypervisor detected: KVM
[    0.000000] e820: last_pfn = 0x120000 max_arch_pfn = 0x400000000
[    0.000000] MTRR: Disabled
[    0.000000] x86/PAT: MTRRs disabled, skipping PAT initialization too.
[    0.000000] CPU MTRRs all blank - virtualized system.
[    0.000000] x86/PAT: Configuration [0-7]: WB  WT  UC- UC  WB  WT  UC- UC  
[    0.000000] e820: last_pfn = 0xdfff0 max_arch_pfn = 0x400000000
[    0.000000] Scanning 1 areas for low memory corruption
[    0.000000] RAMDISK: [mem 0x35a8b000-0x36d3cfff]
[    0.000000] ACPI: Early table checksum verification disabled
[    0.000000] ACPI: RSDP 0x00000000000E0000 000024 (v02 VBOX  )
[    0.000000] ACPI: XSDT 0x00000000DFFF0030 00003C (v01 VBOX   VBOXXSDT 00000001 ASL  00000061)
[    0.000000] ACPI: FACP 0x00000000DFFF00F0 0000F4 (v04 VBOX   VBOXFACP 00000001 ASL  00000061)
[    0.000000] ACPI: DSDT 0x00000000DFFF0480 0022EA (v02 VBOX   VBOXBIOS 00000002 INTL 20100528)
[    0.000000] ACPI: FACS 0x00000000DFFF0200 000040
[    0.000000] ACPI: FACS 0x00000000DFFF0200 000040
[    0.000000] ACPI: APIC 0x00000000DFFF0240 00006C (v02 VBOX   VBOXAPIC 00000001 ASL  00000061)
[    0.000000] ACPI: SSDT 0x00000000DFFF02B0 0001CC (v01 VBOX   VBOXCPUT 00000002 INTL 20100528)
[    0.000000] No NUMA configuration found
[    0.000000] Faking a node at [mem 0x0000000000000000-0x000000011fffffff]
[    0.000000] NODE_DATA(0) allocated [mem 0x11ffd1000-0x11fffbfff]
[    0.000000] kvm-clock: cpu 0, msr 1:1ff50001, primary cpu clock
[    0.000000] kvm-clock: Using msrs 4b564d01 and 4b564d00
[    0.000000] kvm-clock: using sched offset of 1065147228389 cycles
[    0.000000] clocksource: kvm-clock: mask: 0xffffffffffffffff max_cycles: 0x1cd42e4dffb, max_idle_ns: 881590591483 ns
[    0.000000] Zone ranges:
[    0.000000]   DMA      [mem 0x0000000000001000-0x0000000000ffffff]
[    0.000000]   DMA32    [mem 0x0000000001000000-0x00000000ffffffff]
[    0.000000]   Normal   [mem 0x0000000100000000-0x000000011fffffff]
[    0.000000]   Device   empty
[    0.000000] Movable zone start for each node
[    0.000000] Early memory node ranges
[    0.000000]   node   0: [mem 0x0000000000001000-0x000000000009efff]
[    0.000000]   node   0: [mem 0x0000000000100000-0x00000000dffeffff]
[    0.000000]   node   0: [mem 0x0000000100000000-0x000000011fffffff]
[    0.000000] Reserved but unavailable: 98 pages
[    0.000000] Initmem setup node 0 [mem 0x0000000000001000-0x000000011fffffff]
[    0.000000] ACPI: PM-Timer IO Port: 0x4008
[    0.000000] IOAPIC[0]: apic_id 4, version 32, address 0xfec00000, GSI 0-23
[    0.000000] ACPI: INT_SRC_OVR (bus 0 bus_irq 0 global_irq 2 dfl dfl)
[    0.000000] ACPI: INT_SRC_OVR (bus 0 bus_irq 9 global_irq 9 low level)
[    0.000000] Using ACPI (MADT) for SMP configuration information
[    0.000000] smpboot: Allowing 4 CPUs, 0 hotplug CPUs
[    0.000000] PM: Registered nosave memory: [mem 0x00000000-0x00000fff]
[    0.000000] PM: Registered nosave memory: [mem 0x0009f000-0x0009ffff]
[    0.000000] PM: Registered nosave memory: [mem 0x000a0000-0x000effff]
[    0.000000] PM: Registered nosave memory: [mem 0x000f0000-0x000fffff]
[    0.000000] PM: Registered nosave memory: [mem 0xdfff0000-0xdfffffff]
[    0.000000] PM: Registered nosave memory: [mem 0xe0000000-0xfebfffff]
[    0.000000] PM: Registered nosave memory: [mem 0xfec00000-0xfec00fff]
[    0.000000] PM: Registered nosave memory: [mem 0xfec01000-0xfedfffff]
[    0.000000] PM: Registered nosave memory: [mem 0xfee00000-0xfee00fff]
[    0.000000] PM: Registered nosave memory: [mem 0xfee01000-0xfffbffff]
[    0.000000] PM: Registered nosave memory: [mem 0xfffc0000-0xffffffff]
[    0.000000] e820: [mem 0xe0000000-0xfebfffff] available for PCI devices
[    0.000000] Booting paravirtualized kernel on KVM
[    0.000000] clocksource: refined-jiffies: mask: 0xffffffff max_cycles: 0xffffffff, max_idle_ns: 7645519600211568 ns
[    0.000000] random: get_random_bytes called from start_kernel+0x99/0x4fd with crng_init=0
[    0.000000] setup_percpu: NR_CPUS:8192 nr_cpumask_bits:4 nr_cpu_ids:4 nr_node_ids:1
[    0.000000] percpu: Embedded 45 pages/cpu s147456 r8192 d28672 u524288
[    0.000000] PV qspinlock hash table entries: 256 (order: 0, 4096 bytes)
[    0.000000] Built 1 zonelists, mobility grouping on.  Total pages: 1032057
[    0.000000] Policy zone: Normal
[    0.000000] Kernel command line: BOOT_IMAGE=/boot/vmlinuz-4.15.0-70-generic root=LABEL=cloudimg-rootfs ro console=tty1 console=ttyS0
[    0.000000] Memory: 4013692K/4193848K available (12300K kernel code, 2481K rwdata, 4264K rodata, 2432K init, 2388K bss, 180156K reserved, 0K cma-reserved)
[    0.000000] SLUB: HWalign=64, Order=0-3, MinObjects=0, CPUs=4, Nodes=1
[    0.000000] Kernel/User page tables isolation: enabled
[    0.000000] ftrace: allocating 39315 entries in 154 pages
[    0.004000] Hierarchical RCU implementation.
[    0.004000] 	RCU restricting CPUs from NR_CPUS=8192 to nr_cpu_ids=4.
[    0.004000] 	Tasks RCU enabled.
[    0.004000] RCU: Adjusting geometry for rcu_fanout_leaf=16, nr_cpu_ids=4
[    0.004000] NR_IRQS: 524544, nr_irqs: 456, preallocated irqs: 16
[    0.004000] Console: colour VGA+ 80x25
[    0.004000] console [tty1] enabled
[    0.004000] console [ttyS0] enabled
[    0.004000] ACPI: Core revision 20170831
[    0.004000] ACPI: 2 ACPI AML tables successfully acquired and loaded
[    0.004000] APIC: Switch to symmetric I/O mode setup
[    0.004000] x2apic enabled
[    0.004000] Switched APIC routing to physical x2apic.
[    0.004000] ..TIMER: vector=0x30 apic1=0 pin1=2 apic2=-1 pin2=-1
[    0.004005] tsc: Detected 2592.000 MHz processor
[    0.004898] Calibrating delay loop (skipped) preset value.. 5184.00 BogoMIPS (lpj=10368000)
[    0.008004] pid_max: default: 32768 minimum: 301
[    0.008847] Security Framework initialized
[    0.009615] Yama: becoming mindful.
[    0.010444] AppArmor: AppArmor initialized
[    0.012839] Dentry cache hash table entries: 524288 (order: 10, 4194304 bytes)
[    0.014705] Inode-cache hash table entries: 262144 (order: 9, 2097152 bytes)
[    0.016048] Mount-cache hash table entries: 8192 (order: 4, 65536 bytes)
[    0.017173] Mountpoint-cache hash table entries: 8192 (order: 4, 65536 bytes)
[    0.018634] Last level iTLB entries: 4KB 64, 2MB 8, 4MB 8
[    0.020004] Last level dTLB entries: 4KB 64, 2MB 0, 4MB 0, 1GB 4
[    0.021169] Spectre V1 : Mitigation: usercopy/swapgs barriers and __user pointer sanitization
[    0.022983] Spectre V2 : Mitigation: Full generic retpoline
[    0.024005] Spectre V2 : Spectre v2 / SpectreRSB mitigation: Filling RSB on context switch
[    0.025647] Speculative Store Bypass: Vulnerable
[    0.026570] MDS: Mitigation: Clear CPU buffers
[    0.027715] Freeing SMP alternatives memory: 36K
[    0.139517] smpboot: CPU0: Intel(R) Core(TM) i7-9750H CPU @ 2.60GHz (family: 0x6, model: 0x9e, stepping: 0xa)
[    0.140000] Performance Events: unsupported p6 CPU model 158 no PMU driver, software events only.
[    0.140056] Hierarchical SRCU implementation.
[    0.141910] NMI watchdog: Perf event create on CPU 0 failed with -2
[    0.144005] NMI watchdog: Perf NMI watchdog permanently disabled
[    0.145624] smp: Bringing up secondary CPUs ...
[    0.148085] x86: Booting SMP configuration:
[    0.148875] .... node  #0, CPUs:      #1
[    0.004000] kvm-clock: cpu 1, msr 1:1ff50041, secondary cpu clock
[    0.152090]  #2
[    0.004000] kvm-clock: cpu 2, msr 1:1ff50081, secondary cpu clock
[    0.156137]  #3
[    0.004000] kvm-clock: cpu 3, msr 1:1ff500c1, secondary cpu clock
[    0.163741] smp: Brought up 1 node, 4 CPUs
[    0.164006] smpboot: Max logical packages: 1
[    0.165212] smpboot: Total of 4 processors activated (20736.00 BogoMIPS)
[    0.168247] devtmpfs: initialized
[    0.168829] x86/mm: Memory block size: 128MB
[    0.170074] evm: security.selinux
[    0.172004] evm: security.SMACK64
[    0.172781] evm: security.SMACK64EXEC
[    0.173976] evm: security.SMACK64TRANSMUTE
[    0.175334] evm: security.SMACK64MMAP
[    0.176004] evm: security.apparmor
[    0.176832] evm: security.ima
[    0.177874] evm: security.capability
[    0.180115] clocksource: jiffies: mask: 0xffffffff max_cycles: 0xffffffff, max_idle_ns: 7645041785100000 ns
[    0.181921] futex hash table entries: 1024 (order: 4, 65536 bytes)
[    0.183111] pinctrl core: initialized pinctrl subsystem
[    0.184132] RTC time:  3:03:00, date: 11/22/19
[    0.185275] NET: Registered protocol family 16
[    0.186227] audit: initializing netlink subsys (disabled)
[    0.187285] audit: type=2000 audit(1574392847.488:1): state=initialized audit_enabled=0 res=1
[    0.188010] cpuidle: using governor ladder
[    0.189486] cpuidle: using governor menu
[    0.190423] ACPI: bus type PCI registered
[    0.192006] acpiphp: ACPI Hot Plug PCI Controller Driver version: 0.5
[    0.193927] PCI: Using configuration type 1 for base access
[    0.197676] HugeTLB registered 2.00 MiB page size, pre-allocated 0 pages
[    0.200332] ACPI: Added _OSI(Module Device)
[    0.201364] ACPI: Added _OSI(Processor Device)
[    0.202419] ACPI: Added _OSI(3.0 _SCP Extensions)
[    0.204004] ACPI: Added _OSI(Processor Aggregator Device)
[    0.205319] ACPI: Added _OSI(Linux-Dell-Video)
[    0.206523] ACPI: Added _OSI(Linux-Lenovo-NV-HDMI-Audio)
[    0.208009] ACPI: Added _OSI(Linux-HPI-Hybrid-Graphics)
[    0.209519] ACPI: Executed 1 blocks of module-level executable AML code
[    0.214969] ACPI: Interpreter enabled
[    0.216016] ACPI: (supports S0 S5)
[    0.216899] ACPI: Using IOAPIC for interrupt routing
[    0.218320] PCI: Using host bridge windows from ACPI; if necessary, use "pci=nocrs" and report a bug
[    0.220260] ACPI: Enabled 2 GPEs in block 00 to 07
[    0.230144] ACPI: PCI Root Bridge [PCI0] (domain 0000 [bus 00-ff])
[    0.231524] acpi PNP0A03:00: _OSC: OS supports [ASPM ClockPM Segments MSI]
[    0.232621] acpi PNP0A03:00: _OSC: not requesting OS control; OS requires [ExtendedConfig ASPM ClockPM MSI]
[    0.234658] acpi PNP0A03:00: fail to add MMCONFIG information, can't access extended PCI configuration space under this bridge.
[    0.236383] PCI host bridge to bus 0000:00
[    0.237138] pci_bus 0000:00: root bus resource [io  0x0000-0x0cf7 window]
[    0.240019] pci_bus 0000:00: root bus resource [io  0x0d00-0xffff window]
[    0.241220] pci_bus 0000:00: root bus resource [mem 0x000a0000-0x000bffff window]
[    0.244004] pci_bus 0000:00: root bus resource [mem 0xe0000000-0xfdffffff window]
[    0.245519] pci_bus 0000:00: root bus resource [bus 00-ff]
[    0.248575] pci 0000:00:01.1: legacy IDE quirk: reg 0x10: [io  0x01f0-0x01f7]
[    0.249810] pci 0000:00:01.1: legacy IDE quirk: reg 0x14: [io  0x03f6]
[    0.250924] pci 0000:00:01.1: legacy IDE quirk: reg 0x18: [io  0x0170-0x0177]
[    0.252000] pci 0000:00:01.1: legacy IDE quirk: reg 0x1c: [io  0x0376]
[    0.300135] pci 0000:00:07.0: quirk: [io  0x4000-0x403f] claimed by PIIX4 ACPI
[    0.301733] pci 0000:00:07.0: quirk: [io  0x4100-0x410f] claimed by PIIX4 SMB
[    0.331568] ACPI: PCI Interrupt Link [LNKA] (IRQs 5 9 10 *11)
[    0.332365] ACPI: PCI Interrupt Link [LNKB] (IRQs 5 9 *10 11)
[    0.333534] ACPI: PCI Interrupt Link [LNKC] (IRQs 5 *9 10 11)
[    0.334776] ACPI: PCI Interrupt Link [LNKD] (IRQs 5 9 10 *11)
[    0.336436] SCSI subsystem initialized
[    0.337200] pci 0000:00:02.0: vgaarb: setting as boot VGA device
[    0.337200] pci 0000:00:02.0: vgaarb: VGA device added: decodes=io+mem,owns=io+mem,locks=none
[    0.340007] pci 0000:00:02.0: vgaarb: bridge control possible
[    0.341125] vgaarb: loaded
[    0.341858] ACPI: bus type USB registered
[    0.342871] usbcore: registered new interface driver usbfs
[    0.344014] usbcore: registered new interface driver hub
[    0.344993] usbcore: registered new device driver usb
[    0.346068] EDAC MC: Ver: 3.0.0
[    0.348069] PCI: Using ACPI for IRQ routing
[    0.349368] NetLabel: Initializing
[    0.350105] NetLabel:  domain hash size = 128
[    0.350891] NetLabel:  protocols = UNLABELED CIPSOv4 CALIPSO
[    0.352036] NetLabel:  unlabeled traffic allowed by default
[    0.353200] clocksource: Switched to clocksource kvm-clock
[    0.362751] VFS: Disk quotas dquot_6.6.0
[    0.363702] VFS: Dquot-cache hash table entries: 512 (order 0, 4096 bytes)
[    0.365064] AppArmor: AppArmor Filesystem Enabled
[    0.365956] pnp: PnP ACPI init
[    0.367783] pnp: PnP ACPI: found 3 devices
[    0.379669] clocksource: acpi_pm: mask: 0xffffff max_cycles: 0xffffff, max_idle_ns: 2085701024 ns
[    0.381634] NET: Registered protocol family 2
[    0.382730] TCP established hash table entries: 32768 (order: 6, 262144 bytes)
[    0.384511] TCP bind hash table entries: 32768 (order: 7, 524288 bytes)
[    0.386015] TCP: Hash tables configured (established 32768 bind 32768)
[    0.387176] UDP hash table entries: 2048 (order: 4, 65536 bytes)
[    0.388220] UDP-Lite hash table entries: 2048 (order: 4, 65536 bytes)
[    0.389413] NET: Registered protocol family 1
[    0.390207] pci 0000:00:00.0: Limiting direct PCI/PCI transfers
[    0.391273] pci 0000:00:01.0: Activating ISA DMA hang workarounds
[    0.392398] pci 0000:00:02.0: Video device with shadowed ROM at [mem 0x000c0000-0x000dffff]
[    0.393984] Unpacking initramfs...
[    0.631087] Freeing initrd memory: 19144K
[    0.632277] PCI-DMA: Using software bounce buffering for IO (SWIOTLB)
[    0.634110] software IO TLB: mapped [mem 0xdbff0000-0xdfff0000] (64MB)
[    0.636185] clocksource: tsc: mask: 0xffffffffffffffff max_cycles: 0x255cb6cc5db, max_idle_ns: 440795203504 ns
[    0.639245] platform rtc_cmos: registered platform RTC device (no PNP device found)
[    0.641592] Scanning for low memory corruption every 60 seconds
[    0.654877] Initialise system trusted keyrings
[    0.656092] Key type blacklist registered
[    0.657219] workingset: timestamp_bits=36 max_order=20 bucket_order=0
[    0.659575] zbud: loaded
[    0.660653] squashfs: version 4.0 (2009/01/31) Phillip Lougher
[    0.662168] fuse init (API version 7.26)
[    0.667882] Key type asymmetric registered
[    0.668710] Asymmetric key parser 'x509' registered
[    0.669612] Block layer SCSI generic (bsg) driver version 0.4 loaded (major 246)
[    0.671094] io scheduler noop registered
[    0.672203] io scheduler deadline registered
[    0.673150] io scheduler cfq registered (default)
[    0.675083] ACPI: AC Adapter [AC] (on-line)
[    0.676207] input: Power Button as /devices/LNXSYSTM:00/LNXPWRBN:00/input/input0
[    0.678824] ACPI: Power Button [PWRF]
[    0.679623] input: Sleep Button as /devices/LNXSYSTM:00/LNXSLPBN:00/input/input1
[    0.681364] ACPI: Sleep Button [SLPF]
[    0.683529] ACPI: Battery Slot [BAT0] (battery present)
[    0.685327] Serial: 8250/16550 driver, 32 ports, IRQ sharing enabled
/O 0x3f8 (irq = 4, base_baud = 115200) is a 16550A
[    1.601036] Linux agpgart interface v0.103
[    1.604621] loop: module loaded
[    1.606655] scsi host0: ata_piix
[    1.607816] scsi host1: ata_piix
[    1.609138] ata1: PATA max UDMA/33 cmd 0x1f0 ctl 0x3f6 bmdma 0xd000 irq 14
[    1.610494] ata2: PATA max UDMA/33 cmd 0x170 ctl 0x376 bmdma 0xd008 irq 15
[    1.612088] libphy: Fixed MDIO Bus: probed
[    1.613481] tun: Universal TUN/TAP device driver, 1.6
[    1.615214] PPP generic driver version 2.4.2
[    1.616442] ehci_hcd: USB 2.0 'Enhanced' Host Controller (EHCI) Driver
[    1.618253] ehci-pci: EHCI PCI platform driver
[    1.619512] ehci-platform: EHCI generic platform driver
[    1.621184] ohci_hcd: USB 1.1 'Open' Host Controller (OHCI) Driver
[    1.622829] ohci-pci: OHCI PCI platform driver
[    1.623888] ohci-platform: OHCI generic platform driver
[    1.625261] uhci_hcd: USB Universal Host Controller Interface driver
[    1.626783] i8042: PNP: PS/2 Controller [PNP0303:PS2K,PNP0f03:PS2M] at 0x60,0x64 irq 1,12
[    1.629181] serio: i8042 KBD port at 0x60,0x64 irq 1
[    1.630346] serio: i8042 AUX port at 0x60,0x64 irq 12
[    1.631939] mousedev: PS/2 mouse device common for all mice
[    1.634197] input: AT Translated Set 2 keyboard as /devices/platform/i8042/serio0/input/input2
[    1.635980] rtc_cmos rtc_cmos: rtc core: registered rtc_cmos as rtc0
[    1.637905] rtc_cmos rtc_cmos: alarms up to one day, 114 bytes nvram
[    1.639318] i2c /dev entries driver
[    1.640355] device-mapper: uevent: version 1.0.3
[    1.641552] device-mapper: ioctl: 4.37.0-ioctl (2017-09-20) initialised: dm-devel@redhat.com
[    1.644186] ledtrig-cpu: registered to indicate activity on CPUs
[    1.646431] NET: Registered protocol family 10
[    1.653573] Segment Routing with IPv6
[    1.654874] NET: Registered protocol family 17
[    1.656286] Key type dns_resolver registered
[    1.658103] mce: Using 0 MCE banks
[    1.659192] RAS: Correctable Errors collector initialized.
[    1.660982] sched_clock: Marking stable (1660950175, 0)->(1908994121, -248043946)
[    1.665392] registered taskstats version 1
[    1.666853] Loading compiled-in X.509 certificates
[    1.671286] Loaded X.509 cert 'Build time autogenerated kernel key: 1859b0531897959199376c446a0bd70df75fd1fc'
[    1.674223] zswap: loaded using pool lzo/zbud
[    1.680950] Key type big_key registered
[    1.681992] Key type trusted registered
[    1.685313] Key type encrypted registered
[    1.686270] AppArmor: AppArmor sha1 policy hashing enabled
[    1.687589] ima: No TPM chip found, activating TPM-bypass! (rc=-19)
[    1.689274] ima: Allocated hash algorithm: sha1
[    1.690431] evm: HMAC attrs: 0x1
[    1.691606]   Magic number: 11:512:58
[    1.692873] rtc_cmos rtc_cmos: setting system clock to 2019-11-22 03:03:02 UTC (1574391782)
[    1.695132] BIOS EDD facility v0.16 2004-Jun-25, 0 devices found
[    1.696460] EDD information not available.
[    1.775024] Freeing unused kernel image memory: 2432K
[    1.784979] Write protecting the kernel read-only data: 20480k
[    1.787790] Freeing unused kernel image memory: 2008K
[    1.789724] Freeing unused kernel image memory: 1880K
[    1.798814] x86/mm: Checked W+X mappings: passed, no W+X pages found.
[    1.801459] x86/mm: Checking user space page tables
[    1.810880] x86/mm: Checked W+X mappings: passed, no W+X pages found.
Loading, please wait...
starting version 237
[    1.881120] e1000: Intel(R) PRO/1000 Network Driver - version 7.3.21-k8-NAPI
[    1.883116] e1000: Copyright (c) 1999-2006 Intel Corporation.
[    1.885500] Fusion MPT base driver 3.04.20
[    1.886962] Copyright (c) 1999-2008 LSI Corporation
[    1.892536] Fusion MPT SPI Host driver 3.04.20
[    1.901921] AVX2 version of gcm_enc/dec engaged.
[    1.902941] AES CTR mode by8 optimization enabled
[    2.105289] input: ImExPS/2 Generic Explorer Mouse as /devices/platform/i8042/serio1/input/input4
[    2.620348] e1000 0000:00:03.0 eth0: (PCI:33MHz:32-bit) 02:00:53:70:0f:50
[    2.622751] e1000 0000:00:03.0 eth0: Intel(R) PRO/1000 Network Connection
[    3.151809] e1000 0000:00:08.0 eth1: (PCI:33MHz:32-bit) 08:00:27:94:85:ab
[    3.154824] e1000 0000:00:08.0 eth1: Intel(R) PRO/1000 Network Connection
[    3.160198] e1000 0000:00:03.0 enp0s3: renamed from eth0
[    3.160513] mptbase: ioc0: Initiating bringup
[    3.201430] e1000 0000:00:08.0 enp0s8: renamed from eth1
[    3.266258] ioc0: LSI53C1030 A0: Capabilities={Initiator}
[    4.252641] scsi host2: ioc0: LSI53C1030 A0, FwRev=00000000h, Ports=1, MaxQ=256, IRQ=20
[    4.923783] scsi 2:0:0:0: Direct-Access     VBOX     HARDDISK         1.0  PQ: 0 ANSI: 5
[    5.168404] scsi target2:0:0: Beginning Domain Validation
[    5.173087] scsi target2:0:0: Domain Validation skipping write tests
[    5.174334] scsi target2:0:0: Ending Domain Validation
[    5.175456] scsi target2:0:0: asynchronous
[    5.177155] scsi 2:0:1:0: Direct-Access     VBOX     HARDDISK         1.0  PQ: 0 ANSI: 5
[    5.631823] scsi target2:0:1: Beginning Domain Validation
[    5.636035] random: fast init done
[    5.637504] scsi target2:0:1: Domain Validation skipping write tests
[    5.638851] scsi target2:0:1: Ending Domain Validation
[    5.640139] scsi target2:0:1: asynchronous
[    5.648368] random: systemd-udevd: uninitialized urandom read (16 bytes read)
[    5.650111] random: systemd-udevd: uninitialized urandom read (16 bytes read)
[    5.651599] random: systemd-udevd: uninitialized urandom read (16 bytes read)
[    5.654451] sd 2:0:0:0: Attached scsi generic sg0 type 0
[    5.655872] sd 2:0:0:0: [sda] 251658240 512-byte logical blocks: (129 GB/120 GiB)
[    5.657894] sd 2:0:0:0: [sda] Write Protect is off
[    5.659321] sd 2:0:0:0: [sda] Incomplete mode parameter data
[    5.660072] sd 2:0:1:0: [sdb] 20480 512-byte logical blocks: (10.5 MB/10.0 MiB)
[    5.660911] sd 2:0:0:0: [sda] Assuming drive cache: write through
[    5.662457] sd 2:0:1:0: Attached scsi generic sg1 type 0
[    5.664235] sd 2:0:1:0: [sdb] Write Protect is off
[    5.666906] sd 2:0:1:0: [sdb] Incomplete mode parameter data
[    5.667898]  sda: sda1
[    5.668064] sd 2:0:1:0: [sdb] Assuming drive cache: write through
[    5.671479] sd 2:0:0:0: [sda] Attached SCSI disk
[    5.674439] sd 2:0:1:0: [sdb] Attached SCSI disk
Begin: Loading essential drivers ... [    7.244550] raid6: sse2x1   gen() 13468 MB/s
[    7.292022] raid6: sse2x1   xor()  9727 MB/s
[    7.340025] raid6: sse2x2   gen() 16096 MB/s
[    7.388576] raid6: sse2x2   xor() 10687 MB/s
[    7.436548] raid6: sse2x4   gen() 18607 MB/s
[    7.484032] raid6: sse2x4   xor()  9607 MB/s
[    7.532601] raid6: avx2x1   gen() 22025 MB/s
[    7.580503] raid6: avx2x1   xor() 17746 MB/s
[    7.628517] raid6: avx2x2   gen() 30266 MB/s
[    7.676464] raid6: avx2x2   xor() 19289 MB/s
[    7.724497] raid6: avx2x4   gen() 26324 MB/s
[    7.772496] raid6: avx2x4   xor() 19917 MB/s
[    7.773529] raid6: using algorithm avx2x2 gen() 30266 MB/s
[    7.774690] raid6: .... xor() 19289 MB/s, rmw enabled
[    7.775729] raid6: using avx2x2 recovery algorithm
[    7.778234] xor: automatically using best checksumming function   avx       
[    7.780869] async_tx: api initialized (async)
done.
Begin: Running /scripts/init-premount ... done.
Begin: Mounting root file system ... Begin: Running /scripts/local-top ... done.
Begin: Running /scripts/local-premount ... [    7.822376] Btrfs loaded, crc32c=crc32c-intel
Scanning for Btrfs filesystems
done.
Warning: fsck not present, so skipping root file system
[    7.853932] EXT4-fs (sda1): mounted filesystem with ordered data mode. Opts: (null)
done.
Begin: Running /scripts/local-bottom ... done.
Begin: Running /scripts/init-bottom ... done.
[    8.230117] ip_tables: (C) 2000-2006 Netfilter Core Team
[    8.238720] systemd[1]: systemd 237 running in system mode. (+PAM +AUDIT +SELINUX +IMA +APPARMOR +SMACK +SYSVINIT +UTMP +LIBCRYPTSETUP +GCRYPT +GNUTLS +ACL +XZ +LZ4 +SECCOMP +BLKID +ELFUTILS +KMOD -IDN2 +IDN -PCRE2 default-hierarchy=hybrid)
[    8.242418] systemd[1]: Detected virtualization oracle.
[    8.243337] systemd[1]: Detected architecture x86-64.

Welcome to [1mUbuntu 18.04.3 LTS[0m!

[    8.253275] systemd[1]: Set hostname to <microk8s>.
[    8.522583] systemd[1]: Created slice System Slice.
[[0;32m  OK  [0m] Created slice System Slice.
[    8.524142] systemd[1]: Set up automount Arbitrary Executable File Formats File System Automount Point.
[[0;32m  OK  [0m] Set up automount Arbitrary Executab…rmats File System Automount Point.
[    8.542101] systemd[1]: Listening on Network Service Netlink Socket.
[[0;32m  OK  [0m] Listening on Network Service Netlink Socket.
[    8.543869] systemd[1]: Reached target System Time Synchronized.
[[0;32m  OK  [0m] Reached target System Time Synchronized.
[    8.562727] systemd[1]: Created slice User and Session Slice.
[[0;32m  OK  [0m] Created slice User and Session Slice.
[    8.564416] systemd[1]: Reached target Swap.
[[0;32m  OK  [0m] Reached target Swap.
[[0;32m  OK  [0m] Listening on udev Kernel Socket.
[[0;32m  OK  [0m] Listening on /dev/initctl Compatibility Named Pipe.
[[0;32m  OK  [0m] Listening on udev Control Socket.
[[0;32m  OK  [0m] Listening on Journal Socket (/dev/log).
[[0;32m  OK  [0m] Started Forward Password Requests to Wall Directory Watch.
[[0;32m  OK  [0m] Listening on LVM2 metadata daemon socket.
[[0;32m  OK  [0m] Listening on LVM2 poll daemon socket.
[[0;32m  OK  [0m] Created slice system-serial\x2dgetty.slice.
[[0;32m  OK  [0m] Reached target Slices.
[[0;32m  OK  [0m] Listening on Journal Socket.
         Starting Set the console keyboard layout...
         Mounting POSIX Message Queue File System...
         Starting Remount Root and Kernel File Systems...
         Starting Uncomplicated firewall...
         Mounting Huge Pages File System...
         Starting Create list of required st…ce nodes for the current kernel...
[    8.680221] EXT4-fs (sda1): re-mounted. Opts: (null)
         Starting udev Coldplug all Devices...
         Starting Load Kernel Modules...
[[0;32m  OK  [0m] Reached target User and Group Name Lookups.
[[0;32m  OK  [0m] Listening on Device-mapper event daemon FIFOs.
         Starting Monitoring of LVM2 mirrors…ng dmeventd or progress polling...
[[0;32m  OK  [0m] Listening on Journal Audit Socket.
[[0;32m  OK  [0m] Listening on Syslog Socket.
         Starting Journal Service...
         Mounting Kernel Debug File System...
[[0;32m  OK  [0m] Mounted POSIX Message Queue File System.
[[0;32m  OK  [0m] Started Remount Root and Kernel File Systems.
[[0;32m  OK  [0m] Started Uncomplicated firewall.
[[0;32m  OK  [0m] Mounted Huge Pages File System.
[[0;32m  OK  [0m] Started Create list of required sta…vice nodes for the current kernel.
[[0;32m  OK  [0m] Mounted Kernel Debug File System.
[    8.718486] Loading iSCSI transport class v2.0-870.
         Starting Create Static Device Nodes in /dev...
[    8.726290] iscsi: registered transport (tcp)
         Starting Load/Save Random Seed...
[[0;32m  OK  [0m] Started udev Coldplug all Devices.
[[0;32m  OK  [0m] Started Create Static Device Nodes in /dev.
[[0;32m  OK  [0m] Started Load/Save Random Seed.
[[0;32m  OK  [0m] Started LVM2 metadata daemon.
         Starting udev Kernel Device Manager...
[    8.837573] iscsi: registered transport (iser)
[[0;32m  OK  [0m] Started Journal Service.
[[0;32m  OK  [0m] Started Load Kernel Modules.
         Mounting Kernel Configuration File System...
         Mounting FUSE Control File System...
         Starting Apply Kernel Variables...
         Starting Flush Journal to Persistent Storage...
[[0;32m  OK  [0m] Mounted Kernel Configuration File System.
[[0;32m  OK  [0m] Mounted FUSE Control File System.
[[0;32m  OK  [0m] Started udev Kernel Device Manager.
[[0;32m  OK  [0m] Started Monitoring of LVM2 mirrors,…sing dmeventd or progress polling.
[[0;32m  OK  [0m] Started Apply Kernel Variables.
[[0;32m  OK  [0m] Started Flush Journal to Persistent Storage.
[[0;32m  OK  [0m] Found device /dev/ttyS0.
[[0;32m  OK  [0m] Listening on Load/Save RF Kill Switch Status /dev/rfkill Watch.
[[0;32m  OK  [0m] Started Set the console keyboard layout.
[[0;32m  OK  [0m] Started Dispatch Password Requests to Console Directory Watch.
[[0;32m  OK  [0m] Reached target Local Encrypted Volumes.
[[0;32m  OK  [0m] Reached target Local File Systems (Pre).
         Mounting Mount unit for core, revision 8039...
[[0;32m  OK  [0m] Reached target Local File Systems.
         Starting Create Volatile Files and Directories...
         Starting AppArmor initialization...
         Starting Tell Plymouth To Write Out Runtime Data...
         Starting ebtables ruleset management...
         Starting Set console font and keymap...
         Mounting Mount unit for microk8s, revision 1067...
[[0;32m  OK  [0m] Mounted Mount unit for core, revision 8039.
[[0;32m  OK  [0m] Started Create Volatile Files and Directories.
[[0;32m  OK  [0m] Started Tell Plymouth To Write Out Runtime Data.
[[0;32m  OK  [0m] Started Set console font and keymap.
         Starting Update UTMP about System Boot/Shutdown...
[[0;32m  OK  [0m] Mounted Mount unit for microk8s, revision 1067.
[[0;32m  OK  [0m] Started Update UTMP about System Boot/Shutdown.
[[0;32m  OK  [0m] Started ebtables ruleset management.
[[0;32m  OK  [0m] Started AppArmor initialization.
         Starting Initial cloud-init job (pre-networking)...
[   11.421493] cloud-init[724]: Cloud-init v. 19.2-36-g059d049c-0ubuntu2~18.04.1 running 'init-local' at Fri, 22 Nov 2019 03:03:11 +0000. Up 11.06 seconds.
[[0;32m  OK  [0m] Started Initial cloud-init job (pre-networking).
[[0;32m  OK  [0m] Reached target Network (Pre).
         Starting Network Service...
[[0;32m  OK  [0m] Started Network Service.
         Starting Network Name Resolution...
         Starting Wait for Network to be Configured...
[[0;32m  OK  [0m] Started Network Name Resolution.
[[0;32m  OK  [0m] Reached target Network.
[[0;32m  OK  [0m] Reached target Host and Network Name Lookups.
[[0;32m  OK  [0m] Started Wait for Network to be Configured.
         Starting Initial cloud-init job (metadata service crawler)...
[   13.668396] cloud-init[836]: Cloud-init v. 19.2-36-g059d049c-0ubuntu2~18.04.1 running 'init' at Fri, 22 Nov 2019 03:03:14 +0000. Up 13.47 seconds.
[   13.681618] cloud-init[836]: ci-info: ++++++++++++++++++++++++++++++++++++++Net device info+++++++++++++++++++++++++++++++++++++++
[   13.682976] cloud-init[836]: ci-info: +--------+------+-----------------------------+---------------+--------+-------------------+
[   13.684238] cloud-init[836]: ci-info: | Device |  Up  |           Address           |      Mask     | Scope  |     Hw-Address    |
[   13.685551] cloud-init[836]: ci-info: +--------+------+-----------------------------+---------------+--------+-------------------+
[   13.687292] cloud-init[836]: ci-info: | enp0s3 | True |          10.0.2.15          | 255.255.255.0 | global | 02:00:53:70:0f:50 |
[   13.688751] cloud-init[836]: ci-info: | enp0s3 | True |    fe80::53ff:fe70:f50/64   |       .       |  link  | 02:00:53:70:0f:50 |
[   13.690224] cloud-init[836]: ci-info: | enp0s8 | True |       192.168.137.150       | 255.255.255.0 | global | 08:00:27:94:85:ab |
[   13.691608] cloud-init[836]: ci-info: | enp0s8 | True | fe80::a00:27ff:fe94:85ab/64 |       .       |  link  | 08:00:27:94:85:ab |
[   13.693000] cloud-init[836]: ci-info: |   lo   | True |          127.0.0.1          |   255.0.0.0   |  host  |         .         |
[   13.694487] cloud-init[836]: ci-info: |   lo   | True |           ::1/128           |       .       |  host  |         .         |
[   13.695900] cloud-init[836]: ci-info: +--------+------+-----------------------------+---------------+--------+-------------------+
[   13.697480] cloud-init[836]: ci-info: +++++++++++++++++++++++++++++Route IPv4 info++++++++++++++++++++++++++++++
[   13.702436] cloud-init[836]: ci-info: +-------+---------------+----------+-----------------+-----------+-------+
[   13.704543] cloud-init[836]: ci-info: | Route |  Destination  | Gateway  |     Genmask     | Interface | Flags |
[   13.716201] cloud-init[836]: ci-info: +-------+---------------+----------+-----------------+-----------+-------+
[   13.732326] cloud-init[836]: ci-info: |   0   |    0.0.0.0    | 10.0.2.2 |     0.0.0.0     |   enp0s3  |   UG  |
[   13.748260] cloud-init[836]: ci-info: |   1   |    10.0.2.0   | 0.0.0.0  |  255.255.255.0  |   enp0s3  |   U   |
[   13.749451] cloud-init[836]: ci-info: |   2   |    10.0.2.2   | 0.0.0.0  | 255.255.255.255 |   enp0s3  |   UH  |
[   13.750134] cloud-init[836]: ci-info: |   3   | 192.168.137.0 | 0.0.0.0  |  255.255.255.0  |   enp0s8  |   U   |
[   13.750952] cloud-init[836]: ci-info: +-------+---------------+----------+-----------------+-----------+-------+
[   13.752177] cloud-init[836]: ci-info: +++++++++++++++++++Route IPv6 info+++++++++++++++++++
[   13.753125] cloud-init[836]: ci-info: +-------+-------------+---------+-----------+-------+
[   13.754091] cloud-init[836]: ci-info: | Route | Destination | Gateway | Interface | Flags |
[   13.755045] cloud-init[836]: ci-info: +-------+-------------+---------+-----------+-------+
[   13.756095] cloud-init[836]: ci-info: |   1   |  fe80::/64  |    ::   |   enp0s8  |   U   |
[   13.757089] cloud-init[836]: ci-info: |   2   |  fe80::/64  |    ::   |   enp0s3  |   U   |
[   13.758157] cloud-init[836]: ci-info: |   4   |    local    |    ::   |   enp0s3  |   U   |
[   13.759186] cloud-init[836]: ci-info: |   5   |    local    |    ::   |   enp0s8  |   U   |
[   13.760231] cloud-init[836]: ci-info: |   6   |   ff00::/8  |    ::   |   enp0s8  |   U   |
[   13.761203] cloud-init[836]: ci-info: |   7   |   ff00::/8  |    ::   |   enp0s3  |   U   |
[   13.762165] cloud-init[836]: ci-info: +-------+-------------+---------+-----------+-------+
[[0;32m  OK  [0m] Started Initial cloud-init job (metadata service crawler).
[[0;32m  OK  [0m] Reached target System Initialization.
[[0;32m  OK  [0m] Started Discard unused blocks once a week.
[[0;32m  OK  [0m] Started Message of the Day.
[[0;32m  OK  [0m] Listening on D-Bus System Message Bus Socket.
[[0;32m  OK  [0m] Listening on ACPID Listen Socket.
[[0;32m  OK  [0m] Listening on UUID daemon activation socket.
[[0;32m  OK  [0m] Started ACPI Events Check.
[[0;32m  OK  [0m] Reached target Paths.
[[0;32m  OK  [0m] Listening on Open-iSCSI iscsid Socket.
[[0;32m  OK  [0m] Started Daily apt download activities.
[[0;32m  OK  [0m] Started Daily apt upgrade and clean activities.
[[0;32m  OK  [0m] Started Daily Cleanup of Temporary Directories.
[[0;32m  OK  [0m] Reached target Timers.
         Starting LXD - unix socket.
         Starting Socket activation for snappy daemon.
[[0;32m  OK  [0m] Reached target Cloud-config availability.
[[0;32m  OK  [0m] Reached target Network is Online.
         Starting Availability of block devices...
[[0;32m  OK  [0m] Reached target Remote File Systems (Pre).
[[0;32m  OK  [0m] Reached target Remote File Systems.
[[0;32m  OK  [0m] Listening on LXD - unix socket.
[[0;32m  OK  [0m] Listening on Socket activation for snappy daemon.
[[0;32m  OK  [0m] Started Availability of block devices.
[[0;32m  OK  [0m] Reached target Sockets.
[[0;32m  OK  [0m] Reached target Basic System.
         Starting Permit User Sessions...
         Starting Accounts Service...
[[0;32m  OK  [0m] Started Service for snap application microk8s.daemon-containerd.
[[0;32m  OK  [0m] Started D-Bus System Message Bus.
[[0;32m  OK  [0m] Started Service for snap application microk8s.daemon-etcd.
         Starting LSB: automatic crash report generation...
         Starting OpenBSD Secure Shell server...
[[0;32m  OK  [0m] Started Service for snap application microk8s.daemon-cluster-agent.
[[0;32m  OK  [0m] Started FUSE filesystem for LXC.
         Starting Virtualbox guest utils...
[[0;32m  OK  [0m] Started Service for snap applicatio…icrok8s.daemon-controller-manager.
[[0;32m  OK  [0m] Started Service for snap application microk8s.daemon-kubelet.
         Starting Login Service...
[[0;32m  OK  [0m] Started Service for snap application microk8s.daemon-apiserver.
[[0;32m  OK  [0m] Started Service for snap application microk8s.daemon-proxy.
[[0;32m  OK  [0m] Started Regular background program processing daemon.
         Starting LSB: Record successful boot for GRUB...
[[0;32m  OK  [0m] Started Deferred execution scheduler.
[[0;32m  OK  [0m] Started Service for snap application microk8s.daemon-apiserver-kicker.
         Starting System Logging Service...
         Starting Snappy daemon...
[[0;32m  OK  [0m] Started Service for snap application microk8s.daemon-flanneld.
[[0;32m  OK  [0m] Started irqbalance daemon.
         Starting Dispatcher daemon for systemd-networkd...
[[0;32m  OK  [0m] Started Service for snap application microk8s.daemon-scheduler.
         Starting LXD - container startup/shutdown...
[[0;32m  OK  [0m] Started System Logging Service.
[[0;32m  OK  [0m] Started Permit User Sessions.
[[0;32m  OK  [0m] Started OpenBSD Secure Shell server.
[[0;32m  OK  [0m] Started Login Service.
[[0;32m  OK  [0m] Started Unattended Upgrades Shutdown.
         Starting Authorization Manager...
         Starting Hold until boot process finishes up...
         Starting Terminate Plymouth Boot Screen...
[[0;32m  OK  [0m] Started Hold until boot process finishes up.
[[0;32m  OK  [0m] Started Terminate Plymouth Boot Screen.
         Starting Set console scheme...
[[0;32m  OK  [0m] Started Serial Getty on ttyS0.
[[0;32m  OK  [0m] Started LSB: automatic crash report generation.
[[0;32m  OK  [0m] Started Set console scheme.
[[0;32m  OK  [0m] Created slice system-getty.slice.
[[0;32m  OK  [0m] Started Getty on tty1.
[[0;32m  OK  [0m] Reached target Login Prompts.
[[0;32m  OK  [0m] Started Authorization Manager.
[[0;32m  OK  [0m] Started Accounts Service.
[[0;32m  OK  [0m] Started LSB: Record successful boot for GRUB.
[[0;32m  OK  [0m] Started LXD - container startup/shutdown.
[[0;32m  OK  [0m] Started Virtualbox guest utils.
[[0;32m  OK  [0m] Started Dispatcher daemon for systemd-networkd.
[[0;32m  OK  [0m] Started Snappy daemon.
         Starting Wait until snapd is fully seeded...
[[0;32m  OK  [0m] Started Wait until snapd is fully seeded.
         Starting Apply the settings specified in cloud-config...
[[0;32m  OK  [0m] Reached target Multi-User System.
[[0;32m  OK  [0m] Reached target Graphical Interface.
         Starting Update UTMP about System Runlevel Changes...
[[0;32m  OK  [0m] Started Update UTMP about System Runlevel Changes.
[   17.198020] cloud-init[1773]: Cloud-init v. 19.2-36-g059d049c-0ubuntu2~18.04.1 running 'modules:config' at Fri, 22 Nov 2019 03:03:17 +0000. Up 17.02 seconds.
[[0;32m  OK  [0m] Started Apply the settings specified in cloud-config.
         Starting Execute cloud user/final scripts...
[   18.058830] cloud-init[1853]: Cloud-init v. 19.2-36-g059d049c-0ubuntu2~18.04.1 running 'modules:final' at Fri, 22 Nov 2019 03:03:18 +0000. Up 17.83 seconds.
[   18.063291] cloud-init[1853]: Cloud-init v. 19.2-36-g059d049c-0ubuntu2~18.04.1 finished at Fri, 22 Nov 2019 03:03:18 +0000. Datasource DataSourceNoCloud [seed=/dev/sdb][dsmode=net].  Up 18.04 seconds
[[0;32m  OK  [0m] Started Execute cloud user/final scripts.
[[0;32m  OK  [0m] Reached target Cloud-init target.

Ubuntu 18.04.3 LTS microk8s ttyS0

microk8s login: 