[    0.000000] Linux version 4.15.0-70-generic (buildd@lgw01-amd64-055) (gcc version 7.4.0 (Ubuntu 7.4.0-1ubuntu1~18.04.1)) #79-Ubuntu SMP Tue Nov 12 10:36:11 UTC 2019 (Ubuntu 4.15.0-70.79-generic 4.15.18)
[    0.000000] Command line: BOOT_IMAGE=/boot/vmlinuz-4.15.0-70-generic root=LABEL=cloudimg-rootfs ro console=tty1 console=ttyS0
[    0.000000] KERNEL supported cpus:
[    0.000000]   Intel GenuineIntel
[    0.000000]   AMD AuthenticAMD
[    0.000000]   Centaur CentaurHauls
[    0.000000] x86/fpu: Supporting XSAVE feature 0x001: 'x87 floating point registers'
[    0.000000] x86/fpu: Supporting XSAVE feature 0x002: 'SSE registers'
[    0.000000] x86/fpu: Supporting XSAVE feature 0x004: 'AVX registers'
[    0.000000] x86/fpu: xstate_offset[2]:  576, xstate_sizes[2]:  256
[    0.000000] x86/fpu: Enabled xstate features 0x7, context size is 832 bytes, using 'standard' format.
[    0.000000] e820: BIOS-provided physical RAM map:
[    0.000000] BIOS-e820: [mem 0x0000000000000000-0x000000000009fbff] usable
[    0.000000] BIOS-e820: [mem 0x000000000009fc00-0x000000000009ffff] reserved
[    0.000000] BIOS-e820: [mem 0x00000000000f0000-0x00000000000fffff] reserved
[    0.000000] BIOS-e820: [mem 0x0000000000100000-0x00000000dffeffff] usable
[    0.000000] BIOS-e820: [mem 0x00000000dfff0000-0x00000000dfffffff] ACPI data
[    0.000000] BIOS-e820: [mem 0x00000000fec00000-0x00000000fec00fff] reserved
[    0.000000] BIOS-e820: [mem 0x00000000fee00000-0x00000000fee00fff] reserved
[    0.000000] BIOS-e820: [mem 0x00000000fffc0000-0x00000000ffffffff] reserved
[    0.000000] BIOS-e820: [mem 0x0000000100000000-0x000000011fffffff] usable
[    0.000000] NX (Execute Disable) protection: active
[    0.000000] SMBIOS 2.5 present.
[    0.000000] DMI: innotek GmbH VirtualBox/VirtualBox, BIOS VirtualBox 12/01/2006
[    0.000000] Hypervisor detected: KVM
[    0.000000] e820: last_pfn = 0x120000 max_arch_pfn = 0x400000000
[    0.000000] MTRR: Disabled
[    0.000000] x86/PAT: MTRRs disabled, skipping PAT initialization too.
[    0.000000] CPU MTRRs all blank - virtualized system.
[    0.000000] x86/PAT: Configuration [0-7]: WB  WT  UC- UC  WB  WT  UC- UC  
[    0.000000] e820: last_pfn = 0xdfff0 max_arch_pfn = 0x400000000
[    0.000000] found SMP MP-table at [mem 0x0009fff0-0x0009ffff]
[    0.000000] Scanning 1 areas for low memory corruption
[    0.000000] RAMDISK: [mem 0x35a8b000-0x36d3cfff]
[    0.000000] ACPI: Early table checksum verification disabled
[    0.000000] ACPI: RSDP 0x00000000000E0000 000024 (v02 VBOX  )
[    0.000000] ACPI: XSDT 0x00000000DFFF0030 00003C (v01 VBOX   VBOXXSDT 00000001 ASL  00000061)
[    0.000000] ACPI: FACP 0x00000000DFFF00F0 0000F4 (v04 VBOX   VBOXFACP 00000001 ASL  00000061)
[    0.000000] ACPI: DSDT 0x00000000DFFF0480 0022EA (v02 VBOX   VBOXBIOS 00000002 INTL 20100528)
[    0.000000] ACPI: FACS 0x00000000DFFF0200 000040
[    0.000000] ACPI: FACS 0x00000000DFFF0200 000040
[    0.000000] ACPI: APIC 0x00000000DFFF0240 00006C (v02 VBOX   VBOXAPIC 00000001 ASL  00000061)
[    0.000000] ACPI: SSDT 0x00000000DFFF02B0 0001CC (v01 VBOX   VBOXCPUT 00000002 INTL 20100528)
[    0.000000] No NUMA configuration found
[    0.000000] Faking a node at [mem 0x0000000000000000-0x000000011fffffff]
[    0.000000] NODE_DATA(0) allocated [mem 0x11ffd1000-0x11fffbfff]
[    0.000000] kvm-clock: cpu 0, msr 1:1ff50001, primary cpu clock
[    0.000000] kvm-clock: Using msrs 4b564d01 and 4b564d00
[    0.000000] kvm-clock: using sched offset of 3898374272 cycles
[    0.000000] clocksource: kvm-clock: mask: 0xffffffffffffffff max_cycles: 0x1cd42e4dffb, max_idle_ns: 881590591483 ns
[    0.000000] Zone ranges:
[    0.000000]   DMA      [mem 0x0000000000001000-0x0000000000ffffff]
[    0.000000]   DMA32    [mem 0x0000000001000000-0x00000000ffffffff]
[    0.000000]   Normal   [mem 0x0000000100000000-0x000000011fffffff]
[    0.000000]   Device   empty
[    0.000000] Movable zone start for each node
[    0.000000] Early memory node ranges
[    0.000000]   node   0: [mem 0x0000000000001000-0x000000000009efff]
[    0.000000]   node   0: [mem 0x0000000000100000-0x00000000dffeffff]
[    0.000000]   node   0: [mem 0x0000000100000000-0x000000011fffffff]
[    0.000000] Reserved but unavailable: 98 pages
[    0.000000] Initmem setup node 0 [mem 0x0000000000001000-0x000000011fffffff]
[    0.000000] ACPI: PM-Timer IO Port: 0x4008
[    0.000000] IOAPIC[0]: apic_id 4, version 32, address 0xfec00000, GSI 0-23
[    0.000000] ACPI: INT_SRC_OVR (bus 0 bus_irq 0 global_irq 2 dfl dfl)
[    0.000000] ACPI: INT_SRC_OVR (bus 0 bus_irq 9 global_irq 9 low level)
[    0.000000] Using ACPI (MADT) for SMP configuration information
[    0.000000] smpboot: Allowing 4 CPUs, 0 hotplug CPUs
[    0.000000] PM: Registered nosave memory: [mem 0x00000000-0x00000fff]
[    0.000000] PM: Registered nosave memory: [mem 0x0009f000-0x0009ffff]
[    0.000000] PM: Registered nosave memory: [mem 0x000a0000-0x000effff]
[    0.000000] PM: Registered nosave memory: [mem 0x000f0000-0x000fffff]
[    0.000000] PM: Registered nosave memory: [mem 0xdfff0000-0xdfffffff]
[    0.000000] PM: Registered nosave memory: [mem 0xe0000000-0xfebfffff]
[    0.000000] PM: Registered nosave memory: [mem 0xfec00000-0xfec00fff]
[    0.000000] PM: Registered nosave memory: [mem 0xfec01000-0xfedfffff]
[    0.000000] PM: Registered nosave memory: [mem 0xfee00000-0xfee00fff]
[    0.000000] PM: Registered nosave memory: [mem 0xfee01000-0xfffbffff]
[    0.000000] PM: Registered nosave memory: [mem 0xfffc0000-0xffffffff]
[    0.000000] e820: [mem 0xe0000000-0xfebfffff] available for PCI devices
[    0.000000] Booting paravirtualized kernel on KVM
[    0.000000] clocksource: refined-jiffies: mask: 0xffffffff max_cycles: 0xffffffff, max_idle_ns: 7645519600211568 ns
[    0.000000] random: get_random_bytes called from start_kernel+0x99/0x4fd with crng_init=0
[    0.000000] setup_percpu: NR_CPUS:8192 nr_cpumask_bits:4 nr_cpu_ids:4 nr_node_ids:1
[    0.000000] percpu: Embedded 45 pages/cpu s147456 r8192 d28672 u524288
[    0.000000] PV qspinlock hash table entries: 256 (order: 0, 4096 bytes)
[    0.000000] Built 1 zonelists, mobility grouping on.  Total pages: 1032057
[    0.000000] Policy zone: Normal
[    0.000000] Kernel command line: BOOT_IMAGE=/boot/vmlinuz-4.15.0-70-generic root=LABEL=cloudimg-rootfs ro console=tty1 console=ttyS0
[    0.000000] Memory: 4013692K/4193848K available (12300K kernel code, 2481K rwdata, 4264K rodata, 2432K init, 2388K bss, 180156K reserved, 0K cma-reserved)
[    0.000000] SLUB: HWalign=64, Order=0-3, MinObjects=0, CPUs=4, Nodes=1
[    0.000000] Kernel/User page tables isolation: enabled
[    0.000000] ftrace: allocating 39315 entries in 154 pages
[    0.004000] Hierarchical RCU implementation.
[    0.004000] 	RCU restricting CPUs from NR_CPUS=8192 to nr_cpu_ids=4.
[    0.004000] 	Tasks RCU enabled.
[    0.004000] RCU: Adjusting geometry for rcu_fanout_leaf=16, nr_cpu_ids=4
[    0.004000] NR_IRQS: 524544, nr_irqs: 456, preallocated irqs: 16
[    0.004000] Console: colour VGA+ 80x25
[    0.004000] console [tty1] enabled
[    0.004000] console [ttyS0] enabled
[    0.004000] ACPI: Core revision 20170831
[    0.004000] ACPI: 2 ACPI AML tables successfully acquired and loaded
[    0.004000] APIC: Switch to symmetric I/O mode setup
[    0.004000] x2apic enabled
[    0.004000] Switched APIC routing to physical x2apic.
[    0.004000] ..TIMER: vector=0x30 apic1=0 pin1=2 apic2=-1 pin2=-1
[    0.004003] tsc: Detected 2592.000 MHz processor
[    0.004897] Calibrating delay loop (skipped) preset value.. 5184.00 BogoMIPS (lpj=10368000)
[    0.008003] pid_max: default: 32768 minimum: 301
[    0.009003] Security Framework initialized
[    0.009794] Yama: becoming mindful.
[    0.010571] AppArmor: AppArmor initialized
[    0.016137] Dentry cache hash table entries: 524288 (order: 10, 4194304 bytes)
[    0.020127] Inode-cache hash table entries: 262144 (order: 9, 2097152 bytes)
[    0.021357] Mount-cache hash table entries: 8192 (order: 4, 65536 bytes)
[    0.024008] Mountpoint-cache hash table entries: 8192 (order: 4, 65536 bytes)
[    0.025644] Last level iTLB entries: 4KB 64, 2MB 8, 4MB 8
[    0.026650] Last level dTLB entries: 4KB 64, 2MB 0, 4MB 0, 1GB 4
[    0.028002] Spectre V1 : Mitigation: usercopy/swapgs barriers and __user pointer sanitization
[    0.029819] Spectre V2 : Mitigation: Full generic retpoline
[    0.031265] Spectre V2 : Spectre v2 / SpectreRSB mitigation: Filling RSB on context switch
[    0.032004] Speculative Store Bypass: Vulnerable
[    0.033001] MDS: Mitigation: Clear CPU buffers
[    0.034213] Freeing SMP alternatives memory: 36K
[    0.145866] smpboot: CPU0: Intel(R) Core(TM) i7-9750H CPU @ 2.60GHz (family: 0x6, model: 0x9e, stepping: 0xa)
[    0.148000] Performance Events: unsupported p6 CPU model 158 no PMU driver, software events only.
[    0.148032] Hierarchical SRCU implementation.
[    0.149455] NMI watchdog: Perf event create on CPU 0 failed with -2
[    0.150611] NMI watchdog: Perf NMI watchdog permanently disabled
[    0.152046] smp: Bringing up secondary CPUs ...
[    0.155653] x86: Booting SMP configuration:
[    0.156002] .... node  #0, CPUs:      #1
[    0.004000] kvm-clock: cpu 1, msr 1:1ff50041, secondary cpu clock
[    0.160074]  #2
[    0.004000] kvm-clock: cpu 2, msr 1:1ff50081, secondary cpu clock
[    0.164086]  #3
[    0.004000] kvm-clock: cpu 3, msr 1:1ff500c1, secondary cpu clock
[    0.168015] smp: Brought up 1 node, 4 CPUs
[    0.169017] smpboot: Max logical packages: 1
[    0.169833] smpboot: Total of 4 processors activated (20736.00 BogoMIPS)
[    0.172045] devtmpfs: initialized
[    0.173039] x86/mm: Memory block size: 128MB
[    0.174308] evm: security.selinux
[    0.174969] evm: security.SMACK64
[    0.175721] evm: security.SMACK64EXEC
[    0.176003] evm: security.SMACK64TRANSMUTE
[    0.176979] evm: security.SMACK64MMAP
[    0.177795] evm: security.apparmor
[    0.178523] evm: security.ima
[    0.180005] evm: security.capability
[    0.181232] clocksource: jiffies: mask: 0xffffffff max_cycles: 0xffffffff, max_idle_ns: 7645041785100000 ns
[    0.181925] futex hash table entries: 1024 (order: 4, 65536 bytes)
[    0.184066] pinctrl core: initialized pinctrl subsystem
[    0.185342] RTC time:  6:24:25, date: 11/21/19
[    0.186670] NET: Registered protocol family 16
[    0.188071] audit: initializing netlink subsys (disabled)
[    0.189383] audit: type=2000 audit(1574317471.250:1): state=initialized audit_enabled=0 res=1
[    0.189633] cpuidle: using governor ladder
[    0.192007] cpuidle: using governor menu
[    0.192868] ACPI: bus type PCI registered
[    0.194330] acpiphp: ACPI Hot Plug PCI Controller Driver version: 0.5
[    0.196096] PCI: Using configuration type 1 for base access
[    0.197138] HugeTLB registered 2.00 MiB page size, pre-allocated 0 pages
[    0.202518] ACPI: Added _OSI(Module Device)
[    0.204003] ACPI: Added _OSI(Processor Device)
[    0.204765] ACPI: Added _OSI(3.0 _SCP Extensions)
[    0.205562] ACPI: Added _OSI(Processor Aggregator Device)
[    0.206466] ACPI: Added _OSI(Linux-Dell-Video)
[    0.207255] ACPI: Added _OSI(Linux-Lenovo-NV-HDMI-Audio)
[    0.208002] ACPI: Added _OSI(Linux-HPI-Hybrid-Graphics)
[    0.209243] ACPI: Executed 1 blocks of module-level executable AML code
[    0.214453] ACPI: Interpreter enabled
[    0.215143] ACPI: (supports S0 S5)
[    0.216003] ACPI: Using IOAPIC for interrupt routing
[    0.217123] PCI: Using host bridge windows from ACPI; if necessary, use "pci=nocrs" and report a bug
[    0.218879] ACPI: Enabled 2 GPEs in block 00 to 07
[    0.225670] ACPI: PCI Root Bridge [PCI0] (domain 0000 [bus 00-ff])
[    0.226855] acpi PNP0A03:00: _OSC: OS supports [ASPM ClockPM Segments MSI]
[    0.228176] acpi PNP0A03:00: _OSC: not requesting OS control; OS requires [ExtendedConfig ASPM ClockPM MSI]
[    0.230373] acpi PNP0A03:00: fail to add MMCONFIG information, can't access extended PCI configuration space under this bridge.
[    0.232358] PCI host bridge to bus 0000:00
[    0.234132] pci_bus 0000:00: root bus resource [io  0x0000-0x0cf7 window]
[    0.236003] pci_bus 0000:00: root bus resource [io  0x0d00-0xffff window]
[    0.237139] pci_bus 0000:00: root bus resource [mem 0x000a0000-0x000bffff window]
[    0.238383] pci_bus 0000:00: root bus resource [mem 0xe0000000-0xfdffffff window]
[    0.239620] pci_bus 0000:00: root bus resource [bus 00-ff]
[    0.241834] pci 0000:00:01.1: legacy IDE quirk: reg 0x10: [io  0x01f0-0x01f7]
[    0.244003] pci 0000:00:01.1: legacy IDE quirk: reg 0x14: [io  0x03f6]
[    0.245468] pci 0000:00:01.1: legacy IDE quirk: reg 0x18: [io  0x0170-0x0177]
[    0.246636] pci 0000:00:01.1: legacy IDE quirk: reg 0x1c: [io  0x0376]
[    0.288947] pci 0000:00:07.0: quirk: [io  0x4000-0x403f] claimed by PIIX4 ACPI
[    0.290431] pci 0000:00:07.0: quirk: [io  0x4100-0x410f] claimed by PIIX4 SMB
[    0.320847] ACPI: PCI Interrupt Link [LNKA] (IRQs 5 9 10 *11)
[    0.322288] ACPI: PCI Interrupt Link [LNKB] (IRQs 5 9 *10 11)
[    0.323429] ACPI: PCI Interrupt Link [LNKC] (IRQs 5 *9 10 11)
[    0.324140] ACPI: PCI Interrupt Link [LNKD] (IRQs 5 9 10 *11)
[    0.325637] SCSI subsystem initialized
[    0.326511] pci 0000:00:02.0: vgaarb: setting as boot VGA device
[    0.326511] pci 0000:00:02.0: vgaarb: VGA device added: decodes=io+mem,owns=io+mem,locks=none
[    0.328027] pci 0000:00:02.0: vgaarb: bridge control possible
[    0.329054] vgaarb: loaded
[    0.332015] ACPI: bus type USB registered
[    0.332763] usbcore: registered new interface driver usbfs
[    0.334483] usbcore: registered new interface driver hub
[    0.335415] usbcore: registered new device driver usb
[    0.336032] EDAC MC: Ver: 3.0.0
[    0.336978] PCI: Using ACPI for IRQ routing
[    0.337171] NetLabel: Initializing
[    0.337877] NetLabel:  domain hash size = 128
[    0.338810] NetLabel:  protocols = UNLABELED CIPSOv4 CALIPSO
[    0.340021] NetLabel:  unlabeled traffic allowed by default
[    0.341142] clocksource: Switched to clocksource kvm-clock
[    0.363377] VFS: Disk quotas dquot_6.6.0
[    0.364917] VFS: Dquot-cache hash table entries: 512 (order 0, 4096 bytes)
[    0.366507] AppArmor: AppArmor Filesystem Enabled
[    0.367693] pnp: PnP ACPI init
[    0.369818] pnp: PnP ACPI: found 3 devices
[    0.385159] clocksource: acpi_pm: mask: 0xffffff max_cycles: 0xffffff, max_idle_ns: 2085701024 ns
[    0.387013] NET: Registered protocol family 2
[    0.388240] TCP established hash table entries: 32768 (order: 6, 262144 bytes)
[    0.389793] TCP bind hash table entries: 32768 (order: 7, 524288 bytes)
[    0.394897] TCP: Hash tables configured (established 32768 bind 32768)
[    0.396471] UDP hash table entries: 2048 (order: 4, 65536 bytes)
[    0.397913] UDP-Lite hash table entries: 2048 (order: 4, 65536 bytes)
[    0.399356] NET: Registered protocol family 1
[    0.400168] pci 0000:00:00.0: Limiting direct PCI/PCI transfers
[    0.401209] pci 0000:00:01.0: Activating ISA DMA hang workarounds
[    0.402360] pci 0000:00:02.0: Video device with shadowed ROM at [mem 0x000c0000-0x000dffff]
[    0.404082] Unpacking initramfs...
[    0.678010] Freeing initrd memory: 19144K
[    0.679284] PCI-DMA: Using software bounce buffering for IO (SWIOTLB)
[    0.680795] software IO TLB: mapped [mem 0xdbff0000-0xdfff0000] (64MB)
[    0.682174] clocksource: tsc: mask: 0xffffffffffffffff max_cycles: 0x255cb6cc5db, max_idle_ns: 440795203504 ns
[    0.684167] platform rtc_cmos: registered platform RTC device (no PNP device found)
[    0.685616] Scanning for low memory corruption every 60 seconds
[    0.687576] Initialise system trusted keyrings
[    0.688595] Key type blacklist registered
[    0.689643] workingset: timestamp_bits=36 max_order=20 bucket_order=0
[    0.692083] zbud: loaded
[    0.693359] squashfs: version 4.0 (2009/01/31) Phillip Lougher
[    0.694918] fuse init (API version 7.26)
[    0.698967] Key type asymmetric registered
[    0.699731] Asymmetric key parser 'x509' registered
[    0.700724] Block layer SCSI generic (bsg) driver version 0.4 loaded (major 246)
[    0.702273] io scheduler noop registered
[    0.703026] io scheduler deadline registered
[    0.704056] io scheduler cfq registered (default)
[    0.705644] ACPI: AC Adapter [AC] (on-line)
[    0.706635] input: Power Button as /devices/LNXSYSTM:00/LNXPWRBN:00/input/input0
[    0.708213] ACPI: Power Button [PWRF]
[    0.709102] input: Sleep Button as /devices/LNXSYSTM:00/LNXSLPBN:00/input/input1
[    0.710717] ACPI: Sleep Button [SLPF]
[    0.712792] ACPI: Battery Slot [BAT0] (battery present)
[    0.714008] Serial: 8250/16550 driver, 32 ports, IRQ sharing enabled
[    0.735972] 00:02: ttyS0 at I/O 0x3f8 (irq = 4, base_baud = 115200) is a 16550A
[    0.743190] Linux agpgart interface v0.103
[    0.748333] loop: module loaded
[    0.749589] scsi host0: ata_piix
[    0.750500] scsi host1: ata_piix
[    0.751140] ata1: PATA max UDMA/33 cmd 0x1f0 ctl 0x3f6 bmdma 0xd000 irq 14
[    0.752373] ata2: PATA max UDMA/33 cmd 0x170 ctl 0x376 bmdma 0xd008 irq 15
[    0.753514] libphy: Fixed MDIO Bus: probed
[    0.754333] tun: Universal TUN/TAP device driver, 1.6
[    0.755618] PPP generic driver version 2.4.2
[    0.756624] ehci_hcd: USB 2.0 'Enhanced' Host Controller (EHCI) Driver
[    0.757998] ehci-pci: EHCI PCI platform driver
[    0.758948] ehci-platform: EHCI generic platform driver
[    0.759988] ohci_hcd: USB 1.1 'Open' Host Controller (OHCI) Driver
[    0.761104] ohci-pci: OHCI PCI platform driver
[    0.761882] ohci-platform: OHCI generic platform driver
[    0.762762] uhci_hcd: USB Universal Host Controller Interface driver
[    0.763834] i8042: PNP: PS/2 Controller [PNP0303:PS2K,PNP0f03:PS2M] at 0x60,0x64 irq 1,12
[    0.765777] serio: i8042 KBD port at 0x60,0x64 irq 1
[    0.766653] serio: i8042 AUX port at 0x60,0x64 irq 12
[    0.767768] mousedev: PS/2 mouse device common for all mice
[    0.769331] input: AT Translated Set 2 keyboard as /devices/platform/i8042/serio0/input/input2
[    0.770767] rtc_cmos rtc_cmos: rtc core: registered rtc_cmos as rtc0
[    0.771966] rtc_cmos rtc_cmos: alarms up to one day, 114 bytes nvram
[    0.773052] i2c /dev entries driver
[    0.773780] device-mapper: uevent: version 1.0.3
[    0.774811] device-mapper: ioctl: 4.37.0-ioctl (2017-09-20) initialised: dm-devel@redhat.com
[    0.776650] ledtrig-cpu: registered to indicate activity on CPUs
[    0.778592] NET: Registered protocol family 10
[    0.785996] Segment Routing with IPv6
[    0.786800] NET: Registered protocol family 17
[    0.787879] Key type dns_resolver registered
[    0.789459] mce: Using 0 MCE banks
[    0.790230] RAS: Correctable Errors collector initialized.
[    0.791476] sched_clock: Marking stable (789432925, 0)->(1125282652, -335849727)
[    0.794782] registered taskstats version 1
[    0.795577] Loading compiled-in X.509 certificates
[    0.798627] Loaded X.509 cert 'Build time autogenerated kernel key: 1859b0531897959199376c446a0bd70df75fd1fc'
[    0.800239] zswap: loaded using pool lzo/zbud
[    0.805284] Key type big_key registered
[    0.805964] Key type trusted registered
[    0.808242] Key type encrypted registered
[    0.809304] AppArmor: AppArmor sha1 policy hashing enabled
[    0.810211] ima: No TPM chip found, activating TPM-bypass! (rc=-19)
[    0.811220] ima: Allocated hash algorithm: sha1
[    0.811986] evm: HMAC attrs: 0x1
[    0.812917]   Magic number: 11:617:418
[    0.813701] rtc_cmos rtc_cmos: setting system clock to 2019-11-21 06:24:26 UTC (1574317466)
[    0.815240] BIOS EDD facility v0.16 2004-Jun-25, 0 devices found
[    0.816240] EDD information not available.
[    0.914724] Freeing unused kernel image memory: 2432K
[    1.117098] Write protecting the kernel read-only data: 20480k
[    1.119023] Freeing unused kernel image memory: 2008K
[    1.120325] Freeing unused kernel image memory: 1880K
[    1.128593] x86/mm: Checked W+X mappings: passed, no W+X pages found.
[    1.130042] x86/mm: Checking user space page tables
[    1.137694] x86/mm: Checked W+X mappings: passed, no W+X pages found.
Loading, please wait...
starting version 237
[    1.200794] e1000: Intel(R) PRO/1000 Network Driver - version 7.3.21-k8-NAPI
[    1.202186] e1000: Copyright (c) 1999-2006 Intel Corporation.
[    1.203516] Fusion MPT base driver 3.04.20
[    1.204898] Copyright (c) 1999-2008 LSI Corporation
[    1.209144] Fusion MPT SPI Host driver 3.04.20
[    1.219209] AVX2 version of gcm_enc/dec engaged.
[    1.220167] AES CTR mode by8 optimization enabled
[    1.417017] input: ImExPS/2 Generic Explorer Mouse as /devices/platform/i8042/serio1/input/input4
[    1.591125] e1000 0000:00:03.0 eth0: (PCI:33MHz:32-bit) 02:00:53:70:0f:50
[    1.594267] e1000 0000:00:03.0 eth0: Intel(R) PRO/1000 Network Connection
[    1.603806] mptbase: ioc0: Initiating bringup
[    1.705907] ioc0: LSI53C1030 A0: Capabilities={Initiator}
[    1.963171] scsi host2: ioc0: LSI53C1030 A0, FwRev=00000000h, Ports=1, MaxQ=256, IRQ=20
[    2.133164] scsi 2:0:0:0: Direct-Access     VBOX     HARDDISK         1.0  PQ: 0 ANSI: 5
[    2.175949] scsi target2:0:0: Beginning Domain Validation
[    2.179388] scsi target2:0:0: Domain Validation skipping write tests
[    2.180699] scsi target2:0:0: Ending Domain Validation
[    2.181923] scsi target2:0:0: asynchronous
[    2.183163] scsi 2:0:1:0: Direct-Access     VBOX     HARDDISK         1.0  PQ: 0 ANSI: 5
[    2.509484] scsi target2:0:1: Beginning Domain Validation
[    2.512352] random: fast init done
[    2.513166] scsi target2:0:1: Domain Validation skipping write tests
[    2.514180] scsi target2:0:1: Ending Domain Validation
[    2.515103] scsi target2:0:1: asynchronous
[    2.519261] random: systemd-udevd: uninitialized urandom read (16 bytes read)
[    2.519997] sd 2:0:0:0: [sda] 251658240 512-byte logical blocks: (129 GB/120 GiB)
[    2.520795] random: systemd-udevd: uninitialized urandom read (16 bytes read)
[    2.520819] sd 2:0:0:0: Attached scsi generic sg0 type 0
[    2.523478] sd 2:0:0:0: [sda] Write Protect is off
[    2.528730] random: systemd-udevd: uninitialized urandom read (16 bytes read)
[    2.541002] sd 2:0:1:0: Attached scsi generic sg1 type 0
[    2.546332] sd 2:0:0:0: [sda] Incomplete mode parameter data
[    2.550261] sd 2:0:1:0: [sdb] 20480 512-byte logical blocks: (10.5 MB/10.0 MiB)
[    2.550619] sd 2:0:1:0: [sdb] Write Protect is off
[    2.554334] sd 2:0:0:0: [sda] Assuming drive cache: write through
[    2.556455]  sda: sda1
[    2.559387] e1000 0000:00:08.0 eth1: (PCI:33MHz:32-bit) 08:00:27:ce:bb:f6
[    2.564785] e1000 0000:00:08.0 eth1: Intel(R) PRO/1000 Network Connection
[    2.564861] sd 2:0:1:0: [sdb] Incomplete mode parameter data
[    2.567480] sd 2:0:0:0: [sda] Attached SCSI disk
[    2.568983] sd 2:0:1:0: [sdb] Assuming drive cache: write through
[    2.574478] e1000 0000:00:03.0 enp0s3: renamed from eth0
[    2.600712] e1000 0000:00:08.0 enp0s8: renamed from eth1
[    2.618153] sd 2:0:1:0: [sdb] Attached SCSI disk
Begin: Loading essential drivers ... [    4.200409] raid6: sse2x1   gen() 13227 MB/s
[    4.248019] raid6: sse2x1   xor()  9807 MB/s
[    4.296108] raid6: sse2x2   gen() 16117 MB/s
[    4.344410] raid6: sse2x2   xor()  9549 MB/s
[    4.392566] raid6: sse2x4   gen() 18985 MB/s
[    4.440144] raid6: sse2x4   xor() 11466 MB/s
[    4.488322] raid6: avx2x1   gen() 27273 MB/s
[    4.536579] raid6: avx2x1   xor() 18777 MB/s
[    4.584188] raid6: avx2x2   gen() 33581 MB/s
[    4.632184] raid6: avx2x2   xor() 20113 MB/s
[    4.680447] raid6: avx2x4   gen() 36837 MB/s
[    4.728020] raid6: avx2x4   xor() 22359 MB/s
[    4.728821] raid6: using algorithm avx2x4 gen() 36837 MB/s
[    4.729949] raid6: .... xor() 22359 MB/s, rmw enabled
[    4.730880] raid6: using avx2x2 recovery algorithm
[    4.733139] xor: automatically using best checksumming function   avx       
[    4.735638] async_tx: api initialized (async)
done.
Begin: Running /scripts/init-premount ... done.
Begin: Mounting root file system ... Begin: Running /scripts/local-top ... done.
Begin: Running /scripts/local-premount ... [    4.774195] Btrfs loaded, crc32c=crc32c-intel
Scanning for Btrfs filesystems
done.
Warning: fsck not present, so skipping root file system
[    4.803703] EXT4-fs (sda1): mounted filesystem with ordered data mode. Opts: (null)
done.
Begin: Running /scripts/local-bottom ... done.
Begin: Running /scripts/init-bottom ... done.
[    4.962712] ip_tables: (C) 2000-2006 Netfilter Core Team
[    4.972801] systemd[1]: systemd 237 running in system mode. (+PAM +AUDIT +SELINUX +IMA +APPARMOR +SMACK +SYSVINIT +UTMP +LIBCRYPTSETUP +GCRYPT +GNUTLS +ACL +XZ +LZ4 +SECCOMP +BLKID +ELFUTILS +KMOD -IDN2 +IDN -PCRE2 default-hierarchy=hybrid)
[    4.976242] systemd[1]: Detected virtualization oracle.
[    4.977159] systemd[1]: Detected architecture x86-64.

Welcome to [1mUbuntu 18.04.3 LTS[0m!

[    4.986304] systemd[1]: Set hostname to <ubuntu>.
[    4.990336] systemd[1]: Initializing machine ID from random generator.
[    4.991433] systemd[1]: Installed transient /etc/machine-id file.
[    5.213062] systemd[1]: Reached target Swap.
[[0;32m  OK  [0m] Reached target Swap.
[    5.214378] systemd[1]: Set up automount Arbitrary Executable File Formats File System Automount Point.
[[0;32m  OK  [0m] Set up automount Arbitrary Executab…rmats File System Automount Point.
[    5.228728] systemd[1]: Reached target System Time Synchronized.
[[0;32m  OK  [0m] Reached target System Time Synchronized.
[    5.230525] systemd[1]: Started Forward Password Requests to Wall Directory Watch.
[[0;32m  OK  [0m] Started Forward Password Requests to Wall Directory Watch.
[[0;32m  OK  [0m] Created slice System Slice.
[[0;32m  OK  [0m] Listening on Journal Audit Socket.
[[0;32m  OK  [0m] Listening on /dev/initctl Compatibility Named Pipe.
[[0;32m  OK  [0m] Listening on Syslog Socket.
[[0;32m  OK  [0m] Listening on Journal Socket.
         Mounting POSIX Message Queue File System...
         Starting Set the console keyboard layout...
         Starting Uncomplicated firewall...
         Starting Load Kernel Modules...
[[0;32m  OK  [0m] Listening on Device-mapper event daemon FIFOs.
         Starting Create list of required st…ce nodes for the current kernel...
[[0;32m  OK  [0m] Listening on udev Kernel Socket.
[[0;32m  OK  [0m] Listening on udev Control Socket.
[[0;32m  OK  [0m] Listening on LVM2 metadata daemon socket.
[[0;32m  OK  [0m] Listening on Network Service Netlink Socket.
         Starting Remount Root and Kernel File Systems...
[    5.656244] Loading iSCSI transport class v2.0-870.
         Starting udev Coldplug all Devices...
[[0;32m  OK  [0m] Listening on LVM2 poll daemon socket.
         Starting Monitoring of LVM2 mirrors…ng dmeventd or progress polling...
[[0;32m  OK  [0m] Reached target User and Group Name Lookups.
[[0;32m  OK  [0m] Created slice system-serial\x2dgetty.slice.
         Mounting Kernel Debug File System...
[    5.666572] iscsi: registered transport (tcp)
         Mounting Huge Pages File System...
[[0;32m  OK  [0m] Created slice User and Session Slice.
[[0;32m  OK  [0m] Reached target Slices.
[[0;32m  OK  [0m] Listening on Journal Socket (/dev/log).
         Starting Journal Service...
[[0;32m  OK  [0m] Mounted POSIX Message Queue File System.
[[0;32m  OK  [0m] Started Uncomplicated firewall.
[[0;32m  OK  [0m] Started Create list of required sta…vice nodes for the current kernel.
[[0;32m  OK  [0m] Mounted Kernel Debug File System.
[[0;32m  OK  [0m] Mounted Huge Pages File System.
         Starting Create Static Device Nodes in /dev...
[[0;32m  OK  [0m] Started LVM2 metadata daemon.
[    5.745137] EXT4-fs (sda1): re-mounted. Opts: (null)
[[0;32m  OK  [0m] Started Remount Root and Kernel File Systems.
[    5.748271] iscsi: registered transport (iser)
         Starting Load/Save Random Seed...
[[0;32m  OK  [0m] Started Load Kernel Modules.
[[0;32m  OK  [0m] Started Create Static Device Nodes in /dev.
[[0;32m  OK  [0m] Started udev Coldplug all Devices.
[[0;32m  OK  [0m] Started Load/Save Random Seed.
[[0;32m  OK  [0m] Started Journal Service.
[[0;32m  OK  [0m] Started Monitoring of LVM2 mirrors,…sing dmeventd or progress polling.
         Starting Flush Journal to Persistent Storage...
         Starting udev Kernel Device Manager...
         Mounting FUSE Control File System...
         Starting Apply Kernel Variables...
         Mounting Kernel Configuration File System...
[[0;32m  OK  [0m] Mounted FUSE Control File System.
[[0;32m  OK  [0m] Mounted Kernel Configuration File System.
[    5.879167] systemd-journald[434]: Received request to flush runtime journal from PID 1
[[0;32m  OK  [0m] Started udev Kernel Device Manager.
[[0;32m  OK  [0m] Started Apply Kernel Variables.
[[0;32m  OK  [0m] Started Flush Journal to Persistent Storage.
[[0;32m  OK  [0m] Found device /dev/ttyS0.
[[0;32m  OK  [0m] Listening on Load/Save RF Kill Switch Status /dev/rfkill Watch.
[[0;32m  OK  [0m] Started Set the console keyboard layout.
[[0;32m  OK  [0m] Started Dispatch Password Requests to Console Directory Watch.
[[0;32m  OK  [0m] Reached target Local Encrypted Volumes.
[[0;32m  OK  [0m] Reached target Local File Systems (Pre).
[[0;32m  OK  [0m] Reached target Local File Systems.
         Starting Tell Plymouth To Write Out Runtime Data...
         Starting Set console font and keymap...
         Starting ebtables ruleset management...
         Starting AppArmor initialization...
         Starting Commit a transient machine-id on disk...
         Starting Create Volatile Files and Directories...
[[0;32m  OK  [0m] Started Tell Plymouth To Write Out Runtime Data.
[[0;32m  OK  [0m] Started Set console font and keymap.
[[0;32m  OK  [0m] Started Create Volatile Files and Directories.
         Starting Update UTMP about System Boot/Shutdown...
[[0;32m  OK  [0m] Started Update UTMP about System Boot/Shutdown.
[[0;32m  OK  [0m] Started Commit a transient machine-id on disk.
[[0;32m  OK  [0m] Started ebtables ruleset management.
[[0;32m  OK  [0m] Started AppArmor initialization.
         Starting Initial cloud-init job (pre-networking)...
[    8.942714] cloud-init[765]: Cloud-init v. 19.2-36-g059d049c-0ubuntu2~18.04.1 running 'init-local' at Thu, 21 Nov 2019 06:24:34 +0000. Up 8.55 seconds.
[[0;32m  OK  [0m] Started Initial cloud-init job (pre-networking).
[[0;32m  OK  [0m] Reached target Network (Pre).
         Starting Network Service...
[[0;32m  OK  [0m] Started Network Service.
         Starting Wait for Network to be Configured...
         Starting Network Name Resolution...
[[0;32m  OK  [0m] Started Network Name Resolution.
[[0;32m  OK  [0m] Reached target Host and Network Name Lookups.
[[0;32m  OK  [0m] Reached target Network.
[[0;32m  OK  [0m] Started Wait for Network to be Configured.
         Starting Initial cloud-init job (metadata service crawler)...
[   11.318269] cloud-init[874]: Cloud-init v. 19.2-36-g059d049c-0ubuntu2~18.04.1 running 'init' at Thu, 21 Nov 2019 06:24:36 +0000. Up 11.13 seconds.
[   11.319235] cloud-init[874]: ci-info: ++++++++++++++++++++++++++++++++++++Net device info+++++++++++++++++++++++++++++++++++++
[   11.319917] cloud-init[874]: ci-info: +--------+-------+------------------------+---------------+--------+-------------------+
[   11.321109] cloud-init[874]: ci-info: | Device |   Up  |        Address         |      Mask     | Scope  |     Hw-Address    |
[   11.322430] cloud-init[874]: ci-info: +--------+-------+------------------------+---------------+--------+-------------------+
[   11.323646] cloud-init[874]: ci-info: | enp0s3 |  True |       10.0.2.15        | 255.255.255.0 | global | 02:00:53:70:0f:50 |
[   11.324994] cloud-init[874]: ci-info: | enp0s3 |  True | fe80::53ff:fe70:f50/64 |       .       |  link  | 02:00:53:70:0f:50 |
[   11.326246] cloud-init[874]: ci-info: | enp0s8 | False |           .            |       .       |   .    | 08:00:27:ce:bb:f6 |
[   11.327596] cloud-init[874]: ci-info: |   lo   |  True |       127.0.0.1        |   255.0.0.0   |  host  |         .         |
[   11.328939] cloud-init[874]: ci-info: |   lo   |  True |        ::1/128         |       .       |  host  |         .         |
[   11.334929] cloud-init[874]: ci-info: +--------+-------+------------------------+---------------+--------+-------------------+
[   11.335737] cloud-init[874]: ci-info: ++++++++++++++++++++++++++++Route IPv4 info+++++++++++++++++++++++++++++
[   11.336847] cloud-init[874]: ci-info: +-------+-------------+----------+-----------------+-----------+-------+
[   11.348412] cloud-init[874]: ci-info: | Route | Destination | Gateway  |     Genmask     | Interface | Flags |
[   11.364342] cloud-init[874]: ci-info: +-------+-------------+----------+-----------------+-----------+-------+
[   11.376900] cloud-init[874]: ci-info: |   0   |   0.0.0.0   | 10.0.2.2 |     0.0.0.0     |   enp0s3  |   UG  |
[   11.377621] cloud-init[874]: ci-info: |   1   |   10.0.2.0  | 0.0.0.0  |  255.255.255.0  |   enp0s3  |   U   |
[   11.378355] cloud-init[874]: ci-info: |   2   |   10.0.2.2  | 0.0.0.0  | 255.255.255.255 |   enp0s3  |   UH  |
[   11.379318] cloud-init[874]: ci-info: +-------+-------------+----------+-----------------+-----------+-------+
[   11.380255] cloud-init[874]: ci-info: +++++++++++++++++++Route IPv6 info+++++++++++++++++++
[   11.392596] cloud-init[874]: ci-info: +-------+-------------+---------+-----------+-------+
[   11.393205] cloud-init[874]: ci-info: | Route | Destination | Gateway | Interface | Flags |
[   11.404789] cloud-init[874]: ci-info: +-------+-------------+---------+-----------+-------+
[   11.406522] cloud-init[874]: ci-info: |   1   |  fe80::/64  |    ::   |   enp0s3  |   U   |
[   11.407237] cloud-init[874]: ci-info: |   3   |    local    |    ::   |   enp0s3  |   U   |
[   11.416386] cloud-init[874]: ci-info: |   4   |   ff00::/8  |    ::   |   enp0s3  |   U   |
[   11.428164] cloud-init[874]: ci-info: +-------+-------------+---------+-----------+-------+
[   12.497525] cloud-init[874]: Generating public/private rsa key pair.
[   12.498660] cloud-init[874]: Your identification has been saved in /etc/ssh/ssh_host_rsa_key.
[   12.499846] cloud-init[874]: Your public key has been saved in /etc/ssh/ssh_host_rsa_key.pub.
[   12.500891] cloud-init[874]: The key fingerprint is:
[   12.501669] cloud-init[874]: SHA256:64ouLdKodvdVhsYPt2coJOuxTjBD7IAtU32L4sCw+ds root@ubuntu-bionic
[   12.512701] cloud-init[874]: The key's randomart image is:
[   12.513265] cloud-init[874]: +---[RSA 2048]----+
[   12.528508] cloud-init[874]: |   ..            |
[   12.529108] cloud-init[874]: |. + .. .         |
[   12.529580] cloud-init[874]: |o* o oo .        |
[   12.540776] cloud-init[874]: |ooo.+. .. .      |
[[0;32m  OK  [0m] Started Initial cloud-init job (metadata service crawler).
[   12.564899] cloud-init[[0;32m  OK  [0m] Reached target Cloud-config availability.
[[0;32m  OK  [0m] Reached target Network is Online.
[874]: | .o .= .S* +     |
[[0;32m  OK  [0m] Reached target Remote File Systems (Pre).
[[0;32m  OK  [0m] Reached target Remote File Systems.
[   12.567417] cloud-init[874]: |  ..  + =.* o    |
         Starting Availability of block devices...
[   12.593274] [cloud-init[0;32m  OK  [0m[874]: ] | o +   +.o + o   |Reached target System Initialization.

[[0;32m  OK  [0m] Listening on ACPID Listen Socket.
[[0;32m  OK  [0m] Listening on UUID daemon activation socket.
[   12.595013] cloud-init[874]: |o.=.Eoo.+ . o    |
[[0;32m  OK  [0m] Started Message of the Day.
[   12.605657] cloud-init[874]: |+..++ +*.        |
         Starting Socket activation for snappy daemon.
[   12.606830] cloud-init[874]: +----[SHA256]-----+
[   12.617298] cloud-init[874]: Generating public/private dsa key pair.
         Starting LXD - unix socket.
[   12.618726] cloud-init[874]: Your identification has been saved in /etc/ssh/ssh_host_dsa_key.
[[0;32m  OK  [0m] Started ACPI Events Check.
[   12.620269] [[0;32m  OK  [0m] Listening on D-Bus System Message Bus Socket.
[[0;32m  OK  [0m] Started Daily Cleanup of Temporary Directories.
[[0;32m  OK  [0m] Started Daily apt download activities.
[[0;32m  OK  [0m] Started Daily apt upgrade and clean activities.
[[0;32m  OK  [0m] Listening on Open-iSCSI iscsid Socket.
[[0;32m  OK  [0m] Reached target Paths.
cloud-init[874]: Your public key has been saved in /etc/ssh/ssh_host_dsa_key.pub.
[[0;32m  OK  [0m] Started Discard unused blocks once a week.
[[0;32m  OK  [0m] Reached target Timers.
[   12.644678] cloud-init[874]: The key fingerprint is:
[[0;32m  OK  [0m] Started Availability of block devices.
[   12.658371] [[0;32m  OK  [0m] Listening on Socket activation for snappy daemon.
[[0;32m  OK  [0m] Listening on LXD - unix socket.
[[0;32m  OK  [0m] Reached target Sockets.
[[0;32m  OK  [0m] Reached target Basic System.
cloud-init         Starting LXD - container startup/shutdown...
[874]: SHA256:fGLwtn2+tS0mxJf4bGhLrppnmQ1qgQ/s4V4mugEQkfg root@ubuntu-bionic
[   12.672440] cloud-init[874]: The key's randomart image is:
[   12.684363] cloud-init[874]: +---[DSA 1024]----+
[   12.685288] cloud-init[874]: |+o               |
[   12.685899] cloud-init[874]: |o.               |
[   12.696239] cloud-init[874]: |..    .          |
[   12.696746] cloud-init[874]: | .E    +         |
[   12.708249] cloud-init[874]: |  .  . .S .. . . |
[   12.724345] cloud-init[874]: |   .  =o.=. + o  |
[   12.740237] cloud-init[874]: |    .o.++o.*o=.  |
[   12.752365] cloud-init[874]: |     oo++.===.*o |
[   12.756040] cloud-init[874]: |    oo..o+.o=*...|
[   12.756786] cloud-init[874]: +----[SHA256]-----+
[   12.757514] cloud-init[874]: Generating public/private ecdsa key pair.
[   12.758427] cloud-init[874]: Your identification has been saved in /etc/ssh/ssh_host_ecdsa_key.[[0;32m  OK  [0m] Started irqbalance daemon.

[   12.759915] cloud-init[874]:          Starting LSB: Record successful boot for GRUB...
Your public key has been saved in /etc/ssh/ssh_host_ecdsa_key.pub.
         Starting LSB: automatic crash report generation...
[[0;32m  OK  [0m] Started Deferred execution scheduler.
[   12.764937] cloud-init[874]: The key fingerprint is:
[   12.766113]          Starting Permit User Sessions...
         Starting Virtualbox guest utils...
cloud-init[874]: SHA256:xmxe/9j4ltYMiqqBbfQs+L05tR92MQrpNKrQJFHg9zk root@ubuntu-bionic
[   12.770772] cloud-init[874]: The key's randomart image is:
[   12.771776] cloud-init[874]: +---[ECDSA 256]---+
[   12.772674] cloud-init[874]: |    ...          |
[   12.784700] cloud-init[874]: |   . .           |
[   12.785402] cloud-init[874]: |    o .          |
[   12.785787] cloud-init[874]: |     o + . .     |
[   12.796404] cloud-init[874]: |    . o E *   o  |
[   12.796990] cloud-init[874]: |     O * *.+ ..o |
[   12.797411] cloud-init[874]: |    + * =..o=..= |
         Starting Snappy daemon...
[   12.809429] cloud-init[874]: |     + =..o..B+ o|
[   12.810175] cloud-init[874]: |      +.=+ .+++  |
         Starting Accounts Service...
[   12.824810] cloud-init[874]: +----[SHA256]-----+
[   12.836215] cloud-init[874]: Generating public/private ed25519 key pair.
[   12.837400] cloud-init[874]: Your identification has been saved in /etc/ssh/ssh_host_ed25519_key.
[   12.838679] cloud-init[874]: Your public key has been saved in /etc/ssh/ssh_host_ed25519_key.pub.         Starting Pollinate to seed the pseudo random number generator...
         Starting Login Service...
         Starting System Logging Service...

[   12.843354] cloud-init[874]: The key fingerprint is:
[   12.844664] cloud-init[874]: SHA256:e/Xfs7EOg5DCps2SyjaLW2W7vcDPnrIqrU4D1Dz/1Wk root@ubuntu-bionic
[   12.846418] cloud-init[874]: The key's randomart image is:
[   12.848609] cloud-init[874]: +--[ED25519 256]--+
[   12.849933] cloud-init[874]: |                 |
[   12.853411] cloud-init[874]: |  o              |
[   12.854661] cloud-init[874]: | . +             |
[   12.855540] cloud-init[874]: |.   o .   o .    |
[   12.856691] cloud-init[874]: |.    + +S+ E.    |
[   12.857642] cloud-init[874]: |.   + O o.o...   |
[   12.858440] cloud-init[874]: | o.. B +. .. o.. |
[   12.859419] cloud-init[874]: |..=+..B ..    oo+|
[   12.860670] cloud-init[874]: |.===+o+B.     .+=|
[   12.861666] cloud-init[874]: +----[SHA256]-----+
[[0;32m  OK  [0m] Started Regular background program processing daemon.
[[0;32m  OK  [0m] Started FUSE filesystem for LXC.
         Starting Dispatcher daemon for systemd-networkd...
[[0;32m  OK  [0m] Started D-Bus System Message Bus.
[[0;32m  OK  [0m] Started Login Service.
[[0;32m  OK  [0m] Started Unattended Upgrades Shutdown.
[[0;32m  OK  [0m] Started System Logging Service.
[[0;32m  OK  [0m] Started LXD - container startup/shutdown.
[[0;32m  OK  [0m] Started Permit User Sessions.
         Starting Terminate Plymouth Boot Screen...
         Starting Hold until boot process finishes up...
[[0;32m  OK  [0m] Started Hold until boot process finishes up.
         Starting Set console scheme...
[[0;32m  OK  [0m] Started Serial Getty on ttyS0.
[[0;32m  OK  [0m] Started Terminate Plymouth Boot Screen.
[[0;32m  OK  [0m] Started Set console scheme.
[[0;32m  OK  [0m] Created slice system-getty.slice.
[[0;32m  OK  [0m] Started Getty on tty1.
[[0;32m  OK  [0m] Reached target Login Prompts.
[[0;32m  OK  [0m] Started LSB: automatic crash report generation.
         Starting Authorization Manager...
[[0;32m  OK  [0m] Started Virtualbox guest utils.
[[0;32m  OK  [0m] Started LSB: Record successful boot for GRUB.
[[0;32m  OK  [0m] Started Authorization Manager.
[[0;32m  OK  [0m] Started Accounts Service.
[[0;32m  OK  [0m] Started Dispatcher daemon for systemd-networkd.
[[0;32m  OK  [0m] Started Snappy daemon.
         Starting Wait until snapd is fully seeded...
[[0;32m  OK  [0m] Started Pollinate to seed the pseudo random number generator.
         Starting OpenBSD Secure Shell server...
[[0;32m  OK  [0m] Started OpenBSD Secure Shell server.
[[0;32m  OK  [0m] Created slice User Slice of vagrant.
         Starting User Manager for UID 1000...
[[0;32m  OK  [0m] Started Session 1 of user vagrant.
[[0;32m  OK  [0m] Started User Manager for UID 1000.

Ubuntu 18.04.3 LTS ubuntu-bionic ttyS0

ubuntu-bionic login: [   26.964309] cloud-init[2264]: Cloud-init v. 19.2-36-g059d049c-0ubuntu2~18.04.1 running 'modules:config' at Thu, 21 Nov 2019 06:24:51 +0000. Up 26.30 seconds.
ci-info: no authorized ssh keys fingerprints found for user ubuntu.
<14>Nov 21 06:24:53 ec2: 
<14>Nov 21 06:24:53 ec2: #############################################################
<14>Nov 21 06:24:53 ec2: -----BEGIN SSH HOST KEY FINGERPRINTS-----
<14>Nov 21 06:24:53 ec2: 1024 SHA256:fGLwtn2+tS0mxJf4bGhLrppnmQ1qgQ/s4V4mugEQkfg root@ubuntu-bionic (DSA)
<14>Nov 21 06:24:53 ec2: 256 SHA256:xmxe/9j4ltYMiqqBbfQs+L05tR92MQrpNKrQJFHg9zk root@ubuntu-bionic (ECDSA)
<14>Nov 21 06:24:53 ec2: 256 SHA256:e/Xfs7EOg5DCps2SyjaLW2W7vcDPnrIqrU4D1Dz/1Wk root@ubuntu-bionic (ED25519)
<14>Nov 21 06:24:53 ec2: 2048 SHA256:64ouLdKodvdVhsYPt2coJOuxTjBD7IAtU32L4sCw+ds root@ubuntu-bionic (RSA)
<14>Nov 21 06:24:53 ec2: -----END SSH HOST KEY FINGERPRINTS-----
<14>Nov 21 06:24:53 ec2: #############################################################
-----BEGIN SSH HOST KEY KEYS-----
ecdsa-sha2-nistp256 AAAAE2VjZHNhLXNoYTItbmlzdHAyNTYAAAAIbmlzdHAyNTYAAABBBK9nGR9PrT+eL0zeQ0votrLAepLVpw3oDe9ZpmiGTzgKI9RTJk/ueLmGbP5M+kG9trZ8NQr2jjnOHom6ljNG0yI= root@ubuntu-bionic
ssh-ed25519 AAAAC3NzaC1lZDI1NTE5AAAAIJpckXJ8bb2fQ00Kp5RxtQnUyb4+Y4A0vB8+C8w2QQ+F root@ubuntu-bionic
ssh-rsa AAAAB3NzaC1yc2EAAAADAQABAAABAQDCpkc0iH+ZQ6G7XVYC/vthcpSF4zzuvSwPAg5DNoaZMnsYWL1fx0T9ptOJwbbLct9zhBGCYrsFXbse/xfjjwAypX97vfRW8AjpZs7Sq3XAWCyJpwX0rvYcto1vjpDkJ5wiqh+b7c5/sQIwWVetAtLQb0i77Xmv+uIe/AsueVf7Sp60ojbl6JWuuPFcmlnwoa+qbN/TrAXP03khXtiR2zKSq73AHBNKrPhaJddorOyZrSiKDpcjxoM2mL5dZRsqr4EFfmOG3PJzarT7U9h+08hFZUtKyTWMkD60Tcuxp5y/X5Ma9fMkGx2qdwVCYYiXPCU2jL0gqKI3zSLjOOWes80T root@ubuntu-bionic
-----END SSH HOST KEY KEYS-----
[   27.566334] cloud-init[2324]: Cloud-init v. 19.2-36-g059d049c-0ubuntu2~18.04.1 running 'modules:final' at Thu, 21 Nov 2019 06:24:53 +0000. Up 27.40 seconds.
[   27.566408] cloud-init[2324]: ci-info: no authorized ssh keys fingerprints found for user ubuntu.
[   27.566479] cloud-init[2324]: Cloud-init v. 19.2-36-g059d049c-0ubuntu2~18.04.1 finished at Thu, 21 Nov 2019 06:24:53 +0000. Datasource DataSourceNoCloud [seed=/dev/sdb][dsmode=net].  Up 27.55 seconds
         Stopping User Manager for UID 1000...
         Stopping Authorization Manager...
[[0;32m  OK  [0m] Stopped target Cloud-init target.
[[0;32m  OK  [0m] Stopped Execute cloud user/final scripts.
[[0;32m  OK  [0m] Stopped target Timers.
[[0;32m  OK  [0m] Stopped Daily apt upgrade and clean activities.
[[0;32m  OK  [0m] Stopped Discard unused blocks once a week.
[[0;32m  OK  [0m] Closed Load/Save RF Kill Switch Status /dev/rfkill Watch.
[[0;32m  OK  [0m] Stopped Message of the Day.
         Stopping Session 3 of user vagrant.
[[0;32m  OK  [0m] Stopped target Host and Network Name Lookups.
[[0;32m  OK  [0m] Stopped Apply the settings specified in cloud-config.
[[0;32m  OK  [0m] Stopped target Network is Online.
[[0;32m  OK  [0m] Stopped target Cloud-config availability.
[[0;32m  OK  [0m] Stopped Daily Cleanup of Temporary Directories.
[[0;32m  OK  [0m] Stopped target Graphical Interface.
         Stopping Accounts Service...
[[0;32m  OK  [0m] Stopped target Multi-User System.
         Stopping Regular background program processing daemon...
[[0;32m  OK  [0m] Stopped Wait until snapd is fully seeded.
         Stopping Unattended Upgrades Shutdown...
         Stopping Virtualbox guest utils...
         Stopping System Logging Service...
         Stopping Deferred execution scheduler...
         Stopping LSB: automatic crash report generation...
[[0;32m  OK  [0m] Stopped target Login Prompts.
         Stopping Serial Getty on ttyS0...
         Stopping Getty on tty1...
         Stopping OpenBSD Secure Shell server...
         Stopping Dispatcher daemon for systemd-networkd...
         Stopping D-Bus System Message Bus...
         Stopping irqbalance daemon...
         Stopping LSB: Record successful boot for GRUB...
[[0;32m  OK  [0m] Stopped Daily apt download activities.
[[0;32m  OK  [0m] Stopped target System Time Synchronized.
         Stopping LXD - container startup/shutdown...
         Stopping FUSE filesystem for LXC...
         Stopping Availability of block devices...
[[0;32m  OK  [0m] Unmounted /var/lib/lxcfs.
[[0;32m  OK  [0m] Stopped irqbalance daemon.
[[0;32m  OK  [0m] Stopped Deferred execution scheduler.
[[0;32m  OK  [0m] Stopped Accounts Service.
[[0;32m  OK  [0m] Stopped System Logging Service.
[[0;32m  OK  [0m] Stopped Regular background program processing daemon.
[[0;32m  OK  [0m] Stopped Dispatcher daemon for systemd-networkd.
[[0;32m  OK  [0m] Stopped Unattended Upgrades Shutdown.
[[0;32m  OK  [0m] Stopped Serial Getty on ttyS0.
[[0;32m  OK  [0m] Stopped Getty on tty1.
[[0;32m  OK  [0m] Stopped Authorization Manager.
[[0;32m  OK  [0m] Stopped OpenBSD Secure Shell server.
[[0;32m  OK  [0m] Stopped User Manager for UID 1000.
[[0;32m  OK  [0m] Stopped D-Bus System Message Bus.
[[0;32m  OK  [0m] Stopped Session 3 of user vagrant.
[[0;32m  OK  [0m] Removed slice User Slice of vagrant.
[[0;32m  OK  [0m] Removed slice system-getty.slice.
[[0;32m  OK  [0m] Removed slice system-serial\x2dgetty.slice.
         Stopping Permit User Sessions...
         Stopping Login Service...
[[0;32m  OK  [0m] Stopped LSB: Record successful boot for GRUB.
[[0;32m  OK  [0m] Stopped Virtualbox guest utils.
[[0;32m  OK  [0m] Stopped FUSE filesystem for LXC.
[[0;32m  OK  [0m] Stopped Permit User Sessions.
[[0;32m  OK  [0m] Stopped LSB: automatic crash report generation.
[[0;32m  OK  [0m] Stopped target Remote File Systems.
[[0;32m  OK  [0m] Stopped target Remote File Systems (Pre).
[[0;32m  OK  [0m] Stopped target Network.
         Stopping Network Name Resolution...
[[0;32m  OK  [0m] Stopped Availability of block devices.
[[0;32m  OK  [0m] Stopped LXD - container startup/shutdown.
[[0;32m  OK  [0m] Stopped Network Name Resolution.
         Stopping Network Service...
[[0;32m  OK  [0m] Stopped Network Service.
[[0;32m  OK  [0m] Stopped target Network (Pre).
[[0;32m  OK  [0m] Stopped Login Service.
[[0;32m  OK  [0m] Stopped target User and Group Name Lookups.
[[0;32m  OK  [0m] Stopped target Basic System.
[[0;32m  OK  [0m] Stopped target Slices.
[[0;32m  OK  [0m] Stopped target Sockets.
[[0;32m  OK  [0m] Closed LXD - unix socket.
[[0;32m  OK  [0m] Closed UUID daemon activation socket.
[[0;32m  OK  [0m] Closed Socket activation for snappy daemon.
[[0;32m  OK  [0m] Closed ACPID Listen Socket.
[[0;32m  OK  [0m] Closed Syslog Socket.
[[0;32m  OK  [0m] Closed Open-iSCSI iscsid Socket.
[[0;32m  OK  [0m] Stopped target Paths.
[[0;32m  OK  [0m] Stopped ACPI Events Check.
[[0;32m  OK  [0m] Closed D-Bus System Message Bus Socket.
[[0;32m  OK  [0m] Stopped target System Initialization.
[[0;32m  OK  [0m] Stopped target Local Encrypted Volumes.
[[0;32m  OK  [0m] Stopped Forward Password Requests to Wall Directory Watch.
[[0;32m  OK  [0m] Stopped Dispatch Password Requests to Console Directory Watch.
[[0;32m  OK  [0m] Stopped Commit a transient machine-id on disk.
         Stopping Update UTMP about System Boot/Shutdown...
         Stopping Load/Save Random Seed...
[[0;32m  OK  [0m] Stopped Apply Kernel Variables.
[[0;32m  OK  [0m] Stopped Initial cloud-init job (metadata service crawler).
[[0;32m  OK  [0m] Stopped Initial cloud-init job (pre-networking).
[[0;32m  OK  [0m] Stopped Load Kernel Modules.
[[0;32m  OK  [0m] Removed slice User and Session Slice.
[[0;32m  OK  [0m] Stopped Load/Save Random Seed.
[[0;32m  OK  [0m] Stopped Update UTMP about System Boot/Shutdown.
[[0;32m  OK  [0m] Stopped Create Volatile Files and Directories.
[[0;32m  OK  [0m] Stopped target Local File Systems.
         Unmounting /run/user/1000...
         Unmounting /vagrant...
[[0;32m  OK  [0m] Unmounted /run/user/1000.
[[0;32m  OK  [0m] Unmounted /vagrant.
[[0;32m  OK  [0m] Reached target Unmount All Filesystems.
[[0;32m  OK  [0m] Stopped target Local File Systems (Pre).
[[0;32m  OK  [0m] Stopped Create Static Device Nodes in /dev.
         Stopping Monitoring of LVM2 mirrors…ng dmeventd or progress polling...
[[0;32m  OK  [0m] Stopped Remount Root and Kernel File Systems.
[[0;32m  OK  [0m] Stopped target Swap.
[[0;32m  OK  [0m] Reached target Shutdown.
[[0;32m  OK  [0m] Reached target Final Step.
         Starting Reboot...
[[0;32m  OK  [0m] Stopped Monitoring of LVM2 mirrors,…sing dmeventd or progress polling.
         Stopping LVM2 metadata daemon...
[[0;32m  OK  [0m] Stopped LVM2 metadata daemon.
[   84.419339] reboot: Restarting system
[    0.000000] Linux version 4.15.0-70-generic (buildd@lgw01-amd64-055) (gcc version 7.4.0 (Ubuntu 7.4.0-1ubuntu1~18.04.1)) #79-Ubuntu SMP Tue Nov 12 10:36:11 UTC 2019 (Ubuntu 4.15.0-70.79-generic 4.15.18)
[    0.000000] Command line: BOOT_IMAGE=/boot/vmlinuz-4.15.0-70-generic root=LABEL=cloudimg-rootfs ro console=tty1 console=ttyS0
[    0.000000] KERNEL supported cpus:
[    0.000000]   Intel GenuineIntel
[    0.000000]   AMD AuthenticAMD
[    0.000000]   Centaur CentaurHauls
[    0.000000] x86/fpu: Supporting XSAVE feature 0x001: 'x87 floating point registers'
[    0.000000] x86/fpu: Supporting XSAVE feature 0x002: 'SSE registers'
[    0.000000] x86/fpu: Supporting XSAVE feature 0x004: 'AVX registers'
[    0.000000] x86/fpu: xstate_offset[2]:  576, xstate_sizes[2]:  256
[    0.000000] x86/fpu: Enabled xstate features 0x7, context size is 832 bytes, using 'standard' format.
[    0.000000] e820: BIOS-provided physical RAM map:
[    0.000000] BIOS-e820: [mem 0x0000000000000000-0x000000000009fbff] usable
[    0.000000] BIOS-e820: [mem 0x000000000009fc00-0x000000000009ffff] reserved
[    0.000000] BIOS-e820: [mem 0x00000000000f0000-0x00000000000fffff] reserved
[    0.000000] BIOS-e820: [mem 0x0000000000100000-0x00000000dffeffff] usable
[    0.000000] BIOS-e820: [mem 0x00000000dfff0000-0x00000000dfffffff] ACPI data
[    0.000000] BIOS-e820: [mem 0x00000000fec00000-0x00000000fec00fff] reserved
[    0.000000] BIOS-e820: [mem 0x00000000fee00000-0x00000000fee00fff] reserved
[    0.000000] BIOS-e820: [mem 0x00000000fffc0000-0x00000000ffffffff] reserved
[    0.000000] BIOS-e820: [mem 0x0000000100000000-0x000000011fffffff] usable
[    0.000000] NX (Execute Disable) protection: active
[    0.000000] SMBIOS 2.5 present.
[    0.000000] DMI: innotek GmbH VirtualBox/VirtualBox, BIOS VirtualBox 12/01/2006
[    0.000000] Hypervisor detected: KVM
[    0.000000] e820: last_pfn = 0x120000 max_arch_pfn = 0x400000000
[    0.000000] MTRR: Disabled
[    0.000000] x86/PAT: MTRRs disabled, skipping PAT initialization too.
[    0.000000] CPU MTRRs all blank - virtualized system.
[    0.000000] x86/PAT: Configuration [0-7]: WB  WT  UC- UC  WB  WT  UC- UC  
[    0.000000] e820: last_pfn = 0xdfff0 max_arch_pfn = 0x400000000
[    0.000000] Scanning 1 areas for low memory corruption
[    0.000000] RAMDISK: [mem 0x35a8b000-0x36d3cfff]
[    0.000000] ACPI: Early table checksum verification disabled
[    0.000000] ACPI: RSDP 0x00000000000E0000 000024 (v02 VBOX  )
[    0.000000] ACPI: XSDT 0x00000000DFFF0030 00003C (v01 VBOX   VBOXXSDT 00000001 ASL  00000061)
[    0.000000] ACPI: FACP 0x00000000DFFF00F0 0000F4 (v04 VBOX   VBOXFACP 00000001 ASL  00000061)
[    0.000000] ACPI: DSDT 0x00000000DFFF0480 0022EA (v02 VBOX   VBOXBIOS 00000002 INTL 20100528)
[    0.000000] ACPI: FACS 0x00000000DFFF0200 000040
[    0.000000] ACPI: FACS 0x00000000DFFF0200 000040
[    0.000000] ACPI: APIC 0x00000000DFFF0240 00006C (v02 VBOX   VBOXAPIC 00000001 ASL  00000061)
[    0.000000] ACPI: SSDT 0x00000000DFFF02B0 0001CC (v01 VBOX   VBOXCPUT 00000002 INTL 20100528)
[    0.000000] No NUMA configuration found
[    0.000000] Faking a node at [mem 0x0000000000000000-0x000000011fffffff]
[    0.000000] NODE_DATA(0) allocated [mem 0x11ffd1000-0x11fffbfff]
[    0.000000] kvm-clock: cpu 0, msr 1:1ff50001, primary cpu clock
[    0.000000] kvm-clock: Using msrs 4b564d01 and 4b564d00
[    0.000000] kvm-clock: using sched offset of 92646763567 cycles
[    0.000000] clocksource: kvm-clock: mask: 0xffffffffffffffff max_cycles: 0x1cd42e4dffb, max_idle_ns: 881590591483 ns
[    0.000000] Zone ranges:
[    0.000000]   DMA      [mem 0x0000000000001000-0x0000000000ffffff]
[    0.000000]   DMA32    [mem 0x0000000001000000-0x00000000ffffffff]
[    0.000000]   Normal   [mem 0x0000000100000000-0x000000011fffffff]
[    0.000000]   Device   empty
[    0.000000] Movable zone start for each node
[    0.000000] Early memory node ranges
[    0.000000]   node   0: [mem 0x0000000000001000-0x000000000009efff]
[    0.000000]   node   0: [mem 0x0000000000100000-0x00000000dffeffff]
[    0.000000]   node   0: [mem 0x0000000100000000-0x000000011fffffff]
[    0.000000] Reserved but unavailable: 98 pages
[    0.000000] Initmem setup node 0 [mem 0x0000000000001000-0x000000011fffffff]
[    0.000000] ACPI: PM-Timer IO Port: 0x4008
[    0.000000] IOAPIC[0]: apic_id 4, version 32, address 0xfec00000, GSI 0-23
[    0.000000] ACPI: INT_SRC_OVR (bus 0 bus_irq 0 global_irq 2 dfl dfl)
[    0.000000] ACPI: INT_SRC_OVR (bus 0 bus_irq 9 global_irq 9 low level)
[    0.000000] Using ACPI (MADT) for SMP configuration information
[    0.000000] smpboot: Allowing 4 CPUs, 0 hotplug CPUs
[    0.000000] PM: Registered nosave memory: [mem 0x00000000-0x00000fff]
[    0.000000] PM: Registered nosave memory: [mem 0x0009f000-0x0009ffff]
[    0.000000] PM: Registered nosave memory: [mem 0x000a0000-0x000effff]
[    0.000000] PM: Registered nosave memory: [mem 0x000f0000-0x000fffff]
[    0.000000] PM: Registered nosave memory: [mem 0xdfff0000-0xdfffffff]
[    0.000000] PM: Registered nosave memory: [mem 0xe0000000-0xfebfffff]
[    0.000000] PM: Registered nosave memory: [mem 0xfec00000-0xfec00fff]
[    0.000000] PM: Registered nosave memory: [mem 0xfec01000-0xfedfffff]
[    0.000000] PM: Registered nosave memory: [mem 0xfee00000-0xfee00fff]
[    0.000000] PM: Registered nosave memory: [mem 0xfee01000-0xfffbffff]
[    0.000000] PM: Registered nosave memory: [mem 0xfffc0000-0xffffffff]
[    0.000000] e820: [mem 0xe0000000-0xfebfffff] available for PCI devices
[    0.000000] Booting paravirtualized kernel on KVM
[    0.000000] clocksource: refined-jiffies: mask: 0xffffffff max_cycles: 0xffffffff, max_idle_ns: 7645519600211568 ns
[    0.000000] random: get_random_bytes called from start_kernel+0x99/0x4fd with crng_init=0
[    0.000000] setup_percpu: NR_CPUS:8192 nr_cpumask_bits:4 nr_cpu_ids:4 nr_node_ids:1
[    0.000000] percpu: Embedded 45 pages/cpu s147456 r8192 d28672 u524288
[    0.000000] PV qspinlock hash table entries: 256 (order: 0, 4096 bytes)
[    0.000000] Built 1 zonelists, mobility grouping on.  Total pages: 1032057
[    0.000000] Policy zone: Normal
[    0.000000] Kernel command line: BOOT_IMAGE=/boot/vmlinuz-4.15.0-70-generic root=LABEL=cloudimg-rootfs ro console=tty1 console=ttyS0
[    0.000000] Memory: 4013692K/4193848K available (12300K kernel code, 2481K rwdata, 4264K rodata, 2432K init, 2388K bss, 180156K reserved, 0K cma-reserved)
[    0.000000] SLUB: HWalign=64, Order=0-3, MinObjects=0, CPUs=4, Nodes=1
[    0.000000] Kernel/User page tables isolation: enabled
[    0.000000] ftrace: allocating 39315 entries in 154 pages
[    0.004000] Hierarchical RCU implementation.
[    0.004000] 	RCU restricting CPUs from NR_CPUS=8192 to nr_cpu_ids=4.
[    0.004000] 	Tasks RCU enabled.
[    0.004000] RCU: Adjusting geometry for rcu_fanout_leaf=16, nr_cpu_ids=4
[    0.004000] NR_IRQS: 524544, nr_irqs: 456, preallocated irqs: 16
[    0.004000] Console: colour VGA+ 80x25
[    0.004000] console [tty1] enabled
[    0.004000] console [ttyS0] enabled
[    0.004000] ACPI: Core revision 20170831
[    0.004000] ACPI: 2 ACPI AML tables successfully acquired and loaded
[    0.004000] APIC: Switch to symmetric I/O mode setup
[    0.004000] x2apic enabled
[    0.004000] Switched APIC routing to physical x2apic.
[    0.004000] ..TIMER: vector=0x30 apic1=0 pin1=2 apic2=-1 pin2=-1
[    0.004003] tsc: Detected 2592.000 MHz processor
[    0.004897] Calibrating delay loop (skipped) preset value.. 5184.00 BogoMIPS (lpj=10368000)
[    0.005514] pid_max: default: 32768 minimum: 301
[    0.008027] Security Framework initialized
[    0.008969] Yama: becoming mindful.
[    0.009675] AppArmor: AppArmor initialized
[    0.011184] Dentry cache hash table entries: 524288 (order: 10, 4194304 bytes)
[    0.012392] Inode-cache hash table entries: 262144 (order: 9, 2097152 bytes)
[    0.013855] Mount-cache hash table entries: 8192 (order: 4, 65536 bytes)
[    0.016007] Mountpoint-cache hash table entries: 8192 (order: 4, 65536 bytes)
[    0.017614] Last level iTLB entries: 4KB 64, 2MB 8, 4MB 8
[    0.018677] Last level dTLB entries: 4KB 64, 2MB 0, 4MB 0, 1GB 4
[    0.020002] Spectre V1 : Mitigation: usercopy/swapgs barriers and __user pointer sanitization
[    0.021508] Spectre V2 : Mitigation: Full generic retpoline
[    0.022497] Spectre V2 : Spectre v2 / SpectreRSB mitigation: Filling RSB on context switch
[    0.024002] Speculative Store Bypass: Vulnerable
[    0.025022] MDS: Mitigation: Clear CPU buffers
[    0.026033] Freeing SMP alternatives memory: 36K
[    0.137223] smpboot: CPU0: Intel(R) Core(TM) i7-9750H CPU @ 2.60GHz (family: 0x6, model: 0x9e, stepping: 0xa)
[    0.139179] Performance Events: unsupported p6 CPU model 158 no PMU driver, software events only.
[    0.140000] Hierarchical SRCU implementation.
[    0.140475] NMI watchdog: Perf event create on CPU 0 failed with -2
[    0.141663] NMI watchdog: Perf NMI watchdog permanently disabled
[    0.142857] smp: Bringing up secondary CPUs ...
[    0.144277] x86: Booting SMP configuration:
[    0.145225] .... node  #0, CPUs:      #1
[    0.004000] kvm-clock: cpu 1, msr 1:1ff50041, secondary cpu clock
[    0.148067]  #2
[    0.004000] kvm-clock: cpu 2, msr 1:1ff50081, secondary cpu clock
[    0.152066]  #3
[    0.004000] kvm-clock: cpu 3, msr 1:1ff500c1, secondary cpu clock
[    0.156014] smp: Brought up 1 node, 4 CPUs
[    0.156896] smpboot: Max logical packages: 1
[    0.157774] smpboot: Total of 4 processors activated (20736.00 BogoMIPS)
[    0.159133] devtmpfs: initialized
[    0.160065] x86/mm: Memory block size: 128MB
[    0.161290] evm: security.selinux
[    0.161998] evm: security.SMACK64
[    0.162763] evm: security.SMACK64EXEC
[    0.164002] evm: security.SMACK64TRANSMUTE
[    0.164846] evm: security.SMACK64MMAP
[    0.165704] evm: security.apparmor
[    0.166369] evm: security.ima
[    0.166984] evm: security.capability
[    0.168009] clocksource: jiffies: mask: 0xffffffff max_cycles: 0xffffffff, max_idle_ns: 7645041785100000 ns
[    0.169947] futex hash table entries: 1024 (order: 4, 65536 bytes)
[    0.171174] pinctrl core: initialized pinctrl subsystem
[    0.172102] RTC time:  6:25:54, date: 11/21/19
[    0.173284] NET: Registered protocol family 16
[    0.174172] audit: initializing netlink subsys (disabled)
[    0.176004] audit: type=2000 audit(1574317648.490:1): state=initialized audit_enabled=0 res=1
[    0.176115] cpuidle: using governor ladder
[    0.176867] cpuidle: using governor menu
[    0.177675] ACPI: bus type PCI registered
[    0.180007] acpiphp: ACPI Hot Plug PCI Controller Driver version: 0.5
[    0.181472] PCI: Using configuration type 1 for base access
[    0.184545] HugeTLB registered 2.00 MiB page size, pre-allocated 0 pages
[    0.185454] ACPI: Added _OSI(Module Device)
[    0.185454] ACPI: Added _OSI(Processor Device)
[    0.188006] ACPI: Added _OSI(3.0 _SCP Extensions)
[    0.188941] ACPI: Added _OSI(Processor Aggregator Device)
[    0.189924] ACPI: Added _OSI(Linux-Dell-Video)
[    0.190763] ACPI: Added _OSI(Linux-Lenovo-NV-HDMI-Audio)
[    0.192003] ACPI: Added _OSI(Linux-HPI-Hybrid-Graphics)
[    0.193301] ACPI: Executed 1 blocks of module-level executable AML code
[    0.198977] ACPI: Interpreter enabled
[    0.199677] ACPI: (supports S0 S5)
[    0.200002] ACPI: Using IOAPIC for interrupt routing
[    0.201157] PCI: Using host bridge windows from ACPI; if necessary, use "pci=nocrs" and report a bug
[    0.203122] ACPI: Enabled 2 GPEs in block 00 to 07
[    0.210697] ACPI: PCI Root Bridge [PCI0] (domain 0000 [bus 00-ff])
[    0.211805] acpi PNP0A03:00: _OSC: OS supports [ASPM ClockPM Segments MSI]
[    0.212558] acpi PNP0A03:00: _OSC: not requesting OS control; OS requires [ExtendedConfig ASPM ClockPM MSI]
[    0.214291] acpi PNP0A03:00: fail to add MMCONFIG information, can't access extended PCI configuration space under this bridge.
[    0.216339] PCI host bridge to bus 0000:00
[    0.217226] pci_bus 0000:00: root bus resource [io  0x0000-0x0cf7 window]
[    0.220003] pci_bus 0000:00: root bus resource [io  0x0d00-0xffff window]
[    0.221416] pci_bus 0000:00: root bus resource [mem 0x000a0000-0x000bffff window]
[    0.222809] pci_bus 0000:00: root bus resource [mem 0xe0000000-0xfdffffff window]
[    0.224003] pci_bus 0000:00: root bus resource [bus 00-ff]
[    0.228202] pci 0000:00:01.1: legacy IDE quirk: reg 0x10: [io  0x01f0-0x01f7]
[    0.229703] pci 0000:00:01.1: legacy IDE quirk: reg 0x14: [io  0x03f6]
[    0.230913] pci 0000:00:01.1: legacy IDE quirk: reg 0x18: [io  0x0170-0x0177]
[    0.232000] pci 0000:00:01.1: legacy IDE quirk: reg 0x1c: [io  0x0376]
[    0.264983] pci 0000:00:07.0: quirk: [io  0x4000-0x403f] claimed by PIIX4 ACPI
[    0.266462] pci 0000:00:07.0: quirk: [io  0x4100-0x410f] claimed by PIIX4 SMB
[    0.286941] ACPI: PCI Interrupt Link [LNKA] (IRQs 5 9 10 *11)
[    0.288338] ACPI: PCI Interrupt Link [LNKB] (IRQs 5 9 *10 11)
[    0.289683] ACPI: PCI Interrupt Link [LNKC] (IRQs 5 *9 10 11)
[    0.290899] ACPI: PCI Interrupt Link [LNKD] (IRQs 5 9 10 *11)
[    0.292352] SCSI subsystem initialized
[    0.293358] pci 0000:00:02.0: vgaarb: setting as boot VGA device
[    0.293358] pci 0000:00:02.0: vgaarb: VGA device added: decodes=io+mem,owns=io+mem,locks=none
[    0.296009] pci 0000:00:02.0: vgaarb: bridge control possible
[    0.297124] vgaarb: loaded
[    0.297732] ACPI: bus type USB registered
[    0.298610] usbcore: registered new interface driver usbfs
[    0.300015] usbcore: registered new interface driver hub
[    0.301114] usbcore: registered new device driver usb
[    0.302164] EDAC MC: Ver: 3.0.0
[    0.304161] PCI: Using ACPI for IRQ routing
[    0.305314] NetLabel: Initializing
[    0.306001] NetLabel:  domain hash size = 128
[    0.306795] NetLabel:  protocols = UNLABELED CIPSOv4 CALIPSO
[    0.307829] NetLabel:  unlabeled traffic allowed by default
[    0.308136] clocksource: Switched to clocksource kvm-clock
[    0.317250] VFS: Disk quotas dquot_6.6.0
[    0.318075] VFS: Dquot-cache hash table entries: 512 (order 0, 4096 bytes)
[    0.319469] AppArmor: AppArmor Filesystem Enabled
[    0.320483] pnp: PnP ACPI init
[    0.322114] pnp: PnP ACPI: found 3 devices
[    0.333597] clocksource: acpi_pm: mask: 0xffffff max_cycles: 0xffffff, max_idle_ns: 2085701024 ns
[    0.335271] NET: Registered protocol family 2
[    0.336326] TCP established hash table entries: 32768 (order: 6, 262144 bytes)
[    0.337725] TCP bind hash table entries: 32768 (order: 7, 524288 bytes)
[    0.339335] TCP: Hash tables configured (established 32768 bind 32768)
[    0.340808] UDP hash table entries: 2048 (order: 4, 65536 bytes)
[    0.341918] UDP-Lite hash table entries: 2048 (order: 4, 65536 bytes)
[    0.343120] NET: Registered protocol family 1
[    0.343985] pci 0000:00:00.0: Limiting direct PCI/PCI transfers
[    0.345516] pci 0000:00:01.0: Activating ISA DMA hang workarounds
[    0.346670] pci 0000:00:02.0: Video device with shadowed ROM at [mem 0x000c0000-0x000dffff]
[    0.348336] Unpacking initramfs...
[    0.551415] Freeing initrd memory: 19144K
[    0.552198] PCI-DMA: Using software bounce buffering for IO (SWIOTLB)
[    0.553316] software IO TLB: mapped [mem 0xdbff0000-0xdfff0000] (64MB)
[    0.554426] clocksource: tsc: mask: 0xffffffffffffffff max_cycles: 0x255cb6cc5db, max_idle_ns: 440795203504 ns
[    0.556084] platform rtc_cmos: registered platform RTC device (no PNP device found)
[    0.557525] Scanning for low memory corruption every 60 seconds
[    0.559154] Initialise system trusted keyrings
[    0.559988] Key type blacklist registered
[    0.560876] workingset: timestamp_bits=36 max_order=20 bucket_order=0
[    0.562897] zbud: loaded
[    0.563928] squashfs: version 4.0 (2009/01/31) Phillip Lougher
[    0.565336] fuse init (API version 7.26)
[    0.568637] Key type asymmetric registered
[    0.569439] Asymmetric key parser 'x509' registered
[    0.570382] Block layer SCSI generic (bsg) driver version 0.4 loaded (major 246)
[    0.571823] io scheduler noop registered
[    0.572609] io scheduler deadline registered
[    0.573522] io scheduler cfq registered (default)
[    0.574909] ACPI: AC Adapter [AC] (on-line)
[    0.575844] input: Power Button as /devices/LNXSYSTM:00/LNXPWRBN:00/input/input0
[    0.577419] ACPI: Power Button [PWRF]
[    0.578251] input: Sleep Button as /devices/LNXSYSTM:00/LNXSLPBN:00/input/input1
[    0.579770] ACPI: Sleep Button [SLPF]
[    0.581754] ACPI: Battery Slot [BAT0] (battery present)
[    0.582789] Serial: 8250/16550 driver, 32 ports, IRQ sharing enabled
[    0.604592] 00:02: ttyS0 at I/O 0x3f8 (irq = 4, base_baud = 115200) is a 16550A
[    0.611429] Linux agpgart interface v0.103
[    0.613876] loop: module loaded
[    0.614912] scsi host0: ata_piix
[    0.615685] scsi host1: ata_piix
[    0.616377] ata1: PATA max UDMA/33 cmd 0x1f0 ctl 0x3f6 bmdma 0xd000 irq 14
[    0.617459] ata2: PATA max UDMA/33 cmd 0x170 ctl 0x376 bmdma 0xd008 irq 15
[    0.618616] libphy: Fixed MDIO Bus: probed
[    0.619327] tun: Universal TUN/TAP device driver, 1.6
[    0.620370] PPP generic driver version 2.4.2
[    0.621329] ehci_hcd: USB 2.0 'Enhanced' Host Controller (EHCI) Driver
[    0.622374] ehci-pci: EHCI PCI platform driver
[    0.623132] ehci-platform: EHCI generic platform driver
[    0.623988] ohci_hcd: USB 1.1 'Open' Host Controller (OHCI) Driver
[    0.625071] ohci-pci: OHCI PCI platform driver
[    0.625822] ohci-platform: OHCI generic platform driver
[    0.626681] uhci_hcd: USB Universal Host Controller Interface driver
[    0.627744] i8042: PNP: PS/2 Controller [PNP0303:PS2K,PNP0f03:PS2M] at 0x60,0x64 irq 1,12
[    0.629602] serio: i8042 KBD port at 0x60,0x64 irq 1
[    0.630454] serio: i8042 AUX port at 0x60,0x64 irq 12
[    0.631446] mousedev: PS/2 mouse device common for all mice
[    0.632926] rtc_cmos rtc_cmos: rtc core: registered rtc_cmos as rtc0
[    0.634031] input: AT Translated Set 2 keyboard as /devices/platform/i8042/serio0/input/input2
[    0.635579] rtc_cmos rtc_cmos: alarms up to one day, 114 bytes nvram
[    0.636677] i2c /dev entries driver
[    0.637336] device-mapper: uevent: version 1.0.3
[    0.638192] device-mapper: ioctl: 4.37.0-ioctl (2017-09-20) initialised: dm-devel@redhat.com
[    0.639887] ledtrig-cpu: registered to indicate activity on CPUs
[    0.641633] NET: Registered protocol family 10
[    0.646521] Segment Routing with IPv6
[    0.647285] NET: Registered protocol family 17
[    0.648422] Key type dns_resolver registered
[    0.649713] mce: Using 0 MCE banks
[    0.650415] RAS: Correctable Errors collector initialized.
[    0.651558] sched_clock: Marking stable (649687509, 0)->(859311443, -209623934)
[    0.654535] registered taskstats version 1
[    0.655285] Loading compiled-in X.509 certificates
[    0.658126] Loaded X.509 cert 'Build time autogenerated kernel key: 1859b0531897959199376c446a0bd70df75fd1fc'
[    0.660012] zswap: loaded using pool lzo/zbud
[    0.665060] Key type big_key registered
[    0.665912] Key type trusted registered
[    0.668383] Key type encrypted registered
[    0.669265] AppArmor: AppArmor sha1 policy hashing enabled
[    0.670333] ima: No TPM chip found, activating TPM-bypass! (rc=-19)
[    0.671616] ima: Allocated hash algorithm: sha1
[    0.672678] evm: HMAC attrs: 0x1
[    0.673605]   Magic number: 11:617:418
[    0.674660] rtc_cmos rtc_cmos: setting system clock to 2019-11-21 06:25:54 UTC (1574317554)
[    0.676547] BIOS EDD facility v0.16 2004-Jun-25, 0 devices found
[    0.677629] EDD information not available.
[    0.782598] Freeing unused kernel image memory: 2432K
[    0.803366] Write protecting the kernel read-only data: 20480k
[    0.805344] Freeing unused kernel image memory: 2008K
[    0.806709] Freeing unused kernel image memory: 1880K
[    0.815042] x86/mm: Checked W+X mappings: passed, no W+X pages found.
[    0.816370] x86/mm: Checking user space page tables
[    0.824329] x86/mm: Checked W+X mappings: passed, no W+X pages found.
Loading, please wait...
starting version 237
[    0.875086] e1000: Intel(R) PRO/1000 Network Driver - version 7.3.21-k8-NAPI
[    0.876598] e1000: Copyright (c) 1999-2006 Intel Corporation.
[    0.878027] Fusion MPT base driver 3.04.20
[    0.879054] Copyright (c) 1999-2008 LSI Corporation
[    0.889388] AVX2 version of gcm_enc/dec engaged.
[    0.890595] AES CTR mode by8 optimization enabled
[    0.893150] Fusion MPT SPI Host driver 3.04.20
[    1.089313] input: ImExPS/2 Generic Explorer Mouse as /devices/platform/i8042/serio1/input/input4
[    1.944620] e1000 0000:00:03.0 eth0: (PCI:33MHz:32-bit) 02:00:53:70:0f:50
[    1.950615] e1000 0000:00:03.0 eth0: Intel(R) PRO/1000 Network Connection
[    2.591996] e1000 0000:00:08.0 eth1: (PCI:33MHz:32-bit) 08:00:27:ce:bb:f6
[    2.595202] e1000 0000:00:08.0 eth1: Intel(R) PRO/1000 Network Connection
[    2.600441] e1000 0000:00:03.0 enp0s3: renamed from eth0
[    2.603352] mptbase: ioc0: Initiating bringup
[    2.616636] e1000 0000:00:08.0 enp0s8: renamed from eth1
[    2.982887] ioc0: LSI53C1030 A0: Capabilities={Initiator}
[    3.932416] scsi host2: ioc0: LSI53C1030 A0, FwRev=00000000h, Ports=1, MaxQ=256, IRQ=20
[    4.509068] scsi 2:0:0:0: Direct-Access     VBOX     HARDDISK         1.0  PQ: 0 ANSI: 5
[    4.616993] scsi target2:0:0: Beginning Domain Validation
[    4.628899] scsi target2:0:0: Domain Validation skipping write tests
[    4.634625] scsi target2:0:0: Ending Domain Validation
[    4.639500] scsi target2:0:0: asynchronous
[    4.645088] scsi 2:0:1:0: Direct-Access     VBOX     HARDDISK         1.0  PQ: 0 ANSI: 5
[    4.940899] scsi target2:0:1: Beginning Domain Validation
[    4.951503] random: fast init done
[    4.955920] scsi target2:0:1: Domain Validation skipping write tests
[    4.962004] scsi target2:0:1: Ending Domain Validation
[    4.967177] scsi target2:0:1: asynchronous
[    4.988904] random: systemd-udevd: uninitialized urandom read (16 bytes read)
[    4.992254] random: systemd-udevd: uninitialized urandom read (16 bytes read)
[    4.995705] random: systemd-udevd: uninitialized urandom read (16 bytes read)
[    4.999527] sd 2:0:0:0: Attached scsi generic sg0 type 0
[    5.002855] sd 2:0:0:0: [sda] 251658240 512-byte logical blocks: (129 GB/120 GiB)
[    5.007095] sd 2:0:0:0: [sda] Write Protect is off
[    5.007590] sd 2:0:1:0: Attached scsi generic sg1 type 0
[    5.012240] sd 2:0:1:0: [sdb] 20480 512-byte logical blocks: (10.5 MB/10.0 MiB)
[    5.012469] sd 2:0:0:0: [sda] Incomplete mode parameter data
[    5.014817] sd 2:0:1:0: [sdb] Write Protect is off
[    5.016498] sd 2:0:0:0: [sda] Assuming drive cache: write through
[    5.020516] sd 2:0:1:0: [sdb] Incomplete mode parameter data
[    5.022355] sd 2:0:1:0: [sdb] Assuming drive cache: write through
[    5.028238]  sda: sda1
[    5.031311] sd 2:0:0:0: [sda] Attached SCSI disk
[    5.032498] sd 2:0:1:0: [sdb] Attached SCSI disk
Begin: Loading essential drivers ... [    6.556247] raid6: sse2x1   gen() 13658 MB/s
[    6.604483] raid6: sse2x1   xor()  9988 MB/s
[    6.652003] raid6: sse2x2   gen() 16825 MB/s
[    6.700150] raid6: sse2x2   xor() 11277 MB/s
[    6.748215] raid6: sse2x4   gen() 19089 MB/s
[    6.796011] raid6: sse2x4   xor() 12223 MB/s
[    6.844200] raid6: avx2x1   gen() 27475 MB/s
[    6.892499] raid6: avx2x1   xor() 18457 MB/s
[    6.940018] raid6: avx2x2   gen() 33429 MB/s
[    6.988219] raid6: avx2x2   xor() 20824 MB/s
[    7.036412] raid6: avx2x4   gen() 37932 MB/s
[    7.084624] raid6: avx2x4   xor() 22917 MB/s
[    7.085515] raid6: using algorithm avx2x4 gen() 37932 MB/s
[    7.086607] raid6: .... xor() 22917 MB/s, rmw enabled
[    7.087555] raid6: using avx2x2 recovery algorithm
[    7.089782] xor: automatically using best checksumming function   avx       
[    7.092043] async_tx: api initialized (async)
done.
Begin: Running /scripts/init-premount ... done.
Begin: Mounting root file system ... Begin: Running /scripts/local-top ... done.
Begin: Running /scripts/local-premount ... [    7.129886] Btrfs loaded, crc32c=crc32c-intel
Scanning for Btrfs filesystems
done.
Warning: fsck not present, so skipping root file system
[    7.159596] EXT4-fs (sda1): mounted filesystem with ordered data mode. Opts: (null)
done.
Begin: Running /scripts/local-bottom ... done.
Begin: Running /scripts/init-bottom ... done.
[    8.330616] ip_tables: (C) 2000-2006 Netfilter Core Team
[    8.357397] systemd[1]: systemd 237 running in system mode. (+PAM +AUDIT +SELINUX +IMA +APPARMOR +SMACK +SYSVINIT +UTMP +LIBCRYPTSETUP +GCRYPT +GNUTLS +ACL +XZ +LZ4 +SECCOMP +BLKID +ELFUTILS +KMOD -IDN2 +IDN -PCRE2 default-hierarchy=hybrid)
[    8.371602] systemd[1]: Detected virtualization oracle.
[    8.373868] systemd[1]: Detected architecture x86-64.

Welcome to [1mUbuntu 18.04.3 LTS[0m!

[    8.430890] systemd[1]: Set hostname to <ubuntu18>.
[    8.854898] systemd[1]: Created slice System Slice.
[[0;32m  OK  [0m] Created slice System Slice.
[    8.856490] systemd[1]: Set up automount Arbitrary Executable File Formats File System Automount Point.
[[0;32m  OK  [0m] Set up automount Arbitrary Executab…rmats File System Automount Point.
[    8.859296] systemd[1]: Created slice system-serial\x2dgetty.slice.
[[0;32m  OK  [0m] Created slice system-serial\x2dgetty.slice.
[    8.861134] systemd[1]: Listening on Journal Socket (/dev/log).
[[0;32m  OK  [0m] Listening on Journal Socket (/dev/log).
[    8.862831] systemd[1]: Reached target User and Group Name Lookups.
[[0;32m  OK  [0m] Reached target User and Group Name Lookups.
[    8.864852] systemd[1]: Created slice User and Session Slice.
[[0;32m  OK  [0m] Created slice User and Session Slice.
[[0;32m  OK  [0m] Listening on udev Control Socket.
[[0;32m  OK  [0m] Listening on Journal Socket.
         Starting Remount Root and Kernel File Systems...
         Mounting Huge Pages File System...
         Mounting POSIX Message Queue File System...
[[0;32m  OK  [0m] Listening on Device-mapper event daemon FIFOs.
[    8.891813] EXT4-fs (sda1): re-mounted. Opts: (null)
[[0;32m  OK  [0m] Listening on /dev/initctl Compatibility Named Pipe.
[[0;32m  OK  [0m] Listening on Journal Audit Socket.
         Starting Uncomplicated firewall...
         Starting Set the console keyboard layout...
[[0;32m  OK  [0m] Started Forward Password Requests to Wall Directory Watch.
[[0;32m  OK  [0m] Listening on udev Kernel Socket.
         Mounting Kernel Debug File System...
[[0;32m  OK  [0m] Listening on Network Service Netlink Socket.
[[0;32m  OK  [0m] Listening on Syslog Socket.
         Starting Journal Service...
         Starting Create list of required st…ce nodes for the current kernel...
         Starting udev Coldplug all Devices...
[[0;32m  OK  [0m] Listening on LVM2 metadata daemon socket.
         Starting Monitoring of LVM2 mirrors…ng dmeventd or progress polling...
[[0;32m  OK  [0m] Reached target Slices.
[[0;32m  OK  [0m] Reached target System Time Synchronized.
[[0;32m  OK  [0m] Listening on LVM2 poll daemon socket.
[[0;32m  OK  [0m] Reached target Swap.
         Starting Load Kernel Modules...
[[0;32m  OK  [0m] Started Remount Root and Kernel File Systems.
[[0;32m  OK  [0m] Mounted Huge Pages File System.
[[0;32m  OK  [0m] Mounted POSIX Message Queue File System.
[[0;32m  OK  [0m] Started Uncomplicated firewall.
[[0;32m  OK  [0m] Mounted Kernel Debug File System.
[[0;32m  OK  [0m] Started Create list of required sta…vice nodes for the current kernel.
[[0;32m  OK  [0m] Started LVM2 metadata daemon.
         Starting Create Static Device Nodes in /dev...
[    9.180424] Loading iSCSI transport class v2.0-870.
         Starting Load/Save Random Seed...
[[0;32m  OK  [0m] Started Journal Service.
         Starting Flush Journal to Persistent Storage...
[[0;32m  OK  [0m] Started udev Coldplug all Devices.
[[0;32m  OK  [0m] Started Create Static Device Nodes in /dev.
         Starting udev Kernel Device Manager...
[    9.224149] iscsi: registered transport (tcp)
[    9.239656] iscsi: registered transport (iser)
[[0;32m  OK  [0m] Started Load Kernel Modules.
         Mounting Kernel Configuration File System...
         Starting Apply Kernel Variables...
         Mounting FUSE Control File System...
[[0;32m  OK  [0m] Started Monitoring of LVM2 mirrors,…sing dmeventd or progress polling.
[[0;32m  OK  [0m] Started Load/Save Random Seed.
[[0;32m  OK  [0m] Mounted Kernel Configuration File System.
[[0;32m  OK  [0m] Mounted FUSE Control File System.
[    9.277838] systemd-journald[428]: Received request to flush runtime journal from PID 1
[[0;32m  OK  [0m] Started Apply Kernel Variables.
[[0;32m  OK  [0m] Started udev Kernel Device Manager.
[[0;32m  OK  [0m] Started Flush Journal to Persistent Storage.
[[0;32m  OK  [0m] Found device /dev/ttyS0.
[[0;32m  OK  [0m] Listening on Load/Save RF Kill Switch Status /dev/rfkill Watch.
[[0;32m  OK  [0m] Started Set the console keyboard layout.
[[0;32m  OK  [0m] Reached target Local File Systems (Pre).
[[0;32m  OK  [0m] Reached target Local File Systems.
         Starting Set console font and keymap...
         Starting Tell Plymouth To Write Out Runtime Data...
         Starting ebtables ruleset management...
         Starting AppArmor initialization...
         Starting Create Volatile Files and Directories...
[[0;32m  OK  [0m] Started Dispatch Password Requests to Console Directory Watch.
[[0;32m  OK  [0m] Reached target Local Encrypted Volumes.
[[0;32m  OK  [0m] Started Set console font and keymap.
[[0;32m  OK  [0m] Started Tell Plymouth To Write Out Runtime Data.
[[0;32m  OK  [0m] Started Create Volatile Files and Directories.
         Starting Update UTMP about System Boot/Shutdown...
[[0;32m  OK  [0m] Started Update UTMP about System Boot/Shutdown.
[[0;32m  OK  [0m] Started ebtables ruleset management.
[[0;32m  OK  [0m] Started AppArmor initialization.
         Starting Initial cloud-init job (pre-networking)...
[   11.335583] cloud-init[760]: Cloud-init v. 19.2-36-g059d049c-0ubuntu2~18.04.1 running 'init-local' at Thu, 21 Nov 2019 06:26:04 +0000. Up 11.12 seconds.
[[0;32m  OK  [0m] Started Initial cloud-init job (pre-networking).
[[0;32m  OK  [0m] Reached target Network (Pre).
         Starting Network Service...
[[0;32m  OK  [0m] Started Network Service.
         Starting Wait for Network to be Configured...
         Starting Network Name Resolution...
[[0;32m  OK  [0m] Started Network Name Resolution.
[[0;32m  OK  [0m] Reached target Host and Network Name Lookups.
[[0;32m  OK  [0m] Reached target Network.
[[0;32m  OK  [0m] Started Wait for Network to be Configured.
         Starting Initial cloud-init job (metadata service crawler)...
[   13.797691] cloud-init[880]: Cloud-init v. 19.2-36-g059d049c-0ubuntu2~18.04.1 running 'init' at Thu, 21 Nov 2019 06:26:07 +0000. Up 13.61 seconds.
[   13.808223] cloud-init[880]: ci-info: ++++++++++++++++++++++++++++++++++++++Net device info+++++++++++++++++++++++++++++++++++++++
[   13.808987] cloud-init[880]: ci-info: +--------+------+-----------------------------+---------------+--------+-------------------+
[   13.809833] cloud-init[880]: ci-info: | Device |  Up  |           Address           |      Mask     | Scope  |     Hw-Address    |
[   13.811121] cloud-init[880]: ci-info: +--------+------+-----------------------------+---------------+--------+-------------------+
[   13.812555] cloud-init[880]: ci-info: | enp0s3 | True |          10.0.2.15          | 255.255.255.0 | global | 02:00:53:70:0f:50 |
[   13.814138] cloud-init[880]: ci-info: | enp0s3 | True |    fe80::53ff:fe70:f50/64   |       .       |  link  | 02:00:53:70:0f:50 |
[   13.816345] cloud-init[880]: ci-info: | enp0s8 | True |       192.168.137.130       | 255.255.255.0 | global | 08:00:27:ce:bb:f6 |
[   13.817830] cloud-init[880]: ci-info: | enp0s8 | True | fe80::a00:27ff:fece:bbf6/64 |       .       |  link  | 08:00:27:ce:bb:f6 |
[   13.819325] cloud-init[880]: ci-info: |   lo   | True |          127.0.0.1          |   255.0.0.0   |  host  |         .         |
[   13.820634] cloud-init[880]: ci-info: |   lo   | True |           ::1/128           |       .       |  host  |         .         |
[   13.822098] cloud-init[880]: ci-info: +--------+------+-----------------------------+---------------+--------+-------------------+
[   13.823563] cloud-init[880]: ci-info: +++++++++++++++++++++++++++++Route IPv4 info++++++++++++++++++++++++++++++
[   13.824960] cloud-init[880]: ci-info: +-------+---------------+----------+-----------------+-----------+-------+
[   13.826263] cloud-init[880]: ci-info: | Route |  Destination  | Gateway  |     Genmask     | Interface | Flags |
[   13.836277] cloud-init[880]: ci-info: +-------+---------------+----------+-----------------+-----------+-------+
[   13.848520] cloud-init[880]: ci-info: |   0   |    0.0.0.0    | 10.0.2.2 |     0.0.0.0     |   enp0s3  |   UG  |
[   13.849516] cloud-init[880]: ci-info: |   1   |    10.0.2.0   | 0.0.0.0  |  255.255.255.0  |   enp0s3  |   U   |
[   13.851046] cloud-init[880]: ci-info: |   2   |    10.0.2.2   | 0.0.0.0  | 255.255.255.255 |   enp0s3  |   UH  |
[   13.851846] cloud-init[880]: ci-info: |   3   | 192.168.137.0 | 0.0.0.0  |  255.255.255.0  |   enp0s8  |   U   |
[   13.853238] cloud-init[880]: ci-info: +-------+---------------+----------+-----------------+-----------+-------+
[   13.854473] cloud-init[880]: ci-info: +++++++++++++++++++Route IPv6 info+++++++++++++++++++
[   13.855215] cloud-init[880]: ci-info: +-------+-------------+---------+-----------+-------+
[   13.856424] cloud-init[880]: ci-info: | Route | Destination | Gateway | Interface | Flags |
[   13.856886] cloud-init[880]: ci-info: +-------+-------------+---------+-----------+-------+
[   13.858006] cloud-init[880]: ci-info: |   1   |  fe80::/64  |    ::   |   enp0s8  |   U   |
[   13.859161] cloud-init[880]: ci-info: |   2   |  fe80::/64  |    ::   |   enp0s3  |   U   |
[   13.860348] cloud-init[880]: ci-info: |   4   |    local    |    ::   |   enp0s3  |   U   |
[   13.861528] cloud-init[880]: ci-info: |   5   |    local    |    ::   |   enp0s8  |   U   |
[   13.862604] cloud-init[880]: ci-info: |   6   |   ff00::/8  |    ::   |   enp0s8  |   U   |
[   13.863793] cloud-init[880]: ci-info: |   7   |   ff00::/8  |    ::   |   enp0s3  |   U   |
[   13.864928] cloud-init[880]: ci-info: +-------+-------------+---------+-----------+-------+
[[0;32m  OK  [0m] Started Initial cloud-init job (metadata service crawler).
[[0;32m  OK  [0m] Reached target Network is Online.
         Starting Availability of block devices...
[[0;32m  OK  [0m] Reached target Remote File Systems (Pre).
[[0;32m  OK  [0m] Reached target Remote File Systems.
[[0;32m  OK  [0m] Reached target Cloud-config availability.
[[0;32m  OK  [0m] Reached target System Initialization.
[[0;32m  OK  [0m] Listening on Open-iSCSI iscsid Socket.
[[0;32m  OK  [0m] Started Message of the Day.
         Starting Socket activation for snappy daemon.
[[0;32m  OK  [0m] Started Daily Cleanup of Temporary Directories.
[[0;32m  OK  [0m] Listening on ACPID Listen Socket.
[[0;32m  OK  [0m] Started ACPI Events Check.
[[0;32m  OK  [0m] Reached target Paths.
[[0;32m  OK  [0m] Listening on UUID daemon activation socket.
[[0;32m  OK  [0m] Started Daily apt download activities.
[[0;32m  OK  [0m] Started Daily apt upgrade and clean activities.
         Starting LXD - unix socket.
[[0;32m  OK  [0m] Started Discard unused blocks once a week.
[[0;32m  OK  [0m] Reached target Timers.
[[0;32m  OK  [0m] Listening on D-Bus System Message Bus Socket.
[[0;32m  OK  [0m] Started Availability of block devices.
[[0;32m  OK  [0m] Listening on Socket activation for snappy daemon.
[[0;32m  OK  [0m] Listening on LXD - unix socket.
[[0;32m  OK  [0m] Reached target Sockets.
[[0;32m  OK  [0m] Reached target Basic System.
[[0;32m  OK  [0m] Started Deferred execution scheduler.
         Starting Virtualbox guest utils...
[[0;32m  OK  [0m] Started irqbalance daemon.
[[0;32m  OK  [0m] Started FUSE filesystem for LXC.
         Starting Permit User Sessions...
[[0;32m  OK  [0m] Started Regular background program processing daemon.
         Starting LSB: Record successful boot for GRUB...
         Starting System Logging Service...
         Starting Login Service...
         Starting LSB: automatic crash report generation...
         Starting Accounts Service...
         Starting Snappy daemon...
[[0;32m  OK  [0m] Started D-Bus System Message Bus.
[[0;32m  OK  [0m] Started Login Service.
[[0;32m  OK  [0m] Started Unattended Upgrades Shutdown.
         Starting OpenBSD Secure Shell server...
         Starting LXD - container startup/shutdown...
         Starting Dispatcher daemon for systemd-networkd...
[[0;32m  OK  [0m] Started System Logging Service.
[[0;32m  OK  [0m] Started Permit User Sessions.
[[0;32m  OK  [0m] Started LXD - container startup/shutdown.
         Starting Authorization Manager...
         Starting Hold until boot process finishes up...
         Starting Terminate Plymouth Boot Screen...
[[0;32m  OK  [0m] Started Hold until boot process finishes up.
[[0;32m  OK  [0m] Started Terminate Plymouth Boot Screen.
         Starting Set console scheme...
[[0;32m  OK  [0m] Started Serial Getty on ttyS0.
[[0;32m  OK  [0m] Started LSB: Record successful boot for GRUB.
[[0;32m  OK  [0m] Started LSB: automatic crash report generation.
[[0;32m  OK  [0m] Started OpenBSD Secure Shell server.
[[0;32m  OK  [0m] Started Authorization Manager.
[[0;32m  OK  [0m] Started Accounts Service.
[[0;32m  OK  [0m] Started Set console scheme.
[[0;32m  OK  [0m] Started Virtualbox guest utils.
[[0;32m  OK  [0m] Started Dispatcher daemon for systemd-networkd.
[[0;32m  OK  [0m] Created slice system-getty.slice.
[[0;32m  OK  [0m] Started Getty on tty1.
[[0;32m  OK  [0m] Reached target Login Prompts.
[[0;32m  OK  [0m] Started Snappy daemon.
         Starting Wait until snapd is fully seeded...
[[0;32m  OK  [0m] Started Wait until snapd is fully seeded.
         Starting Apply the settings specified in cloud-config...
[[0;32m  OK  [0m] Reached target Multi-User System.
[[0;32m  OK  [0m] Reached target Graphical Interface.
         Starting Update UTMP about System Runlevel Changes...
[[0;32m  OK  [0m] Started Update UTMP about System Runlevel Changes.
[   15.420882] cloud-init[1389]: Cloud-init v. 19.2-36-g059d049c-0ubuntu2~18.04.1 running 'modules:config' at Thu, 21 Nov 2019 06:26:09 +0000. Up 15.31 seconds.
[[0;32m  OK  [0m] Started Apply the settings specified in cloud-config.
         Starting Execute cloud user/final scripts...
[   15.978209] cloud-init[1439]: Cloud-init v. 19.2-36-g059d049c-0ubuntu2~18.04.1 running 'modules:final' at Thu, 21 Nov 2019 06:26:09 +0000. Up 15.85 seconds.
[   15.979401] cloud-init[1439]: Cloud-init v. 19.2-36-g059d049c-0ubuntu2~18.04.1 finished at Thu, 21 Nov 2019 06:26:09 +0000. Datasource DataSourceNoCloud [seed=/dev/sdb][dsmode=net].  Up 15.97 seconds
[[0;32m  OK  [0m] Started Execute cloud user/final scripts.
[[0;32m  OK  [0m] Reached target Cloud-init target.

Ubuntu 18.04.3 LTS ubuntu18 ttyS0

ubuntu18 login: 